# JRE version: Java(TM) SE Runtime Environment (8.0_77-b03) (build 1.8.0_77-b03)
# Java VM: Java HotSpot(TM) 64-Bit Server VM (25.77-b03 mixed mode bsd-amd64 compressed oops)
Heap:
 PSYoungGen      total 156160K, used 52707K [0x00000007aab00000, 0x00000007b6300000, 0x00000007c0000000)
  eden space 125952K, 25% used [0x00000007aab00000,0x00000007ac9d7c98,0x00000007b2600000)
  from space 30208K, 69% used [0x00000007b4580000,0x00000007b5a21048,0x00000007b6300000)
  to   space 31232K, 0% used [0x00000007b2600000,0x00000007b2600000,0x00000007b4480000)
 ParOldGen       total 98304K, used 45397K [0x0000000780000000, 0x0000000786000000, 0x00000007aab00000)
  object space 98304K, 46% used [0x0000000780000000,0x0000000782c557f8,0x0000000786000000)
 Metaspace       used 22466K, capacity 22667K, committed 22912K, reserved 1069056K
  class space    used 2248K, capacity 2316K, committed 2432K, reserved 1048576K
GC Heap History (10 events):
Event: 33.866 GC heap before
{Heap before GC invocations=17 (full 1):
 PSYoungGen      total 135168K, used 124004K [0x00000007aab00000, 0x00000007b5980000, 0x00000007c0000000)
  eden space 102912K, 100% used [0x00000007aab00000,0x00000007b0f80000,0x00000007b0f80000)
  from space 32256K, 65% used [0x00000007b0f80000,0x00000007b2419048,0x00000007b2f00000)
  to   space 32256K, 0% used [0x00000007b3a00000,0x00000007b3a00000,0x00000007b5980000)
 ParOldGen       total 98304K, used 45389K [0x0000000780000000, 0x0000000786000000, 0x00000007aab00000)
  object space 98304K, 46% used [0x0000000780000000,0x0000000782c537f8,0x0000000786000000)
 Metaspace       used 22445K, capacity 22667K, committed 22912K, reserved 1069056K
  class space    used 2244K, capacity 2316K, committed 2432K, reserved 1048576K
Event: 33.887 GC heap after
Heap after GC invocations=17 (full 1):
 PSYoungGen      total 145920K, used 23204K [0x00000007aab00000, 0x00000007b5a80000, 0x00000007c0000000)
  eden space 113664K, 0% used [0x00000007aab00000,0x00000007aab00000,0x00000007b1a00000)
  from space 32256K, 71% used [0x00000007b3a00000,0x00000007b50a9068,0x00000007b5980000)
  to   space 32768K, 0% used [0x00000007b1a00000,0x00000007b1a00000,0x00000007b3a00000)
 ParOldGen       total 98304K, used 45389K [0x0000000780000000, 0x0000000786000000, 0x00000007aab00000)
  object space 98304K, 46% used [0x0000000780000000,0x0000000782c537f8,0x0000000786000000)
 Metaspace       used 22445K, capacity 22667K, committed 22912K, reserved 1069056K
  class space    used 2244K, capacity 2316K, committed 2432K, reserved 1048576K
}
Event: 36.812 GC heap before
{Heap before GC invocations=18 (full 1):
 PSYoungGen      total 145920K, used 136868K [0x00000007aab00000, 0x00000007b5a80000, 0x00000007c0000000)
  eden space 113664K, 100% used [0x00000007aab00000,0x00000007b1a00000,0x00000007b1a00000)
  from space 32256K, 71% used [0x00000007b3a00000,0x00000007b50a9068,0x00000007b5980000)
  to   space 32768K, 0% used [0x00000007b1a00000,0x00000007b1a00000,0x00000007b3a00000)
 ParOldGen       total 98304K, used 45389K [0x0000000780000000, 0x0000000786000000, 0x00000007aab00000)
  object space 98304K, 46% used [0x0000000780000000,0x0000000782c537f8,0x0000000786000000)
 Metaspace       used 22446K, capacity 22667K, committed 22912K, reserved 1069056K
  class space    used 2244K, capacity 2316K, committed 2432K, reserved 1048576K
Event: 36.826 GC heap after
Heap after GC invocations=18 (full 1):
 PSYoungGen      total 146432K, used 21092K [0x00000007aab00000, 0x00000007b6000000, 0x00000007c0000000)
  eden space 113664K, 0% used [0x00000007aab00000,0x00000007aab00000,0x00000007b1a00000)
  from space 32768K, 64% used [0x00000007b1a00000,0x00000007b2e99068,0x00000007b3a00000)
  to   space 32256K, 0% used [0x00000007b4080000,0x00000007b4080000,0x00000007b6000000)
 ParOldGen       total 98304K, used 45389K [0x0000000780000000, 0x0000000786000000, 0x00000007aab00000)
  object space 98304K, 46% used [0x0000000780000000,0x0000000782c537f8,0x0000000786000000)
 Metaspace       used 22446K, capacity 22667K, committed 22912K, reserved 1069056K
  class space    used 2244K, capacity 2316K, committed 2432K, reserved 1048576K
}
Event: 39.716 GC heap before
{Heap before GC invocations=19 (full 1):
 PSYoungGen      total 146432K, used 134756K [0x00000007aab00000, 0x00000007b6000000, 0x00000007c0000000)
  eden space 113664K, 100% used [0x00000007aab00000,0x00000007b1a00000,0x00000007b1a00000)
  from space 32768K, 64% used [0x00000007b1a00000,0x00000007b2e99068,0x00000007b3a00000)
  to   space 32256K, 0% used [0x00000007b4080000,0x00000007b4080000,0x00000007b6000000)
 ParOldGen       total 98304K, used 45389K [0x0000000780000000, 0x0000000786000000, 0x00000007aab00000)
  object space 98304K, 46% used [0x0000000780000000,0x0000000782c537f8,0x0000000786000000)
 Metaspace       used 22446K, capacity 22667K, committed 22912K, reserved 1069056K
  class space    used 2244K, capacity 2316K, committed 2432K, reserved 1048576K
Event: 39.728 GC heap after
Heap after GC invocations=19 (full 1):
 PSYoungGen      total 151040K, used 21108K [0x00000007aab00000, 0x00000007b5e80000, 0x00000007c0000000)
  eden space 120320K, 0% used [0x00000007aab00000,0x00000007aab00000,0x00000007b2080000)
  from space 30720K, 68% used [0x00000007b4080000,0x00000007b551d058,0x00000007b5e80000)
  to   space 31744K, 0% used [0x00000007b2080000,0x00000007b2080000,0x00000007b3f80000)
 ParOldGen       total 98304K, used 45389K [0x0000000780000000, 0x0000000786000000, 0x00000007aab00000)
  object space 98304K, 46% used [0x0000000780000000,0x0000000782c537f8,0x0000000786000000)
 Metaspace       used 22446K, capacity 22667K, committed 22912K, reserved 1069056K
  class space    used 2244K, capacity 2316K, committed 2432K, reserved 1048576K
}
Event: 43.039 GC heap before
{Heap before GC invocations=20 (full 1):
 PSYoungGen      total 151040K, used 141428K [0x00000007aab00000, 0x00000007b5e80000, 0x00000007c0000000)
  eden space 120320K, 100% used [0x00000007aab00000,0x00000007b2080000,0x00000007b2080000)
  from space 30720K, 68% used [0x00000007b4080000,0x00000007b551d058,0x00000007b5e80000)
  to   space 31744K, 0% used [0x00000007b2080000,0x00000007b2080000,0x00000007b3f80000)
 ParOldGen       total 98304K, used 45389K [0x0000000780000000, 0x0000000786000000, 0x00000007aab00000)
  object space 98304K, 46% used [0x0000000780000000,0x0000000782c537f8,0x0000000786000000)
 Metaspace       used 22446K, capacity 22667K, committed 22912K, reserved 1069056K
  class space    used 2244K, capacity 2316K, committed 2432K, reserved 1048576K
Event: 43.048 GC heap after
Heap after GC invocations=20 (full 1):
 PSYoungGen      total 152064K, used 21108K [0x00000007aab00000, 0x00000007b6480000, 0x00000007c0000000)
  eden space 120320K, 0% used [0x00000007aab00000,0x00000007aab00000,0x00000007b2080000)
  from space 31744K, 66% used [0x00000007b2080000,0x00000007b351d058,0x00000007b3f80000)
  to   space 31744K, 0% used [0x00000007b4580000,0x00000007b4580000,0x00000007b6480000)
 ParOldGen       total 98304K, used 45397K [0x0000000780000000, 0x0000000786000000, 0x00000007aab00000)
  object space 98304K, 46% used [0x0000000780000000,0x0000000782c557f8,0x0000000786000000)
 Metaspace       used 22446K, capacity 22667K, committed 22912K, reserved 1069056K
  class space    used 2244K, capacity 2316K, committed 2432K, reserved 1048576K
}
Event: 46.119 GC heap before
{Heap before GC invocations=21 (full 1):
 PSYoungGen      total 152064K, used 141428K [0x00000007aab00000, 0x00000007b6480000, 0x00000007c0000000)
  eden space 120320K, 100% used [0x00000007aab00000,0x00000007b2080000,0x00000007b2080000)
  from space 31744K, 66% used [0x00000007b2080000,0x00000007b351d058,0x00000007b3f80000)
  to   space 31744K, 0% used [0x00000007b4580000,0x00000007b4580000,0x00000007b6480000)
 ParOldGen       total 98304K, used 45397K [0x0000000780000000, 0x0000000786000000, 0x00000007aab00000)
  object space 98304K, 46% used [0x0000000780000000,0x0000000782c557f8,0x0000000786000000)
 Metaspace       used 22448K, capacity 22667K, committed 22912K, reserved 1069056K
  class space    used 2244K, capacity 2316K, committed 2432K, reserved 1048576K
Event: 46.132 GC heap after
Heap after GC invocations=21 (full 1):
 PSYoungGen      total 156160K, used 21124K [0x00000007aab00000, 0x00000007b6300000, 0x00000007c0000000)
  eden space 125952K, 0% used [0x00000007aab00000,0x00000007aab00000,0x00000007b2600000)
  from space 30208K, 69% used [0x00000007b4580000,0x00000007b5a21048,0x00000007b6300000)
  to   space 31232K, 0% used [0x00000007b2600000,0x00000007b2600000,0x00000007b4480000)
 ParOldGen       total 98304K, used 45397K [0x0000000780000000, 0x0000000786000000, 0x00000007aab00000)
  object space 98304K, 46% used [0x0000000780000000,0x0000000782c557f8,0x0000000786000000)
 Metaspace       used 22448K, capacity 22667K, committed 22912K, reserved 1069056K
  class space    used 2244K, capacity 2316K, committed 2432K, reserved 1048576K
}

