# JRE version: Java(TM) SE Runtime Environment (8.0_77-b03) (build 1.8.0_77-b03)
# Java VM: Java HotSpot(TM) 64-Bit Server VM (25.77-b03 mixed mode bsd-amd64 compressed oops)
Heap:
 PSYoungGen      total 32256K, used 9466K [0x00000007aab00000, 0x00000007af600000, 0x00000007c0000000)
  eden space 30720K, 30% used [0x00000007aab00000,0x00000007ab43e928,0x00000007ac900000)
  from space 1536K, 0% used [0x00000007ae280000,0x00000007ae280000,0x00000007ae400000)
  to   space 11264K, 0% used [0x00000007aeb00000,0x00000007aeb00000,0x00000007af600000)
 ParOldGen       total 48128K, used 17118K [0x0000000780000000, 0x0000000782f00000, 0x00000007aab00000)
  object space 48128K, 35% used [0x0000000780000000,0x00000007810b7bd8,0x0000000782f00000)
 Metaspace       used 20947K, capacity 21151K, committed 21552K, reserved 1069056K
  class space    used 2043K, capacity 2112K, committed 2176K, reserved 1048576K
GC Heap History (10 events):
Event: 3.953 GC heap before
{Heap before GC invocations=4 (full 0):
 PSYoungGen      total 18944K, used 18928K [0x00000007aab00000, 0x00000007ad000000, 0x00000007c0000000)
  eden space 16384K, 100% used [0x00000007aab00000,0x00000007abb00000,0x00000007abb00000)
  from space 2560K, 99% used [0x00000007abb00000,0x00000007abd7c050,0x00000007abd80000)
  to   space 2560K, 0% used [0x00000007acd80000,0x00000007acd80000,0x00000007ad000000)
 ParOldGen       total 44032K, used 6638K [0x0000000780000000, 0x0000000782b00000, 0x00000007aab00000)
  object space 44032K, 15% used [0x0000000780000000,0x000000078067b978,0x0000000782b00000)
 Metaspace       used 19674K, capacity 19855K, committed 19968K, reserved 1067008K
  class space    used 1991K, capacity 2046K, committed 2048K, reserved 1048576K
Event: 3.966 GC heap after
Heap after GC invocations=4 (full 0):
 PSYoungGen      total 35328K, used 2544K [0x00000007aab00000, 0x00000007ad000000, 0x00000007c0000000)
  eden space 32768K, 0% used [0x00000007aab00000,0x00000007aab00000,0x00000007acb00000)
  from space 2560K, 99% used [0x00000007acd80000,0x00000007acffc050,0x00000007ad000000)
  to   space 2560K, 0% used [0x00000007acb00000,0x00000007acb00000,0x00000007acd80000)
 ParOldGen       total 44032K, used 14509K [0x0000000780000000, 0x0000000782b00000, 0x00000007aab00000)
  object space 44032K, 32% used [0x0000000780000000,0x0000000780e2b798,0x0000000782b00000)
 Metaspace       used 19674K, capacity 19855K, committed 19968K, reserved 1067008K
  class space    used 1991K, capacity 2046K, committed 2048K, reserved 1048576K
}
Event: 5.582 GC heap before
{Heap before GC invocations=5 (full 0):
 PSYoungGen      total 35328K, used 35312K [0x00000007aab00000, 0x00000007ad000000, 0x00000007c0000000)
  eden space 32768K, 100% used [0x00000007aab00000,0x00000007acb00000,0x00000007acb00000)
  from space 2560K, 99% used [0x00000007acd80000,0x00000007acffc050,0x00000007ad000000)
  to   space 2560K, 0% used [0x00000007acb00000,0x00000007acb00000,0x00000007acd80000)
 ParOldGen       total 44032K, used 14509K [0x0000000780000000, 0x0000000782b00000, 0x00000007aab00000)
  object space 44032K, 32% used [0x0000000780000000,0x0000000780e2b798,0x0000000782b00000)
 Metaspace       used 20505K, capacity 20697K, committed 20864K, reserved 1069056K
  class space    used 2034K, capacity 2111K, committed 2176K, reserved 1048576K
Event: 5.590 GC heap after
Heap after GC invocations=5 (full 0):
 PSYoungGen      total 35328K, used 2544K [0x00000007aab00000, 0x00000007b0000000, 0x00000007c0000000)
  eden space 32768K, 0% used [0x00000007aab00000,0x00000007aab00000,0x00000007acb00000)
  from space 2560K, 99% used [0x00000007acb00000,0x00000007acd7c070,0x00000007acd80000)
  to   space 10752K, 0% used [0x00000007af580000,0x00000007af580000,0x00000007b0000000)
 ParOldGen       total 44032K, used 18967K [0x0000000780000000, 0x0000000782b00000, 0x00000007aab00000)
  object space 44032K, 43% used [0x0000000780000000,0x0000000781285f78,0x0000000782b00000)
 Metaspace       used 20505K, capacity 20697K, committed 20864K, reserved 1069056K
  class space    used 2034K, capacity 2111K, committed 2176K, reserved 1048576K
}
Event: 8.531 GC heap before
{Heap before GC invocations=6 (full 0):
 PSYoungGen      total 35328K, used 35312K [0x00000007aab00000, 0x00000007b0000000, 0x00000007c0000000)
  eden space 32768K, 100% used [0x00000007aab00000,0x00000007acb00000,0x00000007acb00000)
  from space 2560K, 99% used [0x00000007acb00000,0x00000007acd7c070,0x00000007acd80000)
  to   space 10752K, 0% used [0x00000007af580000,0x00000007af580000,0x00000007b0000000)
 ParOldGen       total 44032K, used 18967K [0x0000000780000000, 0x0000000782b00000, 0x00000007aab00000)
  object space 44032K, 43% used [0x0000000780000000,0x0000000781285f78,0x0000000782b00000)
 Metaspace       used 20720K, capacity 20959K, committed 21120K, reserved 1069056K
  class space    used 2035K, capacity 2112K, committed 2176K, reserved 1048576K
Event: 8.541 GC heap after
Heap after GC invocations=6 (full 0):
 PSYoungGen      total 34816K, used 2624K [0x00000007aab00000, 0x00000007af880000, 0x00000007c0000000)
  eden space 31744K, 0% used [0x00000007aab00000,0x00000007aab00000,0x00000007aca00000)
  from space 3072K, 85% used [0x00000007af580000,0x00000007af8100a0,0x00000007af880000)
  to   space 11264K, 0% used [0x00000007ae280000,0x00000007ae280000,0x00000007aed80000)
 ParOldGen       total 44032K, used 18975K [0x0000000780000000, 0x0000000782b00000, 0x00000007aab00000)
  object space 44032K, 43% used [0x0000000780000000,0x0000000781287f78,0x0000000782b00000)
 Metaspace       used 20720K, capacity 20959K, committed 21120K, reserved 1069056K
  class space    used 2035K, capacity 2112K, committed 2176K, reserved 1048576K
}
Event: 11.315 GC heap before
{Heap before GC invocations=7 (full 0):
 PSYoungGen      total 34816K, used 21204K [0x00000007aab00000, 0x00000007af880000, 0x00000007c0000000)
  eden space 31744K, 58% used [0x00000007aab00000,0x00000007abd25038,0x00000007aca00000)
  from space 3072K, 85% used [0x00000007af580000,0x00000007af8100a0,0x00000007af880000)
  to   space 11264K, 0% used [0x00000007ae280000,0x00000007ae280000,0x00000007aed80000)
 ParOldGen       total 44032K, used 18975K [0x0000000780000000, 0x0000000782b00000, 0x00000007aab00000)
  object space 44032K, 43% used [0x0000000780000000,0x0000000781287f78,0x0000000782b00000)
 Metaspace       used 20904K, capacity 21087K, committed 21296K, reserved 1069056K
  class space    used 2036K, capacity 2112K, committed 2176K, reserved 1048576K
Event: 11.326 GC heap after
Heap after GC invocations=7 (full 0):
 PSYoungGen      total 32256K, used 1440K [0x00000007aab00000, 0x00000007af600000, 0x00000007c0000000)
  eden space 30720K, 0% used [0x00000007aab00000,0x00000007aab00000,0x00000007ac900000)
  from space 1536K, 93% used [0x00000007ae280000,0x00000007ae3e8060,0x00000007ae400000)
  to   space 11264K, 0% used [0x00000007aeb00000,0x00000007aeb00000,0x00000007af600000)
 ParOldGen       total 44032K, used 20149K [0x0000000780000000, 0x0000000782b00000, 0x00000007aab00000)
  object space 44032K, 45% used [0x0000000780000000,0x00000007813ad5c0,0x0000000782b00000)
 Metaspace       used 20904K, capacity 21087K, committed 21296K, reserved 1069056K
  class space    used 2036K, capacity 2112K, committed 2176K, reserved 1048576K
}
Event: 11.326 GC heap before
{Heap before GC invocations=8 (full 1):
 PSYoungGen      total 32256K, used 1440K [0x00000007aab00000, 0x00000007af600000, 0x00000007c0000000)
  eden space 30720K, 0% used [0x00000007aab00000,0x00000007aab00000,0x00000007ac900000)
  from space 1536K, 93% used [0x00000007ae280000,0x00000007ae3e8060,0x00000007ae400000)
  to   space 11264K, 0% used [0x00000007aeb00000,0x00000007aeb00000,0x00000007af600000)
 ParOldGen       total 44032K, used 20149K [0x0000000780000000, 0x0000000782b00000, 0x00000007aab00000)
  object space 44032K, 45% used [0x0000000780000000,0x00000007813ad5c0,0x0000000782b00000)
 Metaspace       used 20904K, capacity 21087K, committed 21296K, reserved 1069056K
  class space    used 2036K, capacity 2112K, committed 2176K, reserved 1048576K
Event: 11.373 GC heap after
Heap after GC invocations=8 (full 1):
 PSYoungGen      total 32256K, used 0K [0x00000007aab00000, 0x00000007af600000, 0x00000007c0000000)
  eden space 30720K, 0% used [0x00000007aab00000,0x00000007aab00000,0x00000007ac900000)
  from space 1536K, 0% used [0x00000007ae280000,0x00000007ae280000,0x00000007ae400000)
  to   space 11264K, 0% used [0x00000007aeb00000,0x00000007aeb00000,0x00000007af600000)
 ParOldGen       total 48128K, used 17118K [0x0000000780000000, 0x0000000782f00000, 0x00000007aab00000)
  object space 48128K, 35% used [0x0000000780000000,0x00000007810b7bd8,0x0000000782f00000)
 Metaspace       used 20904K, capacity 21087K, committed 21296K, reserved 1069056K
  class space    used 2036K, capacity 2112K, committed 2176K, reserved 1048576K
}

