# JRE version: Java(TM) SE Runtime Environment (8.0_77-b03) (build 1.8.0_77-b03)
# Java VM: Java HotSpot(TM) 64-Bit Server VM (25.77-b03 mixed mode bsd-amd64 compressed oops)
Heap:
 PSYoungGen      total 46592K, used 1570K [0x00000007aab00000, 0x00000007ae600000, 0x00000007c0000000)
  eden space 34816K, 4% used [0x00000007aab00000,0x00000007aac70a80,0x00000007acd00000)
  from space 11776K, 0% used [0x00000007ada80000,0x00000007ada98000,0x00000007ae600000)
  to   space 12800K, 0% used [0x00000007acd00000,0x00000007acd00000,0x00000007ad980000)
 ParOldGen       total 102912K, used 73783K [0x0000000780000000, 0x0000000786480000, 0x00000007aab00000)
  object space 102912K, 71% used [0x0000000780000000,0x000000078480df28,0x0000000786480000)
 Metaspace       used 21473K, capacity 21659K, committed 22064K, reserved 1069056K
  class space    used 2048K, capacity 2112K, committed 2176K, reserved 1048576K
GC Heap History (10 events):
Event: 537.289 GC heap before
{Heap before GC invocations=239 (full 3):
 PSYoungGen      total 41472K, used 27648K [0x00000007aab00000, 0x00000007ae600000, 0x00000007c0000000)
  eden space 27648K, 100% used [0x00000007aab00000,0x00000007ac600000,0x00000007ac600000)
  from space 13824K, 0% used [0x00000007ac600000,0x00000007ac600000,0x00000007ad380000)
  to   space 13824K, 0% used [0x00000007ad880000,0x00000007ad880000,0x00000007ae600000)
 ParOldGen       total 102912K, used 69287K [0x0000000780000000, 0x0000000786480000, 0x00000007aab00000)
  object space 102912K, 67% used [0x0000000780000000,0x00000007843a9e18,0x0000000786480000)
 Metaspace       used 21413K, capacity 21595K, committed 21808K, reserved 1069056K
  class space    used 2040K, capacity 2112K, committed 2176K, reserved 1048576K
Event: 537.291 GC heap after
Heap after GC invocations=239 (full 3):
 PSYoungGen      total 45568K, used 1376K [0x00000007aab00000, 0x00000007ae580000, 0x00000007c0000000)
  eden space 32256K, 0% used [0x00000007aab00000,0x00000007aab00000,0x00000007aca80000)
  from space 13312K, 10% used [0x00000007ad880000,0x00000007ad9d8050,0x00000007ae580000)
  to   space 13824K, 0% used [0x00000007aca80000,0x00000007aca80000,0x00000007ad800000)
 ParOldGen       total 102912K, used 69295K [0x0000000780000000, 0x0000000786480000, 0x00000007aab00000)
  object space 102912K, 67% used [0x0000000780000000,0x00000007843abe18,0x0000000786480000)
 Metaspace       used 21413K, capacity 21595K, committed 21808K, reserved 1069056K
  class space    used 2040K, capacity 2112K, committed 2176K, reserved 1048576K
}
Event: 540.955 GC heap before
{Heap before GC invocations=240 (full 3):
 PSYoungGen      total 45568K, used 33632K [0x00000007aab00000, 0x00000007ae580000, 0x00000007c0000000)
  eden space 32256K, 100% used [0x00000007aab00000,0x00000007aca80000,0x00000007aca80000)
  from space 13312K, 10% used [0x00000007ad880000,0x00000007ad9d8050,0x00000007ae580000)
  to   space 13824K, 0% used [0x00000007aca80000,0x00000007aca80000,0x00000007ad800000)
 ParOldGen       total 102912K, used 69295K [0x0000000780000000, 0x0000000786480000, 0x00000007aab00000)
  object space 102912K, 67% used [0x0000000780000000,0x00000007843abe18,0x0000000786480000)
 Metaspace       used 21425K, capacity 21659K, committed 22064K, reserved 1069056K
  class space    used 2040K, capacity 2112K, committed 2176K, reserved 1048576K
Event: 540.959 GC heap after
Heap after GC invocations=240 (full 3):
 PSYoungGen      total 46080K, used 2464K [0x00000007aab00000, 0x00000007ae900000, 0x00000007c0000000)
  eden space 32256K, 0% used [0x00000007aab00000,0x00000007aab00000,0x00000007aca80000)
  from space 13824K, 17% used [0x00000007aca80000,0x00000007acce8090,0x00000007ad800000)
  to   space 13312K, 0% used [0x00000007adc00000,0x00000007adc00000,0x00000007ae900000)
 ParOldGen       total 102912K, used 70615K [0x0000000780000000, 0x0000000786480000, 0x00000007aab00000)
  object space 102912K, 68% used [0x0000000780000000,0x00000007844f5e68,0x0000000786480000)
 Metaspace       used 21425K, capacity 21659K, committed 22064K, reserved 1069056K
  class space    used 2040K, capacity 2112K, committed 2176K, reserved 1048576K
}
Event: 545.415 GC heap before
{Heap before GC invocations=241 (full 3):
 PSYoungGen      total 46080K, used 34720K [0x00000007aab00000, 0x00000007ae900000, 0x00000007c0000000)
  eden space 32256K, 100% used [0x00000007aab00000,0x00000007aca80000,0x00000007aca80000)
  from space 13824K, 17% used [0x00000007aca80000,0x00000007acce8090,0x00000007ad800000)
  to   space 13312K, 0% used [0x00000007adc00000,0x00000007adc00000,0x00000007ae900000)
 ParOldGen       total 102912K, used 70615K [0x0000000780000000, 0x0000000786480000, 0x00000007aab00000)
  object space 102912K, 68% used [0x0000000780000000,0x00000007844f5e68,0x0000000786480000)
 Metaspace       used 21430K, capacity 21659K, committed 22064K, reserved 1069056K
  class space    used 2040K, capacity 2112K, committed 2176K, reserved 1048576K
Event: 545.417 GC heap after
Heap after GC invocations=241 (full 3):
 PSYoungGen      total 49152K, used 672K [0x00000007aab00000, 0x00000007ae880000, 0x00000007c0000000)
  eden space 36352K, 0% used [0x00000007aab00000,0x00000007aab00000,0x00000007ace80000)
  from space 12800K, 5% used [0x00000007adc00000,0x00000007adca8020,0x00000007ae880000)
  to   space 13312K, 0% used [0x00000007ace80000,0x00000007ace80000,0x00000007adb80000)
 ParOldGen       total 102912K, used 72959K [0x0000000780000000, 0x0000000786480000, 0x00000007aab00000)
  object space 102912K, 70% used [0x0000000780000000,0x000000078473fef8,0x0000000786480000)
 Metaspace       used 21430K, capacity 21659K, committed 22064K, reserved 1069056K
  class space    used 2040K, capacity 2112K, committed 2176K, reserved 1048576K
}
Event: 550.105 GC heap before
{Heap before GC invocations=242 (full 3):
 PSYoungGen      total 49152K, used 37024K [0x00000007aab00000, 0x00000007ae880000, 0x00000007c0000000)
  eden space 36352K, 100% used [0x00000007aab00000,0x00000007ace80000,0x00000007ace80000)
  from space 12800K, 5% used [0x00000007adc00000,0x00000007adca8020,0x00000007ae880000)
  to   space 13312K, 0% used [0x00000007ace80000,0x00000007ace80000,0x00000007adb80000)
 ParOldGen       total 102912K, used 72959K [0x0000000780000000, 0x0000000786480000, 0x00000007aab00000)
  object space 102912K, 70% used [0x0000000780000000,0x000000078473fef8,0x0000000786480000)
 Metaspace       used 21434K, capacity 21659K, committed 22064K, reserved 1069056K
  class space    used 2040K, capacity 2112K, committed 2176K, reserved 1048576K
Event: 550.107 GC heap after
Heap after GC invocations=242 (full 3):
 PSYoungGen      total 35840K, used 400K [0x00000007aab00000, 0x00000007ae780000, 0x00000007c0000000)
  eden space 35328K, 0% used [0x00000007aab00000,0x00000007aab00000,0x00000007acd80000)
  from space 512K, 78% used [0x00000007ace80000,0x00000007acee4020,0x00000007acf00000)
  to   space 13312K, 0% used [0x00000007ada80000,0x00000007ada80000,0x00000007ae780000)
 ParOldGen       total 102912K, used 73503K [0x0000000780000000, 0x0000000786480000, 0x00000007aab00000)
  object space 102912K, 71% used [0x0000000780000000,0x00000007847c7f18,0x0000000786480000)
 Metaspace       used 21434K, capacity 21659K, committed 22064K, reserved 1069056K
  class space    used 2040K, capacity 2112K, committed 2176K, reserved 1048576K
}
Event: 555.438 GC heap before
{Heap before GC invocations=243 (full 3):
 PSYoungGen      total 35840K, used 35728K [0x00000007aab00000, 0x00000007ae780000, 0x00000007c0000000)
  eden space 35328K, 100% used [0x00000007aab00000,0x00000007acd80000,0x00000007acd80000)
  from space 512K, 78% used [0x00000007ace80000,0x00000007acee4020,0x00000007acf00000)
  to   space 13312K, 0% used [0x00000007ada80000,0x00000007ada80000,0x00000007ae780000)
 ParOldGen       total 102912K, used 73503K [0x0000000780000000, 0x0000000786480000, 0x00000007aab00000)
  object space 102912K, 71% used [0x0000000780000000,0x00000007847c7f18,0x0000000786480000)
 Metaspace       used 21441K, capacity 21659K, committed 22064K, reserved 1069056K
  class space    used 2041K, capacity 2112K, committed 2176K, reserved 1048576K
Event: 555.440 GC heap after
Heap after GC invocations=243 (full 3):
 PSYoungGen      total 46592K, used 96K [0x00000007aab00000, 0x00000007ae600000, 0x00000007c0000000)
  eden space 34816K, 0% used [0x00000007aab00000,0x00000007aab00000,0x00000007acd00000)
  from space 11776K, 0% used [0x00000007ada80000,0x00000007ada98000,0x00000007ae600000)
  to   space 12800K, 0% used [0x00000007acd00000,0x00000007acd00000,0x00000007ad980000)
 ParOldGen       total 102912K, used 73783K [0x0000000780000000, 0x0000000786480000, 0x00000007aab00000)
  object space 102912K, 71% used [0x0000000780000000,0x000000078480df28,0x0000000786480000)
 Metaspace       used 21441K, capacity 21659K, committed 22064K, reserved 1069056K
  class space    used 2041K, capacity 2112K, committed 2176K, reserved 1048576K
}

