# JRE version: Java(TM) SE Runtime Environment (8.0_77-b03) (build 1.8.0_77-b03)
# Java VM: Java HotSpot(TM) 64-Bit Server VM (25.77-b03 mixed mode bsd-amd64 compressed oops)
Heap:
 PSYoungGen      total 31232K, used 20626K [0x00000007aab00000, 0x00000007aec80000, 0x00000007c0000000)
  eden space 30208K, 68% used [0x00000007aab00000,0x00000007abf24b20,0x00000007ac880000)
  from space 1024K, 0% used [0x00000007aeb80000,0x00000007aeb80000,0x00000007aec80000)
  to   space 12288K, 0% used [0x00000007ad480000,0x00000007ad480000,0x00000007ae080000)
 ParOldGen       total 48128K, used 16986K [0x0000000780000000, 0x0000000782f00000, 0x00000007aab00000)
  object space 48128K, 35% used [0x0000000780000000,0x0000000781096b70,0x0000000782f00000)
 Metaspace       used 20992K, capacity 21215K, committed 21552K, reserved 1069056K
  class space    used 2038K, capacity 2112K, committed 2176K, reserved 1048576K
GC Heap History (10 events):
Event: 10.778 GC heap before
{Heap before GC invocations=5 (full 0):
 PSYoungGen      total 35328K, used 35312K [0x00000007aab00000, 0x00000007ad000000, 0x00000007c0000000)
  eden space 32768K, 100% used [0x00000007aab00000,0x00000007acb00000,0x00000007acb00000)
  from space 2560K, 99% used [0x00000007acd80000,0x00000007acffc030,0x00000007ad000000)
  to   space 2560K, 0% used [0x00000007acb00000,0x00000007acb00000,0x00000007acd80000)
 ParOldGen       total 44032K, used 15455K [0x0000000780000000, 0x0000000782b00000, 0x00000007aab00000)
  object space 44032K, 35% used [0x0000000780000000,0x0000000780f17f10,0x0000000782b00000)
 Metaspace       used 20355K, capacity 20537K, committed 20864K, reserved 1069056K
  class space    used 2011K, capacity 2079K, committed 2176K, reserved 1048576K
Event: 10.791 GC heap after
Heap after GC invocations=5 (full 0):
 PSYoungGen      total 35328K, used 2545K [0x00000007aab00000, 0x00000007b0200000, 0x00000007c0000000)
  eden space 32768K, 0% used [0x00000007aab00000,0x00000007aab00000,0x00000007acb00000)
  from space 2560K, 99% used [0x00000007acb00000,0x00000007acd7c780,0x00000007acd80000)
  to   space 11776K, 0% used [0x00000007af680000,0x00000007af680000,0x00000007b0200000)
 ParOldGen       total 44032K, used 20115K [0x0000000780000000, 0x0000000782b00000, 0x00000007aab00000)
  object space 44032K, 45% used [0x0000000780000000,0x00000007813a4f00,0x0000000782b00000)
 Metaspace       used 20355K, capacity 20537K, committed 20864K, reserved 1069056K
  class space    used 2011K, capacity 2079K, committed 2176K, reserved 1048576K
}
Event: 15.360 GC heap before
{Heap before GC invocations=6 (full 0):
 PSYoungGen      total 35328K, used 35313K [0x00000007aab00000, 0x00000007b0200000, 0x00000007c0000000)
  eden space 32768K, 100% used [0x00000007aab00000,0x00000007acb00000,0x00000007acb00000)
  from space 2560K, 99% used [0x00000007acb00000,0x00000007acd7c780,0x00000007acd80000)
  to   space 11776K, 0% used [0x00000007af680000,0x00000007af680000,0x00000007b0200000)
 ParOldGen       total 44032K, used 20115K [0x0000000780000000, 0x0000000782b00000, 0x00000007aab00000)
  object space 44032K, 45% used [0x0000000780000000,0x00000007813a4f00,0x0000000782b00000)
 Metaspace       used 20658K, capacity 20857K, committed 21120K, reserved 1069056K
  class space    used 2011K, capacity 2079K, committed 2176K, reserved 1048576K
Event: 15.373 GC heap after
Heap after GC invocations=6 (full 0):
 PSYoungGen      total 34816K, used 2641K [0x00000007aab00000, 0x00000007af980000, 0x00000007c0000000)
  eden space 31744K, 0% used [0x00000007aab00000,0x00000007aab00000,0x00000007aca00000)
  from space 3072K, 85% used [0x00000007af680000,0x00000007af9147a0,0x00000007af980000)
  to   space 11776K, 0% used [0x00000007ae280000,0x00000007ae280000,0x00000007aee00000)
 ParOldGen       total 44032K, used 20115K [0x0000000780000000, 0x0000000782b00000, 0x00000007aab00000)
  object space 44032K, 45% used [0x0000000780000000,0x00000007813a4f00,0x0000000782b00000)
 Metaspace       used 20658K, capacity 20857K, committed 21120K, reserved 1069056K
  class space    used 2011K, capacity 2079K, committed 2176K, reserved 1048576K
}
Event: 19.711 GC heap before
{Heap before GC invocations=7 (full 0):
 PSYoungGen      total 34816K, used 34385K [0x00000007aab00000, 0x00000007af980000, 0x00000007c0000000)
  eden space 31744K, 100% used [0x00000007aab00000,0x00000007aca00000,0x00000007aca00000)
  from space 3072K, 85% used [0x00000007af680000,0x00000007af9147a0,0x00000007af980000)
  to   space 11776K, 0% used [0x00000007ae280000,0x00000007ae280000,0x00000007aee00000)
 ParOldGen       total 44032K, used 20115K [0x0000000780000000, 0x0000000782b00000, 0x00000007aab00000)
  object space 44032K, 45% used [0x0000000780000000,0x00000007813a4f00,0x0000000782b00000)
 Metaspace       used 20785K, capacity 20985K, committed 21296K, reserved 1069056K
  class space    used 2011K, capacity 2079K, committed 2176K, reserved 1048576K
Event: 19.727 GC heap after
Heap after GC invocations=7 (full 0):
 PSYoungGen      total 32768K, used 1633K [0x00000007aab00000, 0x00000007af700000, 0x00000007c0000000)
  eden space 30720K, 0% used [0x00000007aab00000,0x00000007aab00000,0x00000007ac900000)
  from space 2048K, 79% used [0x00000007ae280000,0x00000007ae418770,0x00000007ae480000)
  to   space 11776K, 0% used [0x00000007aeb80000,0x00000007aeb80000,0x00000007af700000)
 ParOldGen       total 44032K, used 21083K [0x0000000780000000, 0x0000000782b00000, 0x00000007aab00000)
  object space 44032K, 47% used [0x0000000780000000,0x0000000781496f70,0x0000000782b00000)
 Metaspace       used 20785K, capacity 20985K, committed 21296K, reserved 1069056K
  class space    used 2011K, capacity 2079K, committed 2176K, reserved 1048576K
}
Event: 21.350 GC heap before
{Heap before GC invocations=8 (full 0):
 PSYoungGen      total 32768K, used 13193K [0x00000007aab00000, 0x00000007af700000, 0x00000007c0000000)
  eden space 30720K, 37% used [0x00000007aab00000,0x00000007ab649ef0,0x00000007ac900000)
  from space 2048K, 79% used [0x00000007ae280000,0x00000007ae418770,0x00000007ae480000)
  to   space 11776K, 0% used [0x00000007aeb80000,0x00000007aeb80000,0x00000007af700000)
 ParOldGen       total 44032K, used 21083K [0x0000000780000000, 0x0000000782b00000, 0x00000007aab00000)
  object space 44032K, 47% used [0x0000000780000000,0x0000000781496f70,0x0000000782b00000)
 Metaspace       used 20922K, capacity 21049K, committed 21296K, reserved 1069056K
  class space    used 2027K, capacity 2079K, committed 2176K, reserved 1048576K
Event: 21.357 GC heap after
Heap after GC invocations=8 (full 0):
 PSYoungGen      total 31232K, used 544K [0x00000007aab00000, 0x00000007aec80000, 0x00000007c0000000)
  eden space 30208K, 0% used [0x00000007aab00000,0x00000007aab00000,0x00000007ac880000)
  from space 1024K, 53% used [0x00000007aeb80000,0x00000007aec08010,0x00000007aec80000)
  to   space 12288K, 0% used [0x00000007ad480000,0x00000007ad480000,0x00000007ae080000)
 ParOldGen       total 44032K, used 22238K [0x0000000780000000, 0x0000000782b00000, 0x00000007aab00000)
  object space 44032K, 50% used [0x0000000780000000,0x00000007815b79d0,0x0000000782b00000)
 Metaspace       used 20922K, capacity 21049K, committed 21296K, reserved 1069056K
  class space    used 2027K, capacity 2079K, committed 2176K, reserved 1048576K
}
Event: 21.357 GC heap before
{Heap before GC invocations=9 (full 1):
 PSYoungGen      total 31232K, used 544K [0x00000007aab00000, 0x00000007aec80000, 0x00000007c0000000)
  eden space 30208K, 0% used [0x00000007aab00000,0x00000007aab00000,0x00000007ac880000)
  from space 1024K, 53% used [0x00000007aeb80000,0x00000007aec08010,0x00000007aec80000)
  to   space 12288K, 0% used [0x00000007ad480000,0x00000007ad480000,0x00000007ae080000)
 ParOldGen       total 44032K, used 22238K [0x0000000780000000, 0x0000000782b00000, 0x00000007aab00000)
  object space 44032K, 50% used [0x0000000780000000,0x00000007815b79d0,0x0000000782b00000)
 Metaspace       used 20922K, capacity 21049K, committed 21296K, reserved 1069056K
  class space    used 2027K, capacity 2079K, committed 2176K, reserved 1048576K
Event: 21.444 GC heap after
Heap after GC invocations=9 (full 1):
 PSYoungGen      total 31232K, used 0K [0x00000007aab00000, 0x00000007aec80000, 0x00000007c0000000)
  eden space 30208K, 0% used [0x00000007aab00000,0x00000007aab00000,0x00000007ac880000)
  from space 1024K, 0% used [0x00000007aeb80000,0x00000007aeb80000,0x00000007aec80000)
  to   space 12288K, 0% used [0x00000007ad480000,0x00000007ad480000,0x00000007ae080000)
 ParOldGen       total 48128K, used 16986K [0x0000000780000000, 0x0000000782f00000, 0x00000007aab00000)
  object space 48128K, 35% used [0x0000000780000000,0x0000000781096b70,0x0000000782f00000)
 Metaspace       used 20922K, capacity 21049K, committed 21296K, reserved 1069056K
  class space    used 2027K, capacity 2079K, committed 2176K, reserved 1048576K
}

