# JRE version: Java(TM) SE Runtime Environment (8.0_77-b03) (build 1.8.0_77-b03)
# Java VM: Java HotSpot(TM) 64-Bit Server VM (25.77-b03 mixed mode bsd-amd64 compressed oops)
Heap:
 PSYoungGen      total 97792K, used 37279K [0x00000007aab00000, 0x00000007b1b00000, 0x00000007c0000000)
  eden space 84992K, 30% used [0x00000007aab00000,0x00000007ac4b7d10,0x00000007afe00000)
  from space 12800K, 85% used [0x00000007b0e80000,0x00000007b19302a0,0x00000007b1b00000)
  to   space 14848K, 0% used [0x00000007afe00000,0x00000007afe00000,0x00000007b0c80000)
 ParOldGen       total 59904K, used 31344K [0x0000000780000000, 0x0000000783a80000, 0x00000007aab00000)
  object space 59904K, 52% used [0x0000000780000000,0x0000000781e9c358,0x0000000783a80000)
 Metaspace       used 21281K, capacity 21467K, committed 21808K, reserved 1069056K
  class space    used 2044K, capacity 2112K, committed 2176K, reserved 1048576K
GC Heap History (10 events):
Event: 10.719 GC heap before
{Heap before GC invocations=7 (full 0):
 PSYoungGen      total 39936K, used 39614K [0x00000007aab00000, 0x00000007afd00000, 0x00000007c0000000)
  eden space 31744K, 99% used [0x00000007aab00000,0x00000007ac9ff990,0x00000007aca00000)
  from space 8192K, 96% used [0x00000007af500000,0x00000007afcb0170,0x00000007afd00000)
  to   space 10752K, 0% used [0x00000007ae800000,0x00000007ae800000,0x00000007af280000)
 ParOldGen       total 44032K, used 17740K [0x0000000780000000, 0x0000000782b00000, 0x00000007aab00000)
  object space 44032K, 40% used [0x0000000780000000,0x00000007811530f8,0x0000000782b00000)
 Metaspace       used 20855K, capacity 21083K, committed 21296K, reserved 1069056K
  class space    used 2037K, capacity 2112K, committed 2176K, reserved 1048576K
Event: 10.736 GC heap after
Heap after GC invocations=7 (full 0):
 PSYoungGen      total 73216K, used 10592K [0x00000007aab00000, 0x00000007b0100000, 0x00000007c0000000)
  eden space 62464K, 0% used [0x00000007aab00000,0x00000007aab00000,0x00000007ae800000)
  from space 10752K, 98% used [0x00000007ae800000,0x00000007af258250,0x00000007af280000)
  to   space 12288K, 0% used [0x00000007af500000,0x00000007af500000,0x00000007b0100000)
 ParOldGen       total 44032K, used 22468K [0x0000000780000000, 0x0000000782b00000, 0x00000007aab00000)
  object space 44032K, 51% used [0x0000000780000000,0x00000007815f1248,0x0000000782b00000)
 Metaspace       used 20855K, capacity 21083K, committed 21296K, reserved 1069056K
  class space    used 2037K, capacity 2112K, committed 2176K, reserved 1048576K
}
Event: 10.951 GC heap before
{Heap before GC invocations=8 (full 0):
 PSYoungGen      total 73216K, used 27995K [0x00000007aab00000, 0x00000007b0100000, 0x00000007c0000000)
  eden space 62464K, 27% used [0x00000007aab00000,0x00000007abbfed00,0x00000007ae800000)
  from space 10752K, 98% used [0x00000007ae800000,0x00000007af258250,0x00000007af280000)
  to   space 12288K, 0% used [0x00000007af500000,0x00000007af500000,0x00000007b0100000)
 ParOldGen       total 44032K, used 22468K [0x0000000780000000, 0x0000000782b00000, 0x00000007aab00000)
  object space 44032K, 51% used [0x0000000780000000,0x00000007815f1248,0x0000000782b00000)
 Metaspace       used 20882K, capacity 21083K, committed 21296K, reserved 1069056K
  class space    used 2037K, capacity 2112K, committed 2176K, reserved 1048576K
Event: 10.957 GC heap after
Heap after GC invocations=8 (full 0):
 PSYoungGen      total 73728K, used 12256K [0x00000007aab00000, 0x00000007b4100000, 0x00000007c0000000)
  eden space 61440K, 0% used [0x00000007aab00000,0x00000007aab00000,0x00000007ae700000)
  from space 12288K, 99% used [0x00000007af500000,0x00000007b00f82f0,0x00000007b0100000)
  to   space 14336K, 0% used [0x00000007ae700000,0x00000007ae700000,0x00000007af500000)
 ParOldGen       total 44032K, used 24039K [0x0000000780000000, 0x0000000782b00000, 0x00000007aab00000)
  object space 44032K, 54% used [0x0000000780000000,0x0000000781779d58,0x0000000782b00000)
 Metaspace       used 20882K, capacity 21083K, committed 21296K, reserved 1069056K
  class space    used 2037K, capacity 2112K, committed 2176K, reserved 1048576K
}
Event: 10.958 GC heap before
{Heap before GC invocations=9 (full 1):
 PSYoungGen      total 73728K, used 12256K [0x00000007aab00000, 0x00000007b4100000, 0x00000007c0000000)
  eden space 61440K, 0% used [0x00000007aab00000,0x00000007aab00000,0x00000007ae700000)
  from space 12288K, 99% used [0x00000007af500000,0x00000007b00f82f0,0x00000007b0100000)
  to   space 14336K, 0% used [0x00000007ae700000,0x00000007ae700000,0x00000007af500000)
 ParOldGen       total 44032K, used 24039K [0x0000000780000000, 0x0000000782b00000, 0x00000007aab00000)
  object space 44032K, 54% used [0x0000000780000000,0x0000000781779d58,0x0000000782b00000)
 Metaspace       used 20882K, capacity 21083K, committed 21296K, reserved 1069056K
  class space    used 2037K, capacity 2112K, committed 2176K, reserved 1048576K
Event: 11.021 GC heap after
Heap after GC invocations=9 (full 1):
 PSYoungGen      total 73728K, used 0K [0x00000007aab00000, 0x00000007b4100000, 0x00000007c0000000)
  eden space 61440K, 0% used [0x00000007aab00000,0x00000007aab00000,0x00000007ae700000)
  from space 12288K, 0% used [0x00000007af500000,0x00000007af500000,0x00000007b0100000)
  to   space 14336K, 0% used [0x00000007ae700000,0x00000007ae700000,0x00000007af500000)
 ParOldGen       total 59904K, used 31328K [0x0000000780000000, 0x0000000783a80000, 0x00000007aab00000)
  object space 59904K, 52% used [0x0000000780000000,0x0000000781e98358,0x0000000783a80000)
 Metaspace       used 20882K, capacity 21083K, committed 21296K, reserved 1069056K
  class space    used 2037K, capacity 2112K, committed 2176K, reserved 1048576K
}
Event: 17.442 GC heap before
{Heap before GC invocations=10 (full 1):
 PSYoungGen      total 73728K, used 61214K [0x00000007aab00000, 0x00000007b4100000, 0x00000007c0000000)
  eden space 61440K, 99% used [0x00000007aab00000,0x00000007ae6c7ac0,0x00000007ae700000)
  from space 12288K, 0% used [0x00000007af500000,0x00000007af500000,0x00000007b0100000)
  to   space 14336K, 0% used [0x00000007ae700000,0x00000007ae700000,0x00000007af500000)
 ParOldGen       total 59904K, used 31328K [0x0000000780000000, 0x0000000783a80000, 0x00000007aab00000)
  object space 59904K, 52% used [0x0000000780000000,0x0000000781e98358,0x0000000783a80000)
 Metaspace       used 21226K, capacity 21403K, committed 21808K, reserved 1069056K
  class space    used 2037K, capacity 2112K, committed 2176K, reserved 1048576K
Event: 17.446 GC heap after
Heap after GC invocations=10 (full 1):
 PSYoungGen      total 75776K, used 8864K [0x00000007aab00000, 0x00000007b1c80000, 0x00000007c0000000)
  eden space 61440K, 0% used [0x00000007aab00000,0x00000007aab00000,0x00000007ae700000)
  from space 14336K, 61% used [0x00000007ae700000,0x00000007aefa8260,0x00000007af500000)
  to   space 14336K, 0% used [0x00000007b0e80000,0x00000007b0e80000,0x00000007b1c80000)
 ParOldGen       total 59904K, used 31336K [0x0000000780000000, 0x0000000783a80000, 0x00000007aab00000)
  object space 59904K, 52% used [0x0000000780000000,0x0000000781e9a358,0x0000000783a80000)
 Metaspace       used 21226K, capacity 21403K, committed 21808K, reserved 1069056K
  class space    used 2037K, capacity 2112K, committed 2176K, reserved 1048576K
}
Event: 30.900 GC heap before
{Heap before GC invocations=11 (full 1):
 PSYoungGen      total 75776K, used 70304K [0x00000007aab00000, 0x00000007b1c80000, 0x00000007c0000000)
  eden space 61440K, 100% used [0x00000007aab00000,0x00000007ae700000,0x00000007ae700000)
  from space 14336K, 61% used [0x00000007ae700000,0x00000007aefa8260,0x00000007af500000)
  to   space 14336K, 0% used [0x00000007b0e80000,0x00000007b0e80000,0x00000007b1c80000)
 ParOldGen       total 59904K, used 31336K [0x0000000780000000, 0x0000000783a80000, 0x00000007aab00000)
  object space 59904K, 52% used [0x0000000780000000,0x0000000781e9a358,0x0000000783a80000)
 Metaspace       used 21241K, capacity 21467K, committed 21808K, reserved 1069056K
  class space    used 2037K, capacity 2112K, committed 2176K, reserved 1048576K
Event: 30.910 GC heap after
Heap after GC invocations=11 (full 1):
 PSYoungGen      total 97792K, used 10944K [0x00000007aab00000, 0x00000007b1b00000, 0x00000007c0000000)
  eden space 84992K, 0% used [0x00000007aab00000,0x00000007aab00000,0x00000007afe00000)
  from space 12800K, 85% used [0x00000007b0e80000,0x00000007b19302a0,0x00000007b1b00000)
  to   space 14848K, 0% used [0x00000007afe00000,0x00000007afe00000,0x00000007b0c80000)
 ParOldGen       total 59904K, used 31344K [0x0000000780000000, 0x0000000783a80000, 0x00000007aab00000)
  object space 59904K, 52% used [0x0000000780000000,0x0000000781e9c358,0x0000000783a80000)
 Metaspace       used 21241K, capacity 21467K, committed 21808K, reserved 1069056K
  class space    used 2037K, capacity 2112K, committed 2176K, reserved 1048576K
}

