# JRE version: Java(TM) SE Runtime Environment (8.0_77-b03) (build 1.8.0_77-b03)
# Java VM: Java HotSpot(TM) 64-Bit Server VM (25.77-b03 mixed mode bsd-amd64 compressed oops)
Heap:
 PSYoungGen      total 20992K, used 20372K [0x00000007aab00000, 0x00000007ac080000, 0x00000007c0000000)
  eden space 20480K, 99% used [0x00000007aab00000,0x00000007abecd1b8,0x00000007abf00000)
  from space 512K, 18% used [0x00000007abf80000,0x00000007abf98000,0x00000007ac000000)
  to   space 512K, 0% used [0x00000007ac000000,0x00000007ac000000,0x00000007ac080000)
 ParOldGen       total 47104K, used 17806K [0x0000000780000000, 0x0000000782e00000, 0x00000007aab00000)
  object space 47104K, 37% used [0x0000000780000000,0x0000000781163ae8,0x0000000782e00000)
 Metaspace       used 21439K, capacity 21627K, committed 21808K, reserved 1069056K
  class space    used 2072K, capacity 2144K, committed 2176K, reserved 1048576K
GC Heap History (10 events):
Event: 868.143 GC heap before
{Heap before GC invocations=410 (full 1):
 PSYoungGen      total 20992K, used 20640K [0x00000007aab00000, 0x00000007ac080000, 0x00000007c0000000)
  eden space 20480K, 100% used [0x00000007aab00000,0x00000007abf00000,0x00000007abf00000)
  from space 512K, 31% used [0x00000007ac000000,0x00000007ac028000,0x00000007ac080000)
  to   space 512K, 0% used [0x00000007abf80000,0x00000007abf80000,0x00000007ac000000)
 ParOldGen       total 47104K, used 17686K [0x0000000780000000, 0x0000000782e00000, 0x00000007aab00000)
  object space 47104K, 37% used [0x0000000780000000,0x0000000781145ae8,0x0000000782e00000)
 Metaspace       used 21402K, capacity 21563K, committed 21808K, reserved 1069056K
  class space    used 2064K, capacity 2144K, committed 2176K, reserved 1048576K
Event: 868.145 GC heap after
Heap after GC invocations=410 (full 1):
 PSYoungGen      total 20992K, used 128K [0x00000007aab00000, 0x00000007ac080000, 0x00000007c0000000)
  eden space 20480K, 0% used [0x00000007aab00000,0x00000007aab00000,0x00000007abf00000)
  from space 512K, 25% used [0x00000007abf80000,0x00000007abfa0000,0x00000007ac000000)
  to   space 512K, 0% used [0x00000007ac000000,0x00000007ac000000,0x00000007ac080000)
 ParOldGen       total 47104K, used 17702K [0x0000000780000000, 0x0000000782e00000, 0x00000007aab00000)
  object space 47104K, 37% used [0x0000000780000000,0x0000000781149ae8,0x0000000782e00000)
 Metaspace       used 21402K, capacity 21563K, committed 21808K, reserved 1069056K
  class space    used 2064K, capacity 2144K, committed 2176K, reserved 1048576K
}
Event: 870.160 GC heap before
{Heap before GC invocations=411 (full 1):
 PSYoungGen      total 20992K, used 20608K [0x00000007aab00000, 0x00000007ac080000, 0x00000007c0000000)
  eden space 20480K, 100% used [0x00000007aab00000,0x00000007abf00000,0x00000007abf00000)
  from space 512K, 25% used [0x00000007abf80000,0x00000007abfa0000,0x00000007ac000000)
  to   space 512K, 0% used [0x00000007ac000000,0x00000007ac000000,0x00000007ac080000)
 ParOldGen       total 47104K, used 17702K [0x0000000780000000, 0x0000000782e00000, 0x00000007aab00000)
  object space 47104K, 37% used [0x0000000780000000,0x0000000781149ae8,0x0000000782e00000)
 Metaspace       used 21402K, capacity 21563K, committed 21808K, reserved 1069056K
  class space    used 2064K, capacity 2144K, committed 2176K, reserved 1048576K
Event: 870.162 GC heap after
Heap after GC invocations=411 (full 1):
 PSYoungGen      total 20992K, used 128K [0x00000007aab00000, 0x00000007ac080000, 0x00000007c0000000)
  eden space 20480K, 0% used [0x00000007aab00000,0x00000007aab00000,0x00000007abf00000)
  from space 512K, 25% used [0x00000007ac000000,0x00000007ac020000,0x00000007ac080000)
  to   space 512K, 0% used [0x00000007abf80000,0x00000007abf80000,0x00000007ac000000)
 ParOldGen       total 47104K, used 17726K [0x0000000780000000, 0x0000000782e00000, 0x00000007aab00000)
  object space 47104K, 37% used [0x0000000780000000,0x000000078114fae8,0x0000000782e00000)
 Metaspace       used 21402K, capacity 21563K, committed 21808K, reserved 1069056K
  class space    used 2064K, capacity 2144K, committed 2176K, reserved 1048576K
}
Event: 872.192 GC heap before
{Heap before GC invocations=412 (full 1):
 PSYoungGen      total 20992K, used 20608K [0x00000007aab00000, 0x00000007ac080000, 0x00000007c0000000)
  eden space 20480K, 100% used [0x00000007aab00000,0x00000007abf00000,0x00000007abf00000)
  from space 512K, 25% used [0x00000007ac000000,0x00000007ac020000,0x00000007ac080000)
  to   space 512K, 0% used [0x00000007abf80000,0x00000007abf80000,0x00000007ac000000)
 ParOldGen       total 47104K, used 17726K [0x0000000780000000, 0x0000000782e00000, 0x00000007aab00000)
  object space 47104K, 37% used [0x0000000780000000,0x000000078114fae8,0x0000000782e00000)
 Metaspace       used 21402K, capacity 21563K, committed 21808K, reserved 1069056K
  class space    used 2064K, capacity 2144K, committed 2176K, reserved 1048576K
Event: 872.194 GC heap after
Heap after GC invocations=412 (full 1):
 PSYoungGen      total 20992K, used 128K [0x00000007aab00000, 0x00000007ac080000, 0x00000007c0000000)
  eden space 20480K, 0% used [0x00000007aab00000,0x00000007aab00000,0x00000007abf00000)
  from space 512K, 25% used [0x00000007abf80000,0x00000007abfa0000,0x00000007ac000000)
  to   space 512K, 0% used [0x00000007ac000000,0x00000007ac000000,0x00000007ac080000)
 ParOldGen       total 47104K, used 17750K [0x0000000780000000, 0x0000000782e00000, 0x00000007aab00000)
  object space 47104K, 37% used [0x0000000780000000,0x0000000781155ae8,0x0000000782e00000)
 Metaspace       used 21402K, capacity 21563K, committed 21808K, reserved 1069056K
  class space    used 2064K, capacity 2144K, committed 2176K, reserved 1048576K
}
Event: 874.208 GC heap before
{Heap before GC invocations=413 (full 1):
 PSYoungGen      total 20992K, used 20608K [0x00000007aab00000, 0x00000007ac080000, 0x00000007c0000000)
  eden space 20480K, 100% used [0x00000007aab00000,0x00000007abf00000,0x00000007abf00000)
  from space 512K, 25% used [0x00000007abf80000,0x00000007abfa0000,0x00000007ac000000)
  to   space 512K, 0% used [0x00000007ac000000,0x00000007ac000000,0x00000007ac080000)
 ParOldGen       total 47104K, used 17750K [0x0000000780000000, 0x0000000782e00000, 0x00000007aab00000)
  object space 47104K, 37% used [0x0000000780000000,0x0000000781155ae8,0x0000000782e00000)
 Metaspace       used 21402K, capacity 21563K, committed 21808K, reserved 1069056K
  class space    used 2064K, capacity 2144K, committed 2176K, reserved 1048576K
Event: 874.210 GC heap after
Heap after GC invocations=413 (full 1):
 PSYoungGen      total 20992K, used 96K [0x00000007aab00000, 0x00000007ac080000, 0x00000007c0000000)
  eden space 20480K, 0% used [0x00000007aab00000,0x00000007aab00000,0x00000007abf00000)
  from space 512K, 18% used [0x00000007ac000000,0x00000007ac018000,0x00000007ac080000)
  to   space 512K, 0% used [0x00000007abf80000,0x00000007abf80000,0x00000007ac000000)
 ParOldGen       total 47104K, used 17806K [0x0000000780000000, 0x0000000782e00000, 0x00000007aab00000)
  object space 47104K, 37% used [0x0000000780000000,0x0000000781163ae8,0x0000000782e00000)
 Metaspace       used 21402K, capacity 21563K, committed 21808K, reserved 1069056K
  class space    used 2064K, capacity 2144K, committed 2176K, reserved 1048576K
}
Event: 876.227 GC heap before
{Heap before GC invocations=414 (full 1):
 PSYoungGen      total 20992K, used 20576K [0x00000007aab00000, 0x00000007ac080000, 0x00000007c0000000)
  eden space 20480K, 100% used [0x00000007aab00000,0x00000007abf00000,0x00000007abf00000)
  from space 512K, 18% used [0x00000007ac000000,0x00000007ac018000,0x00000007ac080000)
  to   space 512K, 0% used [0x00000007abf80000,0x00000007abf80000,0x00000007ac000000)
 ParOldGen       total 47104K, used 17806K [0x0000000780000000, 0x0000000782e00000, 0x00000007aab00000)
  object space 47104K, 37% used [0x0000000780000000,0x0000000781163ae8,0x0000000782e00000)
 Metaspace       used 21402K, capacity 21563K, committed 21808K, reserved 1069056K
  class space    used 2064K, capacity 2144K, committed 2176K, reserved 1048576K
Event: 876.228 GC heap after
Heap after GC invocations=414 (full 1):
 PSYoungGen      total 20992K, used 96K [0x00000007aab00000, 0x00000007ac080000, 0x00000007c0000000)
  eden space 20480K, 0% used [0x00000007aab00000,0x00000007aab00000,0x00000007abf00000)
  from space 512K, 18% used [0x00000007abf80000,0x00000007abf98000,0x00000007ac000000)
  to   space 512K, 0% used [0x00000007ac000000,0x00000007ac000000,0x00000007ac080000)
 ParOldGen       total 47104K, used 17806K [0x0000000780000000, 0x0000000782e00000, 0x00000007aab00000)
  object space 47104K, 37% used [0x0000000780000000,0x0000000781163ae8,0x0000000782e00000)
 Metaspace       used 21402K, capacity 21563K, committed 21808K, reserved 1069056K
  class space    used 2064K, capacity 2144K, committed 2176K, reserved 1048576K
}

