# JRE version: Java(TM) SE Runtime Environment (8.0_77-b03) (build 1.8.0_77-b03)
# Java VM: Java HotSpot(TM) 64-Bit Server VM (25.77-b03 mixed mode bsd-amd64 compressed oops)
Heap:
 PSYoungGen      total 135168K, used 43365K [0x00000007aab00000, 0x00000007b4a00000, 0x00000007c0000000)
  eden space 108544K, 36% used [0x00000007aab00000,0x00000007ad1f1640,0x00000007b1500000)
  from space 26624K, 13% used [0x00000007b2f80000,0x00000007b32e80e0,0x00000007b4980000)
  to   space 27136K, 0% used [0x00000007b1500000,0x00000007b1500000,0x00000007b2f80000)
 ParOldGen       total 97792K, used 59272K [0x0000000780000000, 0x0000000785f80000, 0x00000007aab00000)
  object space 97792K, 60% used [0x0000000780000000,0x00000007839e23a0,0x0000000785f80000)
 Metaspace       used 22280K, capacity 22493K, committed 22656K, reserved 1069056K
  class space    used 2215K, capacity 2305K, committed 2432K, reserved 1048576K
GC Heap History (10 events):
Event: 33.465 GC heap before
{Heap before GC invocations=19 (full 1):
 PSYoungGen      total 124416K, used 115684K [0x00000007aab00000, 0x00000007b4180000, 0x00000007c0000000)
  eden space 97792K, 100% used [0x00000007aab00000,0x00000007b0a80000,0x00000007b0a80000)
  from space 26624K, 67% used [0x00000007b0a80000,0x00000007b1bf9038,0x00000007b2480000)
  to   space 26112K, 0% used [0x00000007b2800000,0x00000007b2800000,0x00000007b4180000)
 ParOldGen       total 97792K, used 44857K [0x0000000780000000, 0x0000000785f80000, 0x00000007aab00000)
  object space 97792K, 45% used [0x0000000780000000,0x0000000782bce7b8,0x0000000785f80000)
 Metaspace       used 22146K, capacity 22397K, committed 22528K, reserved 1069056K
  class space    used 2207K, capacity 2273K, committed 2304K, reserved 1048576K
Event: 33.475 GC heap after
Heap after GC invocations=19 (full 1):
 PSYoungGen      total 128000K, used 17860K [0x00000007aab00000, 0x00000007b4180000, 0x00000007c0000000)
  eden space 101888K, 0% used [0x00000007aab00000,0x00000007aab00000,0x00000007b0e80000)
  from space 26112K, 68% used [0x00000007b2800000,0x00000007b3971038,0x00000007b4180000)
  to   space 26112K, 0% used [0x00000007b0e80000,0x00000007b0e80000,0x00000007b2800000)
 ParOldGen       total 97792K, used 44857K [0x0000000780000000, 0x0000000785f80000, 0x00000007aab00000)
  object space 97792K, 45% used [0x0000000780000000,0x0000000782bce7b8,0x0000000785f80000)
 Metaspace       used 22146K, capacity 22397K, committed 22528K, reserved 1069056K
  class space    used 2207K, capacity 2273K, committed 2304K, reserved 1048576K
}
Event: 36.587 GC heap before
{Heap before GC invocations=20 (full 1):
 PSYoungGen      total 128000K, used 119748K [0x00000007aab00000, 0x00000007b4180000, 0x00000007c0000000)
  eden space 101888K, 100% used [0x00000007aab00000,0x00000007b0e80000,0x00000007b0e80000)
  from space 26112K, 68% used [0x00000007b2800000,0x00000007b3971038,0x00000007b4180000)
  to   space 26112K, 0% used [0x00000007b0e80000,0x00000007b0e80000,0x00000007b2800000)
 ParOldGen       total 97792K, used 44857K [0x0000000780000000, 0x0000000785f80000, 0x00000007aab00000)
  object space 97792K, 45% used [0x0000000780000000,0x0000000782bce7b8,0x0000000785f80000)
 Metaspace       used 22187K, capacity 22397K, committed 22528K, reserved 1069056K
  class space    used 2207K, capacity 2273K, committed 2304K, reserved 1048576K
Event: 36.597 GC heap after
Heap after GC invocations=20 (full 1):
 PSYoungGen      total 128000K, used 17876K [0x00000007aab00000, 0x00000007b4400000, 0x00000007c0000000)
  eden space 101888K, 0% used [0x00000007aab00000,0x00000007aab00000,0x00000007b0e80000)
  from space 26112K, 68% used [0x00000007b0e80000,0x00000007b1ff5028,0x00000007b2800000)
  to   space 25600K, 0% used [0x00000007b2b00000,0x00000007b2b00000,0x00000007b4400000)
 ParOldGen       total 97792K, used 44865K [0x0000000780000000, 0x0000000785f80000, 0x00000007aab00000)
  object space 97792K, 45% used [0x0000000780000000,0x0000000782bd07b8,0x0000000785f80000)
 Metaspace       used 22187K, capacity 22397K, committed 22528K, reserved 1069056K
  class space    used 2207K, capacity 2273K, committed 2304K, reserved 1048576K
}
Event: 39.763 GC heap before
{Heap before GC invocations=21 (full 1):
 PSYoungGen      total 128000K, used 119764K [0x00000007aab00000, 0x00000007b4400000, 0x00000007c0000000)
  eden space 101888K, 100% used [0x00000007aab00000,0x00000007b0e80000,0x00000007b0e80000)
  from space 26112K, 68% used [0x00000007b0e80000,0x00000007b1ff5028,0x00000007b2800000)
  to   space 25600K, 0% used [0x00000007b2b00000,0x00000007b2b00000,0x00000007b4400000)
 ParOldGen       total 97792K, used 44865K [0x0000000780000000, 0x0000000785f80000, 0x00000007aab00000)
  object space 97792K, 45% used [0x0000000780000000,0x0000000782bd07b8,0x0000000785f80000)
 Metaspace       used 22187K, capacity 22397K, committed 22528K, reserved 1069056K
  class space    used 2207K, capacity 2273K, committed 2304K, reserved 1048576K
Event: 39.773 GC heap after
Heap after GC invocations=21 (full 1):
 PSYoungGen      total 130048K, used 17924K [0x00000007aab00000, 0x00000007b4300000, 0x00000007c0000000)
  eden space 105472K, 0% used [0x00000007aab00000,0x00000007aab00000,0x00000007b1200000)
  from space 24576K, 72% used [0x00000007b2b00000,0x00000007b3c81038,0x00000007b4300000)
  to   space 25088K, 0% used [0x00000007b1200000,0x00000007b1200000,0x00000007b2a80000)
 ParOldGen       total 97792K, used 44865K [0x0000000780000000, 0x0000000785f80000, 0x00000007aab00000)
  object space 97792K, 45% used [0x0000000780000000,0x0000000782bd07b8,0x0000000785f80000)
 Metaspace       used 22187K, capacity 22397K, committed 22528K, reserved 1069056K
  class space    used 2207K, capacity 2273K, committed 2304K, reserved 1048576K
}
Event: 43.098 GC heap before
{Heap before GC invocations=22 (full 1):
 PSYoungGen      total 130048K, used 123396K [0x00000007aab00000, 0x00000007b4300000, 0x00000007c0000000)
  eden space 105472K, 100% used [0x00000007aab00000,0x00000007b1200000,0x00000007b1200000)
  from space 24576K, 72% used [0x00000007b2b00000,0x00000007b3c81038,0x00000007b4300000)
  to   space 25088K, 0% used [0x00000007b1200000,0x00000007b1200000,0x00000007b2a80000)
 ParOldGen       total 97792K, used 44865K [0x0000000780000000, 0x0000000785f80000, 0x00000007aab00000)
  object space 97792K, 45% used [0x0000000780000000,0x0000000782bd07b8,0x0000000785f80000)
 Metaspace       used 22187K, capacity 22397K, committed 22528K, reserved 1069056K
  class space    used 2207K, capacity 2273K, committed 2304K, reserved 1048576K
Event: 43.111 GC heap after
Heap after GC invocations=22 (full 1):
 PSYoungGen      total 130560K, used 4768K [0x00000007aab00000, 0x00000007b4980000, 0x00000007c0000000)
  eden space 105472K, 0% used [0x00000007aab00000,0x00000007aab00000,0x00000007b1200000)
  from space 25088K, 19% used [0x00000007b1200000,0x00000007b16a8120,0x00000007b2a80000)
  to   space 26624K, 0% used [0x00000007b2f80000,0x00000007b2f80000,0x00000007b4980000)
 ParOldGen       total 97792K, used 57997K [0x0000000780000000, 0x0000000785f80000, 0x00000007aab00000)
  object space 97792K, 59% used [0x0000000780000000,0x00000007838a36e0,0x0000000785f80000)
 Metaspace       used 22187K, capacity 22397K, committed 22528K, reserved 1069056K
  class space    used 2207K, capacity 2273K, committed 2304K, reserved 1048576K
}
Event: 46.473 GC heap before
{Heap before GC invocations=23 (full 1):
 PSYoungGen      total 130560K, used 110240K [0x00000007aab00000, 0x00000007b4980000, 0x00000007c0000000)
  eden space 105472K, 100% used [0x00000007aab00000,0x00000007b1200000,0x00000007b1200000)
  from space 25088K, 19% used [0x00000007b1200000,0x00000007b16a8120,0x00000007b2a80000)
  to   space 26624K, 0% used [0x00000007b2f80000,0x00000007b2f80000,0x00000007b4980000)
 ParOldGen       total 97792K, used 57997K [0x0000000780000000, 0x0000000785f80000, 0x00000007aab00000)
  object space 97792K, 59% used [0x0000000780000000,0x00000007838a36e0,0x0000000785f80000)
 Metaspace       used 22243K, capacity 22461K, committed 22528K, reserved 1069056K
  class space    used 2207K, capacity 2273K, committed 2304K, reserved 1048576K
Event: 46.477 GC heap after
Heap after GC invocations=23 (full 1):
 PSYoungGen      total 135168K, used 3488K [0x00000007aab00000, 0x00000007b4a00000, 0x00000007c0000000)
  eden space 108544K, 0% used [0x00000007aab00000,0x00000007aab00000,0x00000007b1500000)
  from space 26624K, 13% used [0x00000007b2f80000,0x00000007b32e80e0,0x00000007b4980000)
  to   space 27136K, 0% used [0x00000007b1500000,0x00000007b1500000,0x00000007b2f80000)
 ParOldGen       total 97792K, used 59272K [0x0000000780000000, 0x0000000785f80000, 0x00000007aab00000)
  object space 97792K, 60% used [0x0000000780000000,0x00000007839e23a0,0x0000000785f80000)
 Metaspace       used 22243K, capacity 22461K, committed 22528K, reserved 1069056K
  class space    used 2207K, capacity 2273K, committed 2304K, reserved 1048576K
}

