# JRE version: Java(TM) SE Runtime Environment (8.0_77-b03) (build 1.8.0_77-b03)
# Java VM: Java HotSpot(TM) 64-Bit Server VM (25.77-b03 mixed mode bsd-amd64 compressed oops)
Heap:
 PSYoungGen      total 66560K, used 52769K [0x00000007aab00000, 0x00000007afb00000, 0x00000007c0000000)
  eden space 60928K, 86% used [0x00000007aab00000,0x00000007ade88620,0x00000007ae680000)
  from space 5632K, 0% used [0x00000007af080000,0x00000007af080000,0x00000007af600000)
  to   space 10240K, 0% used [0x00000007ae680000,0x00000007ae680000,0x00000007af080000)
 ParOldGen       total 52224K, used 22809K [0x0000000780000000, 0x0000000783300000, 0x00000007aab00000)
  object space 52224K, 43% used [0x0000000780000000,0x0000000781646520,0x0000000783300000)
 Metaspace       used 21073K, capacity 21275K, committed 21552K, reserved 1069056K
  class space    used 2046K, capacity 2112K, committed 2176K, reserved 1048576K
GC Heap History (10 events):
Event: 6.704 GC heap before
{Heap before GC invocations=5 (full 0):
 PSYoungGen      total 35328K, used 35312K [0x00000007aab00000, 0x00000007ad000000, 0x00000007c0000000)
  eden space 32768K, 100% used [0x00000007aab00000,0x00000007acb00000,0x00000007acb00000)
  from space 2560K, 99% used [0x00000007acd80000,0x00000007acffc020,0x00000007ad000000)
  to   space 2560K, 0% used [0x00000007acb00000,0x00000007acb00000,0x00000007acd80000)
 ParOldGen       total 44032K, used 14550K [0x0000000780000000, 0x0000000782b00000, 0x00000007aab00000)
  object space 44032K, 33% used [0x0000000780000000,0x0000000780e35bd0,0x0000000782b00000)
 Metaspace       used 20518K, capacity 20757K, committed 21120K, reserved 1069056K
  class space    used 2035K, capacity 2111K, committed 2176K, reserved 1048576K
Event: 6.719 GC heap after
Heap after GC invocations=5 (full 0):
 PSYoungGen      total 35328K, used 2528K [0x00000007aab00000, 0x00000007b0000000, 0x00000007c0000000)
  eden space 32768K, 0% used [0x00000007aab00000,0x00000007aab00000,0x00000007acb00000)
  from space 2560K, 98% used [0x00000007acb00000,0x00000007acd78030,0x00000007acd80000)
  to   space 10752K, 0% used [0x00000007af580000,0x00000007af580000,0x00000007b0000000)
 ParOldGen       total 44032K, used 18974K [0x0000000780000000, 0x0000000782b00000, 0x00000007aab00000)
  object space 44032K, 43% used [0x0000000780000000,0x0000000781287a90,0x0000000782b00000)
 Metaspace       used 20518K, capacity 20757K, committed 21120K, reserved 1069056K
  class space    used 2035K, capacity 2111K, committed 2176K, reserved 1048576K
}
Event: 9.143 GC heap before
{Heap before GC invocations=6 (full 0):
 PSYoungGen      total 35328K, used 35296K [0x00000007aab00000, 0x00000007b0000000, 0x00000007c0000000)
  eden space 32768K, 100% used [0x00000007aab00000,0x00000007acb00000,0x00000007acb00000)
  from space 2560K, 98% used [0x00000007acb00000,0x00000007acd78030,0x00000007acd80000)
  to   space 10752K, 0% used [0x00000007af580000,0x00000007af580000,0x00000007b0000000)
 ParOldGen       total 44032K, used 18974K [0x0000000780000000, 0x0000000782b00000, 0x00000007aab00000)
  object space 44032K, 43% used [0x0000000780000000,0x0000000781287a90,0x0000000782b00000)
 Metaspace       used 20710K, capacity 20891K, committed 21120K, reserved 1069056K
  class space    used 2038K, capacity 2112K, committed 2176K, reserved 1048576K
Event: 9.158 GC heap after
Heap after GC invocations=6 (full 0):
 PSYoungGen      total 38912K, used 6720K [0x00000007aab00000, 0x00000007afc80000, 0x00000007c0000000)
  eden space 31744K, 0% used [0x00000007aab00000,0x00000007aab00000,0x00000007aca00000)
  from space 7168K, 93% used [0x00000007af580000,0x00000007afc10130,0x00000007afc80000)
  to   space 10240K, 0% used [0x00000007ae880000,0x00000007ae880000,0x00000007af280000)
 ParOldGen       total 44032K, used 18974K [0x0000000780000000, 0x0000000782b00000, 0x00000007aab00000)
  object space 44032K, 43% used [0x0000000780000000,0x0000000781287a90,0x0000000782b00000)
 Metaspace       used 20710K, capacity 20891K, committed 21120K, reserved 1069056K
  class space    used 2038K, capacity 2112K, committed 2176K, reserved 1048576K
}
Event: 11.783 GC heap before
{Heap before GC invocations=7 (full 0):
 PSYoungGen      total 38912K, used 38464K [0x00000007aab00000, 0x00000007afc80000, 0x00000007c0000000)
  eden space 31744K, 100% used [0x00000007aab00000,0x00000007aca00000,0x00000007aca00000)
  from space 7168K, 93% used [0x00000007af580000,0x00000007afc10130,0x00000007afc80000)
  to   space 10240K, 0% used [0x00000007ae880000,0x00000007ae880000,0x00000007af280000)
 ParOldGen       total 44032K, used 18974K [0x0000000780000000, 0x0000000782b00000, 0x00000007aab00000)
  object space 44032K, 43% used [0x0000000780000000,0x0000000781287a90,0x0000000782b00000)
 Metaspace       used 20876K, capacity 21083K, committed 21296K, reserved 1069056K
  class space    used 2038K, capacity 2112K, committed 2176K, reserved 1048576K
Event: 11.800 GC heap after
Heap after GC invocations=7 (full 0):
 PSYoungGen      total 38912K, used 7776K [0x00000007aab00000, 0x00000007af600000, 0x00000007c0000000)
  eden space 30720K, 0% used [0x00000007aab00000,0x00000007aab00000,0x00000007ac900000)
  from space 8192K, 94% used [0x00000007ae880000,0x00000007af0181c0,0x00000007af080000)
  to   space 5632K, 0% used [0x00000007af080000,0x00000007af080000,0x00000007af600000)
 ParOldGen       total 44032K, used 20234K [0x0000000780000000, 0x0000000782b00000, 0x00000007aab00000)
  object space 44032K, 45% used [0x0000000780000000,0x00000007813c28e0,0x0000000782b00000)
 Metaspace       used 20876K, capacity 21083K, committed 21296K, reserved 1069056K
  class space    used 2038K, capacity 2112K, committed 2176K, reserved 1048576K
}
Event: 12.504 GC heap before
{Heap before GC invocations=8 (full 0):
 PSYoungGen      total 38912K, used 13174K [0x00000007aab00000, 0x00000007af600000, 0x00000007c0000000)
  eden space 30720K, 17% used [0x00000007aab00000,0x00000007ab045940,0x00000007ac900000)
  from space 8192K, 94% used [0x00000007ae880000,0x00000007af0181c0,0x00000007af080000)
  to   space 5632K, 0% used [0x00000007af080000,0x00000007af080000,0x00000007af600000)
 ParOldGen       total 44032K, used 20234K [0x0000000780000000, 0x0000000782b00000, 0x00000007aab00000)
  object space 44032K, 45% used [0x0000000780000000,0x00000007813c28e0,0x0000000782b00000)
 Metaspace       used 20887K, capacity 21083K, committed 21296K, reserved 1069056K
  class space    used 2038K, capacity 2112K, committed 2176K, reserved 1048576K
Event: 12.516 GC heap after
Heap after GC invocations=8 (full 0):
 PSYoungGen      total 66560K, used 5504K [0x00000007aab00000, 0x00000007afb00000, 0x00000007c0000000)
  eden space 60928K, 0% used [0x00000007aab00000,0x00000007aab00000,0x00000007ae680000)
  from space 5632K, 97% used [0x00000007af080000,0x00000007af5e0160,0x00000007af600000)
  to   space 10240K, 0% used [0x00000007ae680000,0x00000007ae680000,0x00000007af080000)
 ParOldGen       total 44032K, used 22540K [0x0000000780000000, 0x0000000782b00000, 0x00000007aab00000)
  object space 44032K, 51% used [0x0000000780000000,0x0000000781603060,0x0000000782b00000)
 Metaspace       used 20887K, capacity 21083K, committed 21296K, reserved 1069056K
  class space    used 2038K, capacity 2112K, committed 2176K, reserved 1048576K
}
Event: 12.516 GC heap before
{Heap before GC invocations=9 (full 1):
 PSYoungGen      total 66560K, used 5504K [0x00000007aab00000, 0x00000007afb00000, 0x00000007c0000000)
  eden space 60928K, 0% used [0x00000007aab00000,0x00000007aab00000,0x00000007ae680000)
  from space 5632K, 97% used [0x00000007af080000,0x00000007af5e0160,0x00000007af600000)
  to   space 10240K, 0% used [0x00000007ae680000,0x00000007ae680000,0x00000007af080000)
 ParOldGen       total 44032K, used 22540K [0x0000000780000000, 0x0000000782b00000, 0x00000007aab00000)
  object space 44032K, 51% used [0x0000000780000000,0x0000000781603060,0x0000000782b00000)
 Metaspace       used 20887K, capacity 21083K, committed 21296K, reserved 1069056K
  class space    used 2038K, capacity 2112K, committed 2176K, reserved 1048576K
Event: 12.578 GC heap after
Heap after GC invocations=9 (full 1):
 PSYoungGen      total 66560K, used 0K [0x00000007aab00000, 0x00000007afb00000, 0x00000007c0000000)
  eden space 60928K, 0% used [0x00000007aab00000,0x00000007aab00000,0x00000007ae680000)
  from space 5632K, 0% used [0x00000007af080000,0x00000007af080000,0x00000007af600000)
  to   space 10240K, 0% used [0x00000007ae680000,0x00000007ae680000,0x00000007af080000)
 ParOldGen       total 52224K, used 22809K [0x0000000780000000, 0x0000000783300000, 0x00000007aab00000)
  object space 52224K, 43% used [0x0000000780000000,0x0000000781646520,0x0000000783300000)
 Metaspace       used 20887K, capacity 21083K, committed 21296K, reserved 1069056K
  class space    used 2038K, capacity 2112K, committed 2176K, reserved 1048576K
}

