# JRE version: Java(TM) SE Runtime Environment (8.0_77-b03) (build 1.8.0_77-b03)
# Java VM: Java HotSpot(TM) 64-Bit Server VM (25.77-b03 mixed mode bsd-amd64 compressed oops)
Heap:
 PSYoungGen      total 66048K, used 5410K [0x00000007aab00000, 0x00000007af900000, 0x00000007c0000000)
  eden space 56320K, 9% used [0x00000007aab00000,0x00000007ab048978,0x00000007ae200000)
  from space 9728K, 0% used [0x00000007aef80000,0x00000007aef80000,0x00000007af900000)
  to   space 11776K, 0% used [0x00000007ae200000,0x00000007ae200000,0x00000007aed80000)
 ParOldGen       total 38912K, used 15340K [0x0000000780000000, 0x0000000782600000, 0x00000007aab00000)
  object space 38912K, 39% used [0x0000000780000000,0x0000000780efb310,0x0000000782600000)
 Metaspace       used 20983K, capacity 21147K, committed 21552K, reserved 1069056K
  class space    used 2044K, capacity 2112K, committed 2176K, reserved 1048576K
GC Heap History (10 events):
Event: 32.749 GC heap before
{Heap before GC invocations=7 (full 0):
 PSYoungGen      total 75776K, used 67632K [0x00000007aab00000, 0x00000007b0100000, 0x00000007c0000000)
  eden space 65024K, 100% used [0x00000007aab00000,0x00000007aea80000,0x00000007aea80000)
  from space 10752K, 24% used [0x00000007af580000,0x00000007af80c030,0x00000007b0000000)
  to   space 11264K, 0% used [0x00000007aea80000,0x00000007aea80000,0x00000007af580000)
 ParOldGen       total 44032K, used 19312K [0x0000000780000000, 0x0000000782b00000, 0x00000007aab00000)
  object space 44032K, 43% used [0x0000000780000000,0x00000007812dc0b0,0x0000000782b00000)
 Metaspace       used 20875K, capacity 21083K, committed 21296K, reserved 1069056K
  class space    used 2036K, capacity 2112K, committed 2176K, reserved 1048576K
Event: 32.762 GC heap after
Heap after GC invocations=7 (full 0):
 PSYoungGen      total 64000K, used 1472K [0x00000007aab00000, 0x00000007afe00000, 0x00000007c0000000)
  eden space 62464K, 0% used [0x00000007aab00000,0x00000007aab00000,0x00000007ae800000)
  from space 1536K, 95% used [0x00000007aea80000,0x00000007aebf0020,0x00000007aec00000)
  to   space 11264K, 0% used [0x00000007af300000,0x00000007af300000,0x00000007afe00000)
 ParOldGen       total 44032K, used 20464K [0x0000000780000000, 0x0000000782b00000, 0x00000007aab00000)
  object space 44032K, 46% used [0x0000000780000000,0x00000007813fc120,0x0000000782b00000)
 Metaspace       used 20875K, capacity 21083K, committed 21296K, reserved 1069056K
  class space    used 2036K, capacity 2112K, committed 2176K, reserved 1048576K
}
Event: 49.267 GC heap before
{Heap before GC invocations=8 (full 0):
 PSYoungGen      total 64000K, used 63936K [0x00000007aab00000, 0x00000007afe00000, 0x00000007c0000000)
  eden space 62464K, 100% used [0x00000007aab00000,0x00000007ae800000,0x00000007ae800000)
  from space 1536K, 95% used [0x00000007aea80000,0x00000007aebf0020,0x00000007aec00000)
  to   space 11264K, 0% used [0x00000007af300000,0x00000007af300000,0x00000007afe00000)
 ParOldGen       total 44032K, used 20464K [0x0000000780000000, 0x0000000782b00000, 0x00000007aab00000)
  object space 44032K, 46% used [0x0000000780000000,0x00000007813fc120,0x0000000782b00000)
 Metaspace       used 20875K, capacity 21083K, committed 21296K, reserved 1069056K
  class space    used 2036K, capacity 2112K, committed 2176K, reserved 1048576K
Event: 49.273 GC heap after
Heap after GC invocations=8 (full 0):
 PSYoungGen      total 70656K, used 512K [0x00000007aab00000, 0x00000007afd00000, 0x00000007c0000000)
  eden space 60416K, 0% used [0x00000007aab00000,0x00000007aab00000,0x00000007ae600000)
  from space 10240K, 5% used [0x00000007af300000,0x00000007af380020,0x00000007afd00000)
  to   space 11776K, 0% used [0x00000007ae600000,0x00000007ae600000,0x00000007af180000)
 ParOldGen       total 44032K, used 21469K [0x0000000780000000, 0x0000000782b00000, 0x00000007aab00000)
  object space 44032K, 48% used [0x0000000780000000,0x00000007814f7410,0x0000000782b00000)
 Metaspace       used 20875K, capacity 21083K, committed 21296K, reserved 1069056K
  class space    used 2036K, capacity 2112K, committed 2176K, reserved 1048576K
}
Event: 65.415 GC heap before
{Heap before GC invocations=9 (full 0):
 PSYoungGen      total 70656K, used 60928K [0x00000007aab00000, 0x00000007afd00000, 0x00000007c0000000)
  eden space 60416K, 100% used [0x00000007aab00000,0x00000007ae600000,0x00000007ae600000)
  from space 10240K, 5% used [0x00000007af300000,0x00000007af380020,0x00000007afd00000)
  to   space 11776K, 0% used [0x00000007ae600000,0x00000007ae600000,0x00000007af180000)
 ParOldGen       total 44032K, used 21469K [0x0000000780000000, 0x0000000782b00000, 0x00000007aab00000)
  object space 44032K, 48% used [0x0000000780000000,0x00000007814f7410,0x0000000782b00000)
 Metaspace       used 20875K, capacity 21083K, committed 21296K, reserved 1069056K
  class space    used 2036K, capacity 2112K, committed 2176K, reserved 1048576K
Event: 65.418 GC heap after
Heap after GC invocations=9 (full 0):
 PSYoungGen      total 58880K, used 96K [0x00000007aab00000, 0x00000007afb00000, 0x00000007c0000000)
  eden space 58368K, 0% used [0x00000007aab00000,0x00000007aab00000,0x00000007ae400000)
  from space 512K, 18% used [0x00000007ae600000,0x00000007ae618000,0x00000007ae680000)
  to   space 11776K, 0% used [0x00000007aef80000,0x00000007aef80000,0x00000007afb00000)
 ParOldGen       total 44032K, used 21853K [0x0000000780000000, 0x0000000782b00000, 0x00000007aab00000)
  object space 44032K, 49% used [0x0000000780000000,0x0000000781557430,0x0000000782b00000)
 Metaspace       used 20875K, capacity 21083K, committed 21296K, reserved 1069056K
  class space    used 2036K, capacity 2112K, committed 2176K, reserved 1048576K
}
Event: 73.349 GC heap before
{Heap before GC invocations=10 (full 0):
 PSYoungGen      total 58880K, used 30740K [0x00000007aab00000, 0x00000007afb00000, 0x00000007c0000000)
  eden space 58368K, 52% used [0x00000007aab00000,0x00000007ac8ed068,0x00000007ae400000)
  from space 512K, 18% used [0x00000007ae600000,0x00000007ae618000,0x00000007ae680000)
  to   space 11776K, 0% used [0x00000007aef80000,0x00000007aef80000,0x00000007afb00000)
 ParOldGen       total 44032K, used 21853K [0x0000000780000000, 0x0000000782b00000, 0x00000007aab00000)
  object space 44032K, 49% used [0x0000000780000000,0x0000000781557430,0x0000000782b00000)
 Metaspace       used 20910K, capacity 21083K, committed 21296K, reserved 1069056K
  class space    used 2036K, capacity 2112K, committed 2176K, reserved 1048576K
Event: 73.352 GC heap after
Heap after GC invocations=10 (full 0):
 PSYoungGen      total 66048K, used 64K [0x00000007aab00000, 0x00000007af900000, 0x00000007c0000000)
  eden space 56320K, 0% used [0x00000007aab00000,0x00000007aab00000,0x00000007ae200000)
  from space 9728K, 0% used [0x00000007aef80000,0x00000007aef90000,0x00000007af900000)
  to   space 11776K, 0% used [0x00000007ae200000,0x00000007ae200000,0x00000007aed80000)
 ParOldGen       total 44032K, used 21893K [0x0000000780000000, 0x0000000782b00000, 0x00000007aab00000)
  object space 44032K, 49% used [0x0000000780000000,0x0000000781561430,0x0000000782b00000)
 Metaspace       used 20910K, capacity 21083K, committed 21296K, reserved 1069056K
  class space    used 2036K, capacity 2112K, committed 2176K, reserved 1048576K
}
Event: 73.352 GC heap before
{Heap before GC invocations=11 (full 1):
 PSYoungGen      total 66048K, used 64K [0x00000007aab00000, 0x00000007af900000, 0x00000007c0000000)
  eden space 56320K, 0% used [0x00000007aab00000,0x00000007aab00000,0x00000007ae200000)
  from space 9728K, 0% used [0x00000007aef80000,0x00000007aef90000,0x00000007af900000)
  to   space 11776K, 0% used [0x00000007ae200000,0x00000007ae200000,0x00000007aed80000)
 ParOldGen       total 44032K, used 21893K [0x0000000780000000, 0x0000000782b00000, 0x00000007aab00000)
  object space 44032K, 49% used [0x0000000780000000,0x0000000781561430,0x0000000782b00000)
 Metaspace       used 20910K, capacity 21083K, committed 21296K, reserved 1069056K
  class space    used 2036K, capacity 2112K, committed 2176K, reserved 1048576K
Event: 73.405 GC heap after
Heap after GC invocations=11 (full 1):
 PSYoungGen      total 66048K, used 0K [0x00000007aab00000, 0x00000007af900000, 0x00000007c0000000)
  eden space 56320K, 0% used [0x00000007aab00000,0x00000007aab00000,0x00000007ae200000)
  from space 9728K, 0% used [0x00000007aef80000,0x00000007aef80000,0x00000007af900000)
  to   space 11776K, 0% used [0x00000007ae200000,0x00000007ae200000,0x00000007aed80000)
 ParOldGen       total 38912K, used 15340K [0x0000000780000000, 0x0000000782600000, 0x00000007aab00000)
  object space 38912K, 39% used [0x0000000780000000,0x0000000780efb310,0x0000000782600000)
 Metaspace       used 20910K, capacity 21083K, committed 21296K, reserved 1069056K
  class space    used 2036K, capacity 2112K, committed 2176K, reserved 1048576K
}

