# JRE version: Java(TM) SE Runtime Environment (8.0_77-b03) (build 1.8.0_77-b03)
# Java VM: Java HotSpot(TM) 64-Bit Server VM (25.77-b03 mixed mode bsd-amd64 compressed oops)
Heap:
 PSYoungGen      total 30208K, used 3745K [0x00000007aab00000, 0x00000007aeb80000, 0x00000007c0000000)
  eden space 29696K, 12% used [0x00000007aab00000,0x00000007aae90480,0x00000007ac800000)
  from space 512K, 18% used [0x00000007ad800000,0x00000007ad818000,0x00000007ad880000)
  to   space 10752K, 0% used [0x00000007ae100000,0x00000007ae100000,0x00000007aeb80000)
 ParOldGen       total 44032K, used 19911K [0x0000000780000000, 0x0000000782b00000, 0x00000007aab00000)
  object space 44032K, 45% used [0x0000000780000000,0x0000000781371f48,0x0000000782b00000)
 Metaspace       used 20853K, capacity 21015K, committed 21120K, reserved 1069056K
  class space    used 2043K, capacity 2112K, committed 2176K, reserved 1048576K
GC Heap History (10 events):
Event: 6.502 GC heap before
{Heap before GC invocations=5 (full 0):
 PSYoungGen      total 35328K, used 35312K [0x00000007aab00000, 0x00000007ad000000, 0x00000007c0000000)
  eden space 32768K, 100% used [0x00000007aab00000,0x00000007acb00000,0x00000007acb00000)
  from space 2560K, 99% used [0x00000007acd80000,0x00000007acffc060,0x00000007ad000000)
  to   space 2560K, 0% used [0x00000007acb00000,0x00000007acb00000,0x00000007acd80000)
 ParOldGen       total 44032K, used 13868K [0x0000000780000000, 0x0000000782b00000, 0x00000007aab00000)
  object space 44032K, 31% used [0x0000000780000000,0x0000000780d8b080,0x0000000782b00000)
 Metaspace       used 20508K, capacity 20695K, committed 20864K, reserved 1069056K
  class space    used 2035K, capacity 2112K, committed 2176K, reserved 1048576K
Event: 6.513 GC heap after
Heap after GC invocations=5 (full 0):
 PSYoungGen      total 35328K, used 2544K [0x00000007aab00000, 0x00000007afe00000, 0x00000007c0000000)
  eden space 32768K, 0% used [0x00000007aab00000,0x00000007aab00000,0x00000007acb00000)
  from space 2560K, 99% used [0x00000007acb00000,0x00000007acd7c080,0x00000007acd80000)
  to   space 9728K, 0% used [0x00000007af480000,0x00000007af480000,0x00000007afe00000)
 ParOldGen       total 44032K, used 17316K [0x0000000780000000, 0x0000000782b00000, 0x00000007aab00000)
  object space 44032K, 39% used [0x0000000780000000,0x00000007810e9150,0x0000000782b00000)
 Metaspace       used 20508K, capacity 20695K, committed 20864K, reserved 1069056K
  class space    used 2035K, capacity 2112K, committed 2176K, reserved 1048576K
}
Event: 15.053 GC heap before
{Heap before GC invocations=6 (full 0):
 PSYoungGen      total 35328K, used 35312K [0x00000007aab00000, 0x00000007afe00000, 0x00000007c0000000)
  eden space 32768K, 100% used [0x00000007aab00000,0x00000007acb00000,0x00000007acb00000)
  from space 2560K, 99% used [0x00000007acb00000,0x00000007acd7c080,0x00000007acd80000)
  to   space 9728K, 0% used [0x00000007af480000,0x00000007af480000,0x00000007afe00000)
 ParOldGen       total 44032K, used 17316K [0x0000000780000000, 0x0000000782b00000, 0x00000007aab00000)
  object space 44032K, 39% used [0x0000000780000000,0x00000007810e9150,0x0000000782b00000)
 Metaspace       used 20815K, capacity 21015K, committed 21120K, reserved 1069056K
  class space    used 2035K, capacity 2112K, committed 2176K, reserved 1048576K
Event: 15.063 GC heap after
Heap after GC invocations=6 (full 0):
 PSYoungGen      total 34816K, used 2656K [0x00000007aab00000, 0x00000007af780000, 0x00000007c0000000)
  eden space 31744K, 0% used [0x00000007aab00000,0x00000007aab00000,0x00000007aca00000)
  from space 3072K, 86% used [0x00000007af480000,0x00000007af718050,0x00000007af780000)
  to   space 10240K, 0% used [0x00000007ae380000,0x00000007ae380000,0x00000007aed80000)
 ParOldGen       total 44032K, used 17324K [0x0000000780000000, 0x0000000782b00000, 0x00000007aab00000)
  object space 44032K, 39% used [0x0000000780000000,0x00000007810eb150,0x0000000782b00000)
 Metaspace       used 20815K, capacity 21015K, committed 21120K, reserved 1069056K
  class space    used 2035K, capacity 2112K, committed 2176K, reserved 1048576K
}
Event: 23.553 GC heap before
{Heap before GC invocations=7 (full 0):
 PSYoungGen      total 34816K, used 34400K [0x00000007aab00000, 0x00000007af780000, 0x00000007c0000000)
  eden space 31744K, 100% used [0x00000007aab00000,0x00000007aca00000,0x00000007aca00000)
  from space 3072K, 86% used [0x00000007af480000,0x00000007af718050,0x00000007af780000)
  to   space 10240K, 0% used [0x00000007ae380000,0x00000007ae380000,0x00000007aed80000)
 ParOldGen       total 44032K, used 17324K [0x0000000780000000, 0x0000000782b00000, 0x00000007aab00000)
  object space 44032K, 39% used [0x0000000780000000,0x00000007810eb150,0x0000000782b00000)
 Metaspace       used 20816K, capacity 21015K, committed 21120K, reserved 1069056K
  class space    used 2035K, capacity 2112K, committed 2176K, reserved 1048576K
Event: 23.564 GC heap after
Heap after GC invocations=7 (full 0):
 PSYoungGen      total 32768K, used 1584K [0x00000007aab00000, 0x00000007af500000, 0x00000007c0000000)
  eden space 30720K, 0% used [0x00000007aab00000,0x00000007aab00000,0x00000007ac900000)
  from space 2048K, 77% used [0x00000007ae380000,0x00000007ae50c060,0x00000007ae580000)
  to   space 10240K, 0% used [0x00000007aeb00000,0x00000007aeb00000,0x00000007af500000)
 ParOldGen       total 44032K, used 18409K [0x0000000780000000, 0x0000000782b00000, 0x00000007aab00000)
  object space 44032K, 41% used [0x0000000780000000,0x00000007811fa7b8,0x0000000782b00000)
 Metaspace       used 20816K, capacity 21015K, committed 21120K, reserved 1069056K
  class space    used 2035K, capacity 2112K, committed 2176K, reserved 1048576K
}
Event: 31.935 GC heap before
{Heap before GC invocations=8 (full 0):
 PSYoungGen      total 32768K, used 32304K [0x00000007aab00000, 0x00000007af500000, 0x00000007c0000000)
  eden space 30720K, 100% used [0x00000007aab00000,0x00000007ac900000,0x00000007ac900000)
  from space 2048K, 77% used [0x00000007ae380000,0x00000007ae50c060,0x00000007ae580000)
  to   space 10240K, 0% used [0x00000007aeb00000,0x00000007aeb00000,0x00000007af500000)
 ParOldGen       total 44032K, used 18409K [0x0000000780000000, 0x0000000782b00000, 0x00000007aab00000)
  object space 44032K, 41% used [0x0000000780000000,0x00000007811fa7b8,0x0000000782b00000)
 Metaspace       used 20817K, capacity 21015K, committed 21120K, reserved 1069056K
  class space    used 2035K, capacity 2112K, committed 2176K, reserved 1048576K
Event: 31.938 GC heap after
Heap after GC invocations=8 (full 0):
 PSYoungGen      total 31232K, used 896K [0x00000007aab00000, 0x00000007aec00000, 0x00000007c0000000)
  eden space 30208K, 0% used [0x00000007aab00000,0x00000007aab00000,0x00000007ac880000)
  from space 1024K, 87% used [0x00000007aeb00000,0x00000007aebe0030,0x00000007aec00000)
  to   space 10240K, 0% used [0x00000007ad800000,0x00000007ad800000,0x00000007ae200000)
 ParOldGen       total 44032K, used 19079K [0x0000000780000000, 0x0000000782b00000, 0x00000007aab00000)
  object space 44032K, 43% used [0x0000000780000000,0x00000007812a1f18,0x0000000782b00000)
 Metaspace       used 20817K, capacity 21015K, committed 21120K, reserved 1069056K
  class space    used 2035K, capacity 2112K, committed 2176K, reserved 1048576K
}
Event: 40.218 GC heap before
{Heap before GC invocations=9 (full 0):
 PSYoungGen      total 31232K, used 31104K [0x00000007aab00000, 0x00000007aec00000, 0x00000007c0000000)
  eden space 30208K, 100% used [0x00000007aab00000,0x00000007ac880000,0x00000007ac880000)
  from space 1024K, 87% used [0x00000007aeb00000,0x00000007aebe0030,0x00000007aec00000)
  to   space 10240K, 0% used [0x00000007ad800000,0x00000007ad800000,0x00000007ae200000)
 ParOldGen       total 44032K, used 19079K [0x0000000780000000, 0x0000000782b00000, 0x00000007aab00000)
  object space 44032K, 43% used [0x0000000780000000,0x00000007812a1f18,0x0000000782b00000)
 Metaspace       used 20818K, capacity 21015K, committed 21120K, reserved 1069056K
  class space    used 2035K, capacity 2112K, committed 2176K, reserved 1048576K
Event: 40.220 GC heap after
Heap after GC invocations=9 (full 0):
 PSYoungGen      total 30208K, used 96K [0x00000007aab00000, 0x00000007aeb80000, 0x00000007c0000000)
  eden space 29696K, 0% used [0x00000007aab00000,0x00000007aab00000,0x00000007ac800000)
  from space 512K, 18% used [0x00000007ad800000,0x00000007ad818000,0x00000007ad880000)
  to   space 10752K, 0% used [0x00000007ae100000,0x00000007ae100000,0x00000007aeb80000)
 ParOldGen       total 44032K, used 19911K [0x0000000780000000, 0x0000000782b00000, 0x00000007aab00000)
  object space 44032K, 45% used [0x0000000780000000,0x0000000781371f48,0x0000000782b00000)
 Metaspace       used 20818K, capacity 21015K, committed 21120K, reserved 1069056K
  class space    used 2035K, capacity 2112K, committed 2176K, reserved 1048576K
}

