# JRE version: Java(TM) SE Runtime Environment (8.0_77-b03) (build 1.8.0_77-b03)
# Java VM: Java HotSpot(TM) 64-Bit Server VM (25.77-b03 mixed mode bsd-amd64 compressed oops)
Heap:
 PSYoungGen      total 192000K, used 136169K [0x00000007aab00000, 0x00000007b6780000, 0x00000007c0000000)
  eden space 191488K, 71% used [0x00000007aab00000,0x00000007b2fea4d0,0x00000007b6600000)
  from space 512K, 12% used [0x00000007b6600000,0x00000007b6610000,0x00000007b6680000)
  to   space 512K, 0% used [0x00000007b6700000,0x00000007b6700000,0x00000007b6780000)
 ParOldGen       total 160256K, used 104346K [0x0000000780000000, 0x0000000789c80000, 0x00000007aab00000)
  object space 160256K, 65% used [0x0000000780000000,0x00000007865e6ab0,0x0000000789c80000)
 Metaspace       used 23429K, capacity 23677K, committed 23936K, reserved 1071104K
  class space    used 2269K, capacity 2351K, committed 2432K, reserved 1048576K
GC Heap History (10 events):
Event: 614.278 GC heap before
{Heap before GC invocations=139 (full 2):
 PSYoungGen      total 190976K, used 190528K [0x00000007aab00000, 0x00000007b6600000, 0x00000007c0000000)
  eden space 190464K, 100% used [0x00000007aab00000,0x00000007b6500000,0x00000007b6500000)
  from space 512K, 12% used [0x00000007b6580000,0x00000007b6590000,0x00000007b6600000)
  to   space 512K, 0% used [0x00000007b6500000,0x00000007b6500000,0x00000007b6580000)
 ParOldGen       total 160256K, used 104346K [0x0000000780000000, 0x0000000789c80000, 0x00000007aab00000)
  object space 160256K, 65% used [0x0000000780000000,0x00000007865e6ab0,0x0000000789c80000)
 Metaspace       used 23412K, capacity 23677K, committed 23936K, reserved 1071104K
  class space    used 2265K, capacity 2351K, committed 2432K, reserved 1048576K
Event: 614.279 GC heap after
Heap after GC invocations=139 (full 2):
 PSYoungGen      total 190976K, used 64K [0x00000007aab00000, 0x00000007b6680000, 0x00000007c0000000)
  eden space 190464K, 0% used [0x00000007aab00000,0x00000007aab00000,0x00000007b6500000)
  from space 512K, 12% used [0x00000007b6500000,0x00000007b6510000,0x00000007b6580000)
  to   space 512K, 0% used [0x00000007b6600000,0x00000007b6600000,0x00000007b6680000)
 ParOldGen       total 160256K, used 104346K [0x0000000780000000, 0x0000000789c80000, 0x00000007aab00000)
  object space 160256K, 65% used [0x0000000780000000,0x00000007865e6ab0,0x0000000789c80000)
 Metaspace       used 23412K, capacity 23677K, committed 23936K, reserved 1071104K
  class space    used 2265K, capacity 2351K, committed 2432K, reserved 1048576K
}
Event: 620.106 GC heap before
{Heap before GC invocations=140 (full 2):
 PSYoungGen      total 190976K, used 190528K [0x00000007aab00000, 0x00000007b6680000, 0x00000007c0000000)
  eden space 190464K, 100% used [0x00000007aab00000,0x00000007b6500000,0x00000007b6500000)
  from space 512K, 12% used [0x00000007b6500000,0x00000007b6510000,0x00000007b6580000)
  to   space 512K, 0% used [0x00000007b6600000,0x00000007b6600000,0x00000007b6680000)
 ParOldGen       total 160256K, used 104346K [0x0000000780000000, 0x0000000789c80000, 0x00000007aab00000)
  object space 160256K, 65% used [0x0000000780000000,0x00000007865e6ab0,0x0000000789c80000)
 Metaspace       used 23412K, capacity 23677K, committed 23936K, reserved 1071104K
  class space    used 2265K, capacity 2351K, committed 2432K, reserved 1048576K
Event: 620.108 GC heap after
Heap after GC invocations=140 (full 2):
 PSYoungGen      total 191488K, used 96K [0x00000007aab00000, 0x00000007b6680000, 0x00000007c0000000)
  eden space 190976K, 0% used [0x00000007aab00000,0x00000007aab00000,0x00000007b6580000)
  from space 512K, 18% used [0x00000007b6600000,0x00000007b6618000,0x00000007b6680000)
  to   space 512K, 0% used [0x00000007b6580000,0x00000007b6580000,0x00000007b6600000)
 ParOldGen       total 160256K, used 104346K [0x0000000780000000, 0x0000000789c80000, 0x00000007aab00000)
  object space 160256K, 65% used [0x0000000780000000,0x00000007865e6ab0,0x0000000789c80000)
 Metaspace       used 23412K, capacity 23677K, committed 23936K, reserved 1071104K
  class space    used 2265K, capacity 2351K, committed 2432K, reserved 1048576K
}
Event: 625.839 GC heap before
{Heap before GC invocations=141 (full 2):
 PSYoungGen      total 191488K, used 191072K [0x00000007aab00000, 0x00000007b6680000, 0x00000007c0000000)
  eden space 190976K, 100% used [0x00000007aab00000,0x00000007b6580000,0x00000007b6580000)
  from space 512K, 18% used [0x00000007b6600000,0x00000007b6618000,0x00000007b6680000)
  to   space 512K, 0% used [0x00000007b6580000,0x00000007b6580000,0x00000007b6600000)
 ParOldGen       total 160256K, used 104346K [0x0000000780000000, 0x0000000789c80000, 0x00000007aab00000)
  object space 160256K, 65% used [0x0000000780000000,0x00000007865e6ab0,0x0000000789c80000)
 Metaspace       used 23412K, capacity 23677K, committed 23936K, reserved 1071104K
  class space    used 2265K, capacity 2351K, committed 2432K, reserved 1048576K
Event: 625.841 GC heap after
Heap after GC invocations=141 (full 2):
 PSYoungGen      total 191488K, used 64K [0x00000007aab00000, 0x00000007b6700000, 0x00000007c0000000)
  eden space 190976K, 0% used [0x00000007aab00000,0x00000007aab00000,0x00000007b6580000)
  from space 512K, 12% used [0x00000007b6580000,0x00000007b6590000,0x00000007b6600000)
  to   space 512K, 0% used [0x00000007b6680000,0x00000007b6680000,0x00000007b6700000)
 ParOldGen       total 160256K, used 104346K [0x0000000780000000, 0x0000000789c80000, 0x00000007aab00000)
  object space 160256K, 65% used [0x0000000780000000,0x00000007865e6ab0,0x0000000789c80000)
 Metaspace       used 23412K, capacity 23677K, committed 23936K, reserved 1071104K
  class space    used 2265K, capacity 2351K, committed 2432K, reserved 1048576K
}
Event: 631.563 GC heap before
{Heap before GC invocations=142 (full 2):
 PSYoungGen      total 191488K, used 191040K [0x00000007aab00000, 0x00000007b6700000, 0x00000007c0000000)
  eden space 190976K, 100% used [0x00000007aab00000,0x00000007b6580000,0x00000007b6580000)
  from space 512K, 12% used [0x00000007b6580000,0x00000007b6590000,0x00000007b6600000)
  to   space 512K, 0% used [0x00000007b6680000,0x00000007b6680000,0x00000007b6700000)
 ParOldGen       total 160256K, used 104346K [0x0000000780000000, 0x0000000789c80000, 0x00000007aab00000)
  object space 160256K, 65% used [0x0000000780000000,0x00000007865e6ab0,0x0000000789c80000)
 Metaspace       used 23412K, capacity 23677K, committed 23936K, reserved 1071104K
  class space    used 2265K, capacity 2351K, committed 2432K, reserved 1048576K
Event: 631.565 GC heap after
Heap after GC invocations=142 (full 2):
 PSYoungGen      total 192000K, used 64K [0x00000007aab00000, 0x00000007b6700000, 0x00000007c0000000)
  eden space 191488K, 0% used [0x00000007aab00000,0x00000007aab00000,0x00000007b6600000)
  from space 512K, 12% used [0x00000007b6680000,0x00000007b6690000,0x00000007b6700000)
  to   space 512K, 0% used [0x00000007b6600000,0x00000007b6600000,0x00000007b6680000)
 ParOldGen       total 160256K, used 104346K [0x0000000780000000, 0x0000000789c80000, 0x00000007aab00000)
  object space 160256K, 65% used [0x0000000780000000,0x00000007865e6ab0,0x0000000789c80000)
 Metaspace       used 23412K, capacity 23677K, committed 23936K, reserved 1071104K
  class space    used 2265K, capacity 2351K, committed 2432K, reserved 1048576K
}
Event: 637.519 GC heap before
{Heap before GC invocations=143 (full 2):
 PSYoungGen      total 192000K, used 191552K [0x00000007aab00000, 0x00000007b6700000, 0x00000007c0000000)
  eden space 191488K, 100% used [0x00000007aab00000,0x00000007b6600000,0x00000007b6600000)
  from space 512K, 12% used [0x00000007b6680000,0x00000007b6690000,0x00000007b6700000)
  to   space 512K, 0% used [0x00000007b6600000,0x00000007b6600000,0x00000007b6680000)
 ParOldGen       total 160256K, used 104346K [0x0000000780000000, 0x0000000789c80000, 0x00000007aab00000)
  object space 160256K, 65% used [0x0000000780000000,0x00000007865e6ab0,0x0000000789c80000)
 Metaspace       used 23412K, capacity 23677K, committed 23936K, reserved 1071104K
  class space    used 2265K, capacity 2351K, committed 2432K, reserved 1048576K
Event: 637.521 GC heap after
Heap after GC invocations=143 (full 2):
 PSYoungGen      total 192000K, used 64K [0x00000007aab00000, 0x00000007b6780000, 0x00000007c0000000)
  eden space 191488K, 0% used [0x00000007aab00000,0x00000007aab00000,0x00000007b6600000)
  from space 512K, 12% used [0x00000007b6600000,0x00000007b6610000,0x00000007b6680000)
  to   space 512K, 0% used [0x00000007b6700000,0x00000007b6700000,0x00000007b6780000)
 ParOldGen       total 160256K, used 104346K [0x0000000780000000, 0x0000000789c80000, 0x00000007aab00000)
  object space 160256K, 65% used [0x0000000780000000,0x00000007865e6ab0,0x0000000789c80000)
 Metaspace       used 23412K, capacity 23677K, committed 23936K, reserved 1071104K
  class space    used 2265K, capacity 2351K, committed 2432K, reserved 1048576K
}

