# JRE version: Java(TM) SE Runtime Environment (8.0_77-b03) (build 1.8.0_77-b03)
# Java VM: Java HotSpot(TM) 64-Bit Server VM (25.77-b03 mixed mode bsd-amd64 compressed oops)
Heap:
 PSYoungGen      total 25600K, used 14333K [0x00000007aab00000, 0x00000007ace00000, 0x00000007c0000000)
  eden space 16384K, 55% used [0x00000007aab00000,0x00000007ab3d75f0,0x00000007abb00000)
  from space 9216K, 57% used [0x00000007ac500000,0x00000007aca28140,0x00000007ace00000)
  to   space 9728K, 0% used [0x00000007abb00000,0x00000007abb00000,0x00000007ac480000)
 ParOldGen       total 44032K, used 21475K [0x0000000780000000, 0x0000000782b00000, 0x00000007aab00000)
  object space 44032K, 48% used [0x0000000780000000,0x00000007814f8c78,0x0000000782b00000)
 Metaspace       used 20683K, capacity 20835K, committed 21120K, reserved 1069056K
  class space    used 2008K, capacity 2078K, committed 2176K, reserved 1048576K
GC Heap History (10 events):
Event: 17.589 GC heap before
{Heap before GC invocations=6 (full 0):
 PSYoungGen      total 18944K, used 18928K [0x00000007aab00000, 0x00000007adf00000, 0x00000007c0000000)
  eden space 16384K, 100% used [0x00000007aab00000,0x00000007abb00000,0x00000007abb00000)
  from space 2560K, 99% used [0x00000007abb00000,0x00000007abd7c080,0x00000007abd80000)
  to   space 10240K, 0% used [0x00000007ad500000,0x00000007ad500000,0x00000007adf00000)
 ParOldGen       total 44032K, used 16373K [0x0000000780000000, 0x0000000782b00000, 0x00000007aab00000)
  object space 44032K, 37% used [0x0000000780000000,0x0000000780ffd4c8,0x0000000782b00000)
 Metaspace       used 20339K, capacity 20505K, committed 20864K, reserved 1069056K
  class space    used 1999K, capacity 2077K, committed 2176K, reserved 1048576K
Event: 17.596 GC heap after
Heap after GC invocations=6 (full 0):
 PSYoungGen      total 19456K, used 2608K [0x00000007aab00000, 0x00000007ad800000, 0x00000007c0000000)
  eden space 16384K, 0% used [0x00000007aab00000,0x00000007aab00000,0x00000007abb00000)
  from space 3072K, 84% used [0x00000007ad500000,0x00000007ad78c060,0x00000007ad800000)
  to   space 10240K, 0% used [0x00000007ac400000,0x00000007ac400000,0x00000007ace00000)
 ParOldGen       total 44032K, used 16381K [0x0000000780000000, 0x0000000782b00000, 0x00000007aab00000)
  object space 44032K, 37% used [0x0000000780000000,0x0000000780fff4c8,0x0000000782b00000)
 Metaspace       used 20339K, capacity 20505K, committed 20864K, reserved 1069056K
  class space    used 1999K, capacity 2077K, committed 2176K, reserved 1048576K
}
Event: 21.704 GC heap before
{Heap before GC invocations=7 (full 0):
 PSYoungGen      total 19456K, used 18992K [0x00000007aab00000, 0x00000007ad800000, 0x00000007c0000000)
  eden space 16384K, 100% used [0x00000007aab00000,0x00000007abb00000,0x00000007abb00000)
  from space 3072K, 84% used [0x00000007ad500000,0x00000007ad78c060,0x00000007ad800000)
  to   space 10240K, 0% used [0x00000007ac400000,0x00000007ac400000,0x00000007ace00000)
 ParOldGen       total 44032K, used 16381K [0x0000000780000000, 0x0000000782b00000, 0x00000007aab00000)
  object space 44032K, 37% used [0x0000000780000000,0x0000000780fff4c8,0x0000000782b00000)
 Metaspace       used 20497K, capacity 20707K, committed 20864K, reserved 1069056K
  class space    used 1999K, capacity 2078K, committed 2176K, reserved 1048576K
Event: 21.713 GC heap after
Heap after GC invocations=7 (full 0):
 PSYoungGen      total 18432K, used 1648K [0x00000007aab00000, 0x00000007ad580000, 0x00000007c0000000)
  eden space 16384K, 0% used [0x00000007aab00000,0x00000007aab00000,0x00000007abb00000)
  from space 2048K, 80% used [0x00000007ac400000,0x00000007ac59c060,0x00000007ac600000)
  to   space 10240K, 0% used [0x00000007acb80000,0x00000007acb80000,0x00000007ad580000)
 ParOldGen       total 44032K, used 17406K [0x0000000780000000, 0x0000000782b00000, 0x00000007aab00000)
  object space 44032K, 39% used [0x0000000780000000,0x00000007810ffb40,0x0000000782b00000)
 Metaspace       used 20497K, capacity 20707K, committed 20864K, reserved 1069056K
  class space    used 1999K, capacity 2078K, committed 2176K, reserved 1048576K
}
Event: 23.120 GC heap before
{Heap before GC invocations=8 (full 0):
 PSYoungGen      total 18432K, used 18032K [0x00000007aab00000, 0x00000007ad580000, 0x00000007c0000000)
  eden space 16384K, 100% used [0x00000007aab00000,0x00000007abb00000,0x00000007abb00000)
  from space 2048K, 80% used [0x00000007ac400000,0x00000007ac59c060,0x00000007ac600000)
  to   space 10240K, 0% used [0x00000007acb80000,0x00000007acb80000,0x00000007ad580000)
 ParOldGen       total 44032K, used 17406K [0x0000000780000000, 0x0000000782b00000, 0x00000007aab00000)
  object space 44032K, 39% used [0x0000000780000000,0x00000007810ffb40,0x0000000782b00000)
 Metaspace       used 20526K, capacity 20707K, committed 20864K, reserved 1069056K
  class space    used 2000K, capacity 2078K, committed 2176K, reserved 1048576K
Event: 23.124 GC heap after
Heap after GC invocations=8 (full 0):
 PSYoungGen      total 20992K, used 4480K [0x00000007aab00000, 0x00000007ad000000, 0x00000007c0000000)
  eden space 16384K, 0% used [0x00000007aab00000,0x00000007aab00000,0x00000007abb00000)
  from space 4608K, 97% used [0x00000007acb80000,0x00000007acfe0120,0x00000007ad000000)
  to   space 9728K, 0% used [0x00000007abd00000,0x00000007abd00000,0x00000007ac680000)
 ParOldGen       total 44032K, used 18154K [0x0000000780000000, 0x0000000782b00000, 0x00000007aab00000)
  object space 44032K, 41% used [0x0000000780000000,0x00000007811baaf8,0x0000000782b00000)
 Metaspace       used 20526K, capacity 20707K, committed 20864K, reserved 1069056K
  class space    used 2000K, capacity 2078K, committed 2176K, reserved 1048576K
}
Event: 23.359 GC heap before
{Heap before GC invocations=9 (full 0):
 PSYoungGen      total 20992K, used 20642K [0x00000007aab00000, 0x00000007ad000000, 0x00000007c0000000)
  eden space 16384K, 98% used [0x00000007aab00000,0x00000007abac87b8,0x00000007abb00000)
  from space 4608K, 97% used [0x00000007acb80000,0x00000007acfe0120,0x00000007ad000000)
  to   space 9728K, 0% used [0x00000007abd00000,0x00000007abd00000,0x00000007ac680000)
 ParOldGen       total 44032K, used 18154K [0x0000000780000000, 0x0000000782b00000, 0x00000007aab00000)
  object space 44032K, 41% used [0x0000000780000000,0x00000007811baaf8,0x0000000782b00000)
 Metaspace       used 20545K, capacity 20707K, committed 20864K, reserved 1069056K
  class space    used 2000K, capacity 2078K, committed 2176K, reserved 1048576K
Event: 23.363 GC heap after
Heap after GC invocations=9 (full 0):
 PSYoungGen      total 23552K, used 6976K [0x00000007aab00000, 0x00000007acf00000, 0x00000007c0000000)
  eden space 16384K, 0% used [0x00000007aab00000,0x00000007aab00000,0x00000007abb00000)
  from space 7168K, 97% used [0x00000007abd00000,0x00000007ac3d01c0,0x00000007ac400000)
  to   space 10240K, 0% used [0x00000007ac500000,0x00000007ac500000,0x00000007acf00000)
 ParOldGen       total 44032K, used 18970K [0x0000000780000000, 0x0000000782b00000, 0x00000007aab00000)
  object space 44032K, 43% used [0x0000000780000000,0x0000000781286b28,0x0000000782b00000)
 Metaspace       used 20545K, capacity 20707K, committed 20864K, reserved 1069056K
  class space    used 2000K, capacity 2078K, committed 2176K, reserved 1048576K
}
Event: 27.771 GC heap before
{Heap before GC invocations=10 (full 0):
 PSYoungGen      total 23552K, used 23360K [0x00000007aab00000, 0x00000007acf00000, 0x00000007c0000000)
  eden space 16384K, 100% used [0x00000007aab00000,0x00000007abb00000,0x00000007abb00000)
  from space 7168K, 97% used [0x00000007abd00000,0x00000007ac3d01c0,0x00000007ac400000)
  to   space 10240K, 0% used [0x00000007ac500000,0x00000007ac500000,0x00000007acf00000)
 ParOldGen       total 44032K, used 18970K [0x0000000780000000, 0x0000000782b00000, 0x00000007aab00000)
  object space 44032K, 43% used [0x0000000780000000,0x0000000781286b28,0x0000000782b00000)
 Metaspace       used 20635K, capacity 20835K, committed 21120K, reserved 1069056K
  class space    used 2000K, capacity 2078K, committed 2176K, reserved 1048576K
Event: 27.777 GC heap after
Heap after GC invocations=10 (full 0):
 PSYoungGen      total 25600K, used 5280K [0x00000007aab00000, 0x00000007ace00000, 0x00000007c0000000)
  eden space 16384K, 0% used [0x00000007aab00000,0x00000007aab00000,0x00000007abb00000)
  from space 9216K, 57% used [0x00000007ac500000,0x00000007aca28140,0x00000007ace00000)
  to   space 9728K, 0% used [0x00000007abb00000,0x00000007abb00000,0x00000007ac480000)
 ParOldGen       total 44032K, used 21475K [0x0000000780000000, 0x0000000782b00000, 0x00000007aab00000)
  object space 44032K, 48% used [0x0000000780000000,0x00000007814f8c78,0x0000000782b00000)
 Metaspace       used 20635K, capacity 20835K, committed 21120K, reserved 1069056K
  class space    used 2000K, capacity 2078K, committed 2176K, reserved 1048576K
}

