# JRE version: Java(TM) SE Runtime Environment (8.0_77-b03) (build 1.8.0_77-b03)
# Java VM: Java HotSpot(TM) 64-Bit Server VM (25.77-b03 mixed mode bsd-amd64 compressed oops)
Heap:
 PSYoungGen      total 177152K, used 105000K [0x00000007aab00000, 0x00000007b9400000, 0x00000007c0000000)
  eden space 128000K, 49% used [0x00000007aab00000,0x00000007ae870b30,0x00000007b2800000)
  from space 49152K, 85% used [0x00000007b5c00000,0x00000007b8519638,0x00000007b8c00000)
  to   space 53248K, 0% used [0x00000007b2800000,0x00000007b2800000,0x00000007b5c00000)
 ParOldGen       total 97280K, used 44962K [0x0000000780000000, 0x0000000785f00000, 0x00000007aab00000)
  object space 97280K, 46% used [0x0000000780000000,0x0000000782be8bf0,0x0000000785f00000)
 Metaspace       used 21615K, capacity 21827K, committed 22144K, reserved 1069056K
  class space    used 2065K, capacity 2144K, committed 2176K, reserved 1048576K
GC Heap History (10 events):
Event: 23.591 GC heap before
{Heap before GC invocations=17 (full 1):
 PSYoungGen      total 140288K, used 128132K [0x00000007aab00000, 0x00000007b6a80000, 0x00000007c0000000)
  eden space 100864K, 100% used [0x00000007aab00000,0x00000007b0d80000,0x00000007b0d80000)
  from space 39424K, 69% used [0x00000007b0d80000,0x00000007b2821268,0x00000007b3400000)
  to   space 40448K, 0% used [0x00000007b4300000,0x00000007b4300000,0x00000007b6a80000)
 ParOldGen       total 97280K, used 44954K [0x0000000780000000, 0x0000000785f00000, 0x00000007aab00000)
  object space 97280K, 46% used [0x0000000780000000,0x0000000782be6bf0,0x0000000785f00000)
 Metaspace       used 21325K, capacity 21507K, committed 21632K, reserved 1069056K
  class space    used 2057K, capacity 2144K, committed 2176K, reserved 1048576K
Event: 23.609 GC heap after
Heap after GC invocations=17 (full 1):
 PSYoungGen      total 155136K, used 27268K [0x00000007aab00000, 0x00000007b6b00000, 0x00000007c0000000)
  eden space 114688K, 0% used [0x00000007aab00000,0x00000007aab00000,0x00000007b1b00000)
  from space 40448K, 67% used [0x00000007b4300000,0x00000007b5da1268,0x00000007b6a80000)
  to   space 40960K, 0% used [0x00000007b1b00000,0x00000007b1b00000,0x00000007b4300000)
 ParOldGen       total 97280K, used 44954K [0x0000000780000000, 0x0000000785f00000, 0x00000007aab00000)
  object space 97280K, 46% used [0x0000000780000000,0x0000000782be6bf0,0x0000000785f00000)
 Metaspace       used 21325K, capacity 21507K, committed 21632K, reserved 1069056K
  class space    used 2057K, capacity 2144K, committed 2176K, reserved 1048576K
}
Event: 25.881 GC heap before
{Heap before GC invocations=18 (full 1):
 PSYoungGen      total 155136K, used 141956K [0x00000007aab00000, 0x00000007b6b00000, 0x00000007c0000000)
  eden space 114688K, 100% used [0x00000007aab00000,0x00000007b1b00000,0x00000007b1b00000)
  from space 40448K, 67% used [0x00000007b4300000,0x00000007b5da1268,0x00000007b6a80000)
  to   space 40960K, 0% used [0x00000007b1b00000,0x00000007b1b00000,0x00000007b4300000)
 ParOldGen       total 97280K, used 44954K [0x0000000780000000, 0x0000000785f00000, 0x00000007aab00000)
  object space 97280K, 46% used [0x0000000780000000,0x0000000782be6bf0,0x0000000785f00000)
 Metaspace       used 21406K, capacity 21635K, committed 21888K, reserved 1069056K
  class space    used 2058K, capacity 2144K, committed 2176K, reserved 1048576K
Event: 25.894 GC heap after
Heap after GC invocations=18 (full 1):
 PSYoungGen      total 155648K, used 27332K [0x00000007aab00000, 0x00000007b7580000, 0x00000007c0000000)
  eden space 114688K, 0% used [0x00000007aab00000,0x00000007aab00000,0x00000007b1b00000)
  from space 40960K, 66% used [0x00000007b1b00000,0x00000007b35b1268,0x00000007b4300000)
  to   space 41472K, 0% used [0x00000007b4d00000,0x00000007b4d00000,0x00000007b7580000)
 ParOldGen       total 97280K, used 44954K [0x0000000780000000, 0x0000000785f00000, 0x00000007aab00000)
  object space 97280K, 46% used [0x0000000780000000,0x0000000782be6bf0,0x0000000785f00000)
 Metaspace       used 21406K, capacity 21635K, committed 21888K, reserved 1069056K
  class space    used 2058K, capacity 2144K, committed 2176K, reserved 1048576K
}
Event: 27.770 GC heap before
{Heap before GC invocations=19 (full 1):
 PSYoungGen      total 155648K, used 141987K [0x00000007aab00000, 0x00000007b7580000, 0x00000007c0000000)
  eden space 114688K, 99% used [0x00000007aab00000,0x00000007b1af7c48,0x00000007b1b00000)
  from space 40960K, 66% used [0x00000007b1b00000,0x00000007b35b1268,0x00000007b4300000)
  to   space 41472K, 0% used [0x00000007b4d00000,0x00000007b4d00000,0x00000007b7580000)
 ParOldGen       total 97280K, used 44954K [0x0000000780000000, 0x0000000785f00000, 0x00000007aab00000)
  object space 97280K, 46% used [0x0000000780000000,0x0000000782be6bf0,0x0000000785f00000)
 Metaspace       used 21468K, capacity 21635K, committed 21888K, reserved 1069056K
  class space    used 2058K, capacity 2144K, committed 2176K, reserved 1048576K
Event: 27.793 GC heap after
Heap after GC invocations=19 (full 1):
 PSYoungGen      total 163328K, used 34021K [0x00000007aab00000, 0x00000007b7a80000, 0x00000007c0000000)
  eden space 121856K, 0% used [0x00000007aab00000,0x00000007aab00000,0x00000007b2200000)
  from space 41472K, 82% used [0x00000007b4d00000,0x00000007b6e39438,0x00000007b7580000)
  to   space 44032K, 0% used [0x00000007b2200000,0x00000007b2200000,0x00000007b4d00000)
 ParOldGen       total 97280K, used 44962K [0x0000000780000000, 0x0000000785f00000, 0x00000007aab00000)
  object space 97280K, 46% used [0x0000000780000000,0x0000000782be8bf0,0x0000000785f00000)
 Metaspace       used 21468K, capacity 21635K, committed 21888K, reserved 1069056K
  class space    used 2058K, capacity 2144K, committed 2176K, reserved 1048576K
}
Event: 29.844 GC heap before
{Heap before GC invocations=20 (full 1):
 PSYoungGen      total 163328K, used 155877K [0x00000007aab00000, 0x00000007b7a80000, 0x00000007c0000000)
  eden space 121856K, 100% used [0x00000007aab00000,0x00000007b2200000,0x00000007b2200000)
  from space 41472K, 82% used [0x00000007b4d00000,0x00000007b6e39438,0x00000007b7580000)
  to   space 44032K, 0% used [0x00000007b2200000,0x00000007b2200000,0x00000007b4d00000)
 ParOldGen       total 97280K, used 44962K [0x0000000780000000, 0x0000000785f00000, 0x00000007aab00000)
  object space 97280K, 46% used [0x0000000780000000,0x0000000782be8bf0,0x0000000785f00000)
 Metaspace       used 21573K, capacity 21763K, committed 21888K, reserved 1069056K
  class space    used 2058K, capacity 2144K, committed 2176K, reserved 1048576K
Event: 29.861 GC heap after
Heap after GC invocations=20 (full 1):
 PSYoungGen      total 165888K, used 42133K [0x00000007aab00000, 0x00000007b8c00000, 0x00000007c0000000)
  eden space 121856K, 0% used [0x00000007aab00000,0x00000007aab00000,0x00000007b2200000)
  from space 44032K, 95% used [0x00000007b2200000,0x00000007b4b25628,0x00000007b4d00000)
  to   space 49152K, 0% used [0x00000007b5c00000,0x00000007b5c00000,0x00000007b8c00000)
 ParOldGen       total 97280K, used 44962K [0x0000000780000000, 0x0000000785f00000, 0x00000007aab00000)
  object space 97280K, 46% used [0x0000000780000000,0x0000000782be8bf0,0x0000000785f00000)
 Metaspace       used 21573K, capacity 21763K, committed 21888K, reserved 1069056K
  class space    used 2058K, capacity 2144K, committed 2176K, reserved 1048576K
}
Event: 32.400 GC heap before
{Heap before GC invocations=21 (full 1):
 PSYoungGen      total 165888K, used 163989K [0x00000007aab00000, 0x00000007b8c00000, 0x00000007c0000000)
  eden space 121856K, 100% used [0x00000007aab00000,0x00000007b2200000,0x00000007b2200000)
  from space 44032K, 95% used [0x00000007b2200000,0x00000007b4b25628,0x00000007b4d00000)
  to   space 49152K, 0% used [0x00000007b5c00000,0x00000007b5c00000,0x00000007b8c00000)
 ParOldGen       total 97280K, used 44962K [0x0000000780000000, 0x0000000785f00000, 0x00000007aab00000)
  object space 97280K, 46% used [0x0000000780000000,0x0000000782be8bf0,0x0000000785f00000)
 Metaspace       used 21575K, capacity 21763K, committed 21888K, reserved 1069056K
  class space    used 2058K, capacity 2144K, committed 2176K, reserved 1048576K
Event: 32.430 GC heap after
Heap after GC invocations=21 (full 1):
 PSYoungGen      total 177152K, used 42085K [0x00000007aab00000, 0x00000007b9400000, 0x00000007c0000000)
  eden space 128000K, 0% used [0x00000007aab00000,0x00000007aab00000,0x00000007b2800000)
  from space 49152K, 85% used [0x00000007b5c00000,0x00000007b8519638,0x00000007b8c00000)
  to   space 53248K, 0% used [0x00000007b2800000,0x00000007b2800000,0x00000007b5c00000)
 ParOldGen       total 97280K, used 44962K [0x0000000780000000, 0x0000000785f00000, 0x00000007aab00000)
  object space 97280K, 46% used [0x0000000780000000,0x0000000782be8bf0,0x0000000785f00000)
 Metaspace       used 21575K, capacity 21763K, committed 21888K, reserved 1069056K
  class space    used 2058K, capacity 2144K, committed 2176K, reserved 1048576K
}

