# JRE version: Java(TM) SE Runtime Environment (8.0_77-b03) (build 1.8.0_77-b03)
# Java VM: Java HotSpot(TM) 64-Bit Server VM (25.77-b03 mixed mode bsd-amd64 compressed oops)
Heap:
 PSYoungGen      total 136192K, used 111449K [0x00000007aab00000, 0x00000007b6300000, 0x00000007c0000000)
  eden space 102912K, 75% used [0x00000007aab00000,0x00000007af759da8,0x00000007b0f80000)
  from space 33280K, 99% used [0x00000007b3580000,0x00000007b55fc830,0x00000007b5600000)
  to   space 38912K, 0% used [0x00000007b0f80000,0x00000007b0f80000,0x00000007b3580000)
 ParOldGen       total 76288K, used 28052K [0x0000000780000000, 0x0000000784a80000, 0x00000007aab00000)
  object space 76288K, 36% used [0x0000000780000000,0x0000000781b651d0,0x0000000784a80000)
 Metaspace       used 21390K, capacity 21623K, committed 21888K, reserved 1069056K
  class space    used 2068K, capacity 2144K, committed 2176K, reserved 1048576K
GC Heap History (10 events):
Event: 16.363 GC heap before
{Heap before GC invocations=16 (full 2):
 PSYoungGen      total 94720K, used 72442K [0x00000007aab00000, 0x00000007b3200000, 0x00000007c0000000)
  eden space 66560K, 100% used [0x00000007aab00000,0x00000007aec00000,0x00000007aec00000)
  from space 28160K, 20% used [0x00000007aec00000,0x00000007af1be9d0,0x00000007b0780000)
  to   space 27136K, 0% used [0x00000007b1780000,0x00000007b1780000,0x00000007b3200000)
 ParOldGen       total 76288K, used 24940K [0x0000000780000000, 0x0000000784a80000, 0x00000007aab00000)
  object space 76288K, 32% used [0x0000000780000000,0x000000078185b110,0x0000000784a80000)
 Metaspace       used 20926K, capacity 21175K, committed 21376K, reserved 1069056K
  class space    used 2059K, capacity 2144K, committed 2176K, reserved 1048576K
Event: 16.369 GC heap after
Heap after GC invocations=16 (full 2):
 PSYoungGen      total 103936K, used 8768K [0x00000007aab00000, 0x00000007b2d00000, 0x00000007c0000000)
  eden space 81920K, 0% used [0x00000007aab00000,0x00000007aab00000,0x00000007afb00000)
  from space 22016K, 39% used [0x00000007b1780000,0x00000007b2010230,0x00000007b2d00000)
  to   space 25600K, 0% used [0x00000007afb00000,0x00000007afb00000,0x00000007b1400000)
 ParOldGen       total 76288K, used 24948K [0x0000000780000000, 0x0000000784a80000, 0x00000007aab00000)
  object space 76288K, 32% used [0x0000000780000000,0x000000078185d110,0x0000000784a80000)
 Metaspace       used 20926K, capacity 21175K, committed 21376K, reserved 1069056K
  class space    used 2059K, capacity 2144K, committed 2176K, reserved 1048576K
}
Event: 17.922 GC heap before
{Heap before GC invocations=17 (full 2):
 PSYoungGen      total 103936K, used 90688K [0x00000007aab00000, 0x00000007b2d00000, 0x00000007c0000000)
  eden space 81920K, 100% used [0x00000007aab00000,0x00000007afb00000,0x00000007afb00000)
  from space 22016K, 39% used [0x00000007b1780000,0x00000007b2010230,0x00000007b2d00000)
  to   space 25600K, 0% used [0x00000007afb00000,0x00000007afb00000,0x00000007b1400000)
 ParOldGen       total 76288K, used 24948K [0x0000000780000000, 0x0000000784a80000, 0x00000007aab00000)
  object space 76288K, 32% used [0x0000000780000000,0x000000078185d110,0x0000000784a80000)
 Metaspace       used 20993K, capacity 21239K, committed 21376K, reserved 1069056K
  class space    used 2059K, capacity 2144K, committed 2176K, reserved 1048576K
Event: 17.930 GC heap after
Heap after GC invocations=17 (full 2):
 PSYoungGen      total 107520K, used 15937K [0x00000007aab00000, 0x00000007b3f80000, 0x00000007c0000000)
  eden space 81920K, 0% used [0x00000007aab00000,0x00000007aab00000,0x00000007afb00000)
  from space 25600K, 62% used [0x00000007afb00000,0x00000007b0a90410,0x00000007b1400000)
  to   space 26624K, 0% used [0x00000007b2580000,0x00000007b2580000,0x00000007b3f80000)
 ParOldGen       total 76288K, used 24956K [0x0000000780000000, 0x0000000784a80000, 0x00000007aab00000)
  object space 76288K, 32% used [0x0000000780000000,0x000000078185f110,0x0000000784a80000)
 Metaspace       used 20993K, capacity 21239K, committed 21376K, reserved 1069056K
  class space    used 2059K, capacity 2144K, committed 2176K, reserved 1048576K
}
Event: 19.571 GC heap before
{Heap before GC invocations=18 (full 2):
 PSYoungGen      total 107520K, used 97857K [0x00000007aab00000, 0x00000007b3f80000, 0x00000007c0000000)
  eden space 81920K, 100% used [0x00000007aab00000,0x00000007afb00000,0x00000007afb00000)
  from space 25600K, 62% used [0x00000007afb00000,0x00000007b0a90410,0x00000007b1400000)
  to   space 26624K, 0% used [0x00000007b2580000,0x00000007b2580000,0x00000007b3f80000)
 ParOldGen       total 76288K, used 24956K [0x0000000780000000, 0x0000000784a80000, 0x00000007aab00000)
  object space 76288K, 32% used [0x0000000780000000,0x000000078185f110,0x0000000784a80000)
 Metaspace       used 21064K, capacity 21303K, committed 21376K, reserved 1069056K
  class space    used 2059K, capacity 2144K, committed 2176K, reserved 1048576K
Event: 19.584 GC heap after
Heap after GC invocations=18 (full 2):
 PSYoungGen      total 123392K, used 20321K [0x00000007aab00000, 0x00000007b4280000, 0x00000007c0000000)
  eden space 96768K, 0% used [0x00000007aab00000,0x00000007aab00000,0x00000007b0980000)
  from space 26624K, 76% used [0x00000007b2580000,0x00000007b3958500,0x00000007b3f80000)
  to   space 28672K, 0% used [0x00000007b0980000,0x00000007b0980000,0x00000007b2580000)
 ParOldGen       total 76288K, used 24964K [0x0000000780000000, 0x0000000784a80000, 0x00000007aab00000)
  object space 76288K, 32% used [0x0000000780000000,0x0000000781861110,0x0000000784a80000)
 Metaspace       used 21064K, capacity 21303K, committed 21376K, reserved 1069056K
  class space    used 2059K, capacity 2144K, committed 2176K, reserved 1048576K
}
Event: 21.753 GC heap before
{Heap before GC invocations=19 (full 2):
 PSYoungGen      total 123392K, used 117066K [0x00000007aab00000, 0x00000007b4280000, 0x00000007c0000000)
  eden space 96768K, 99% used [0x00000007aab00000,0x00000007b097a4d8,0x00000007b0980000)
  from space 26624K, 76% used [0x00000007b2580000,0x00000007b3958500,0x00000007b3f80000)
  to   space 28672K, 0% used [0x00000007b0980000,0x00000007b0980000,0x00000007b2580000)
 ParOldGen       total 76288K, used 24964K [0x0000000780000000, 0x0000000784a80000, 0x00000007aab00000)
  object space 76288K, 32% used [0x0000000780000000,0x0000000781861110,0x0000000784a80000)
 Metaspace       used 21170K, capacity 21367K, committed 21632K, reserved 1069056K
  class space    used 2059K, capacity 2144K, committed 2176K, reserved 1048576K
Event: 21.769 GC heap after
Heap after GC invocations=19 (full 2):
 PSYoungGen      total 125440K, used 28385K [0x00000007aab00000, 0x00000007b5600000, 0x00000007c0000000)
  eden space 96768K, 0% used [0x00000007aab00000,0x00000007aab00000,0x00000007b0980000)
  from space 28672K, 99% used [0x00000007b0980000,0x00000007b25386f0,0x00000007b2580000)
  to   space 33280K, 0% used [0x00000007b3580000,0x00000007b3580000,0x00000007b5600000)
 ParOldGen       total 76288K, used 24972K [0x0000000780000000, 0x0000000784a80000, 0x00000007aab00000)
  object space 76288K, 32% used [0x0000000780000000,0x0000000781863110,0x0000000784a80000)
 Metaspace       used 21170K, capacity 21367K, committed 21632K, reserved 1069056K
  class space    used 2059K, capacity 2144K, committed 2176K, reserved 1048576K
}
Event: 23.535 GC heap before
{Heap before GC invocations=20 (full 2):
 PSYoungGen      total 125440K, used 125153K [0x00000007aab00000, 0x00000007b5600000, 0x00000007c0000000)
  eden space 96768K, 100% used [0x00000007aab00000,0x00000007b0980000,0x00000007b0980000)
  from space 28672K, 99% used [0x00000007b0980000,0x00000007b25386f0,0x00000007b2580000)
  to   space 33280K, 0% used [0x00000007b3580000,0x00000007b3580000,0x00000007b5600000)
 ParOldGen       total 76288K, used 24972K [0x0000000780000000, 0x0000000784a80000, 0x00000007aab00000)
  object space 76288K, 32% used [0x0000000780000000,0x0000000781863110,0x0000000784a80000)
 Metaspace       used 21258K, capacity 21431K, committed 21632K, reserved 1069056K
  class space    used 2059K, capacity 2144K, committed 2176K, reserved 1048576K
Event: 23.571 GC heap after
Heap after GC invocations=20 (full 2):
 PSYoungGen      total 136192K, used 33266K [0x00000007aab00000, 0x00000007b6300000, 0x00000007c0000000)
  eden space 102912K, 0% used [0x00000007aab00000,0x00000007aab00000,0x00000007b0f80000)
  from space 33280K, 99% used [0x00000007b3580000,0x00000007b55fc830,0x00000007b5600000)
  to   space 38912K, 0% used [0x00000007b0f80000,0x00000007b0f80000,0x00000007b3580000)
 ParOldGen       total 76288K, used 28052K [0x0000000780000000, 0x0000000784a80000, 0x00000007aab00000)
  object space 76288K, 36% used [0x0000000780000000,0x0000000781b651d0,0x0000000784a80000)
 Metaspace       used 21258K, capacity 21431K, committed 21632K, reserved 1069056K
  class space    used 2059K, capacity 2144K, committed 2176K, reserved 1048576K
}

