# JRE version: Java(TM) SE Runtime Environment (8.0_77-b03) (build 1.8.0_77-b03)
# Java VM: Java HotSpot(TM) 64-Bit Server VM (25.77-b03 mixed mode bsd-amd64 compressed oops)
Heap:
 PSYoungGen      total 49152K, used 41568K [0x00000007aab00000, 0x00000007ae880000, 0x00000007c0000000)
  eden space 41472K, 100% used [0x00000007aab00000,0x00000007ad380000,0x00000007ad380000)
  from space 7680K, 1% used [0x00000007ae100000,0x00000007ae118000,0x00000007ae880000)
  to   space 10752K, 0% used [0x00000007ad380000,0x00000007ad380000,0x00000007ade00000)
 ParOldGen       total 45568K, used 17219K [0x0000000780000000, 0x0000000782c80000, 0x00000007aab00000)
  object space 45568K, 37% used [0x0000000780000000,0x00000007810d0d68,0x0000000782c80000)
 Metaspace       used 21183K, capacity 21407K, committed 21808K, reserved 1069056K
  class space    used 2041K, capacity 2112K, committed 2176K, reserved 1048576K
GC Heap History (10 events):
Event: 14.210 GC heap before
{Heap before GC invocations=9 (full 1):
 PSYoungGen      total 35840K, used 3648K [0x00000007aab00000, 0x00000007af880000, 0x00000007c0000000)
  eden space 31744K, 0% used [0x00000007aab00000,0x00000007aab00000,0x00000007aca00000)
  from space 4096K, 89% used [0x00000007af480000,0x00000007af8100d0,0x00000007af880000)
  to   space 9728K, 0% used [0x00000007ae580000,0x00000007ae580000,0x00000007aef00000)
 ParOldGen       total 44032K, used 19271K [0x0000000780000000, 0x0000000782b00000, 0x00000007aab00000)
  object space 44032K, 43% used [0x0000000780000000,0x00000007812d1e28,0x0000000782b00000)
 Metaspace       used 20903K, capacity 21087K, committed 21296K, reserved 1069056K
  class space    used 2033K, capacity 2112K, committed 2176K, reserved 1048576K
Event: 14.268 GC heap after
Heap after GC invocations=9 (full 1):
 PSYoungGen      total 35840K, used 0K [0x00000007aab00000, 0x00000007af880000, 0x00000007c0000000)
  eden space 31744K, 0% used [0x00000007aab00000,0x00000007aab00000,0x00000007aca00000)
  from space 4096K, 0% used [0x00000007af480000,0x00000007af480000,0x00000007af880000)
  to   space 9728K, 0% used [0x00000007ae580000,0x00000007ae580000,0x00000007aef00000)
 ParOldGen       total 45568K, used 17131K [0x0000000780000000, 0x0000000782c80000, 0x00000007aab00000)
  object space 45568K, 37% used [0x0000000780000000,0x00000007810bad68,0x0000000782c80000)
 Metaspace       used 20903K, capacity 21087K, committed 21296K, reserved 1069056K
  class space    used 2033K, capacity 2112K, committed 2176K, reserved 1048576K
}
Event: 17.128 GC heap before
{Heap before GC invocations=10 (full 1):
 PSYoungGen      total 35840K, used 31744K [0x00000007aab00000, 0x00000007af880000, 0x00000007c0000000)
  eden space 31744K, 100% used [0x00000007aab00000,0x00000007aca00000,0x00000007aca00000)
  from space 4096K, 0% used [0x00000007af480000,0x00000007af480000,0x00000007af880000)
  to   space 9728K, 0% used [0x00000007ae580000,0x00000007ae580000,0x00000007aef00000)
 ParOldGen       total 45568K, used 17131K [0x0000000780000000, 0x0000000782c80000, 0x00000007aab00000)
  object space 45568K, 37% used [0x0000000780000000,0x00000007810bad68,0x0000000782c80000)
 Metaspace       used 20981K, capacity 21215K, committed 21552K, reserved 1069056K
  class space    used 2033K, capacity 2112K, committed 2176K, reserved 1048576K
Event: 17.130 GC heap after
Heap after GC invocations=10 (full 1):
 PSYoungGen      total 45568K, used 96K [0x00000007aab00000, 0x00000007af500000, 0x00000007c0000000)
  eden space 45056K, 0% used [0x00000007aab00000,0x00000007aab00000,0x00000007ad700000)
  from space 512K, 18% used [0x00000007ae580000,0x00000007ae598000,0x00000007ae600000)
  to   space 10240K, 0% used [0x00000007aeb00000,0x00000007aeb00000,0x00000007af500000)
 ParOldGen       total 45568K, used 17139K [0x0000000780000000, 0x0000000782c80000, 0x00000007aab00000)
  object space 45568K, 37% used [0x0000000780000000,0x00000007810bcd68,0x0000000782c80000)
 Metaspace       used 20981K, capacity 21215K, committed 21552K, reserved 1069056K
  class space    used 2033K, capacity 2112K, committed 2176K, reserved 1048576K
}
Event: 21.262 GC heap before
{Heap before GC invocations=11 (full 1):
 PSYoungGen      total 45568K, used 45152K [0x00000007aab00000, 0x00000007af500000, 0x00000007c0000000)
  eden space 45056K, 100% used [0x00000007aab00000,0x00000007ad700000,0x00000007ad700000)
  from space 512K, 18% used [0x00000007ae580000,0x00000007ae598000,0x00000007ae600000)
  to   space 10240K, 0% used [0x00000007aeb00000,0x00000007aeb00000,0x00000007af500000)
 ParOldGen       total 45568K, used 17139K [0x0000000780000000, 0x0000000782c80000, 0x00000007aab00000)
  object space 45568K, 37% used [0x0000000780000000,0x00000007810bcd68,0x0000000782c80000)
 Metaspace       used 21121K, capacity 21343K, committed 21552K, reserved 1069056K
  class space    used 2033K, capacity 2112K, committed 2176K, reserved 1048576K
Event: 21.263 GC heap after
Heap after GC invocations=11 (full 1):
 PSYoungGen      total 44032K, used 96K [0x00000007aab00000, 0x00000007aeb80000, 0x00000007c0000000)
  eden space 43520K, 0% used [0x00000007aab00000,0x00000007aab00000,0x00000007ad580000)
  from space 512K, 18% used [0x00000007aeb00000,0x00000007aeb18000,0x00000007aeb80000)
  to   space 10240K, 0% used [0x00000007ad780000,0x00000007ad780000,0x00000007ae180000)
 ParOldGen       total 45568K, used 17147K [0x0000000780000000, 0x0000000782c80000, 0x00000007aab00000)
  object space 45568K, 37% used [0x0000000780000000,0x00000007810bed68,0x0000000782c80000)
 Metaspace       used 21121K, capacity 21343K, committed 21552K, reserved 1069056K
  class space    used 2033K, capacity 2112K, committed 2176K, reserved 1048576K
}
Event: 25.397 GC heap before
{Heap before GC invocations=12 (full 1):
 PSYoungGen      total 44032K, used 43616K [0x00000007aab00000, 0x00000007aeb80000, 0x00000007c0000000)
  eden space 43520K, 100% used [0x00000007aab00000,0x00000007ad580000,0x00000007ad580000)
  from space 512K, 18% used [0x00000007aeb00000,0x00000007aeb18000,0x00000007aeb80000)
  to   space 10240K, 0% used [0x00000007ad780000,0x00000007ad780000,0x00000007ae180000)
 ParOldGen       total 45568K, used 17147K [0x0000000780000000, 0x0000000782c80000, 0x00000007aab00000)
  object space 45568K, 37% used [0x0000000780000000,0x00000007810bed68,0x0000000782c80000)
 Metaspace       used 21133K, capacity 21343K, committed 21552K, reserved 1069056K
  class space    used 2033K, capacity 2112K, committed 2176K, reserved 1048576K
Event: 25.400 GC heap after
Heap after GC invocations=12 (full 1):
 PSYoungGen      total 43008K, used 64K [0x00000007aab00000, 0x00000007aeb80000, 0x00000007c0000000)
  eden space 42496K, 0% used [0x00000007aab00000,0x00000007aab00000,0x00000007ad480000)
  from space 512K, 12% used [0x00000007ad780000,0x00000007ad790000,0x00000007ad800000)
  to   space 10752K, 0% used [0x00000007ae100000,0x00000007ae100000,0x00000007aeb80000)
 ParOldGen       total 45568K, used 17187K [0x0000000780000000, 0x0000000782c80000, 0x00000007aab00000)
  object space 45568K, 37% used [0x0000000780000000,0x00000007810c8d68,0x0000000782c80000)
 Metaspace       used 21133K, capacity 21343K, committed 21552K, reserved 1069056K
  class space    used 2033K, capacity 2112K, committed 2176K, reserved 1048576K
}
Event: 29.562 GC heap before
{Heap before GC invocations=13 (full 1):
 PSYoungGen      total 43008K, used 42560K [0x00000007aab00000, 0x00000007aeb80000, 0x00000007c0000000)
  eden space 42496K, 100% used [0x00000007aab00000,0x00000007ad480000,0x00000007ad480000)
  from space 512K, 12% used [0x00000007ad780000,0x00000007ad790000,0x00000007ad800000)
  to   space 10752K, 0% used [0x00000007ae100000,0x00000007ae100000,0x00000007aeb80000)
 ParOldGen       total 45568K, used 17187K [0x0000000780000000, 0x0000000782c80000, 0x00000007aab00000)
  object space 45568K, 37% used [0x0000000780000000,0x00000007810c8d68,0x0000000782c80000)
 Metaspace       used 21134K, capacity 21343K, committed 21552K, reserved 1069056K
  class space    used 2033K, capacity 2112K, committed 2176K, reserved 1048576K
Event: 29.564 GC heap after
Heap after GC invocations=13 (full 1):
 PSYoungGen      total 49152K, used 96K [0x00000007aab00000, 0x00000007ae880000, 0x00000007c0000000)
  eden space 41472K, 0% used [0x00000007aab00000,0x00000007aab00000,0x00000007ad380000)
  from space 7680K, 1% used [0x00000007ae100000,0x00000007ae118000,0x00000007ae880000)
  to   space 10752K, 0% used [0x00000007ad380000,0x00000007ad380000,0x00000007ade00000)
 ParOldGen       total 45568K, used 17219K [0x0000000780000000, 0x0000000782c80000, 0x00000007aab00000)
  object space 45568K, 37% used [0x0000000780000000,0x00000007810d0d68,0x0000000782c80000)
 Metaspace       used 21134K, capacity 21343K, committed 21552K, reserved 1069056K
  class space    used 2033K, capacity 2112K, committed 2176K, reserved 1048576K
}

