# JRE version: Java(TM) SE Runtime Environment (8.0_77-b03) (build 1.8.0_77-b03)
# Java VM: Java HotSpot(TM) 64-Bit Server VM (25.77-b03 mixed mode bsd-amd64 compressed oops)
Heap:
 PSYoungGen      total 232960K, used 121768K [0x00000007aab00000, 0x00000007c0000000, 0x00000007c0000000)
  eden space 116736K, 75% used [0x00000007aab00000,0x00000007b015ee80,0x00000007b1d00000)
  from space 116224K, 28% used [0x00000007b8e80000,0x00000007baf0b228,0x00000007c0000000)
  to   space 116224K, 0% used [0x00000007b1d00000,0x00000007b1d00000,0x00000007b8e80000)
 ParOldGen       total 155648K, used 95061K [0x0000000780000000, 0x0000000789800000, 0x00000007aab00000)
  object space 155648K, 61% used [0x0000000780000000,0x0000000785cd55c0,0x0000000789800000)
 Metaspace       used 21717K, capacity 21951K, committed 22144K, reserved 1069056K
  class space    used 2065K, capacity 2144K, committed 2176K, reserved 1048576K
GC Heap History (10 events):
Event: 34.970 GC heap before
{Heap before GC invocations=20 (full 1):
 PSYoungGen      total 187392K, used 183992K [0x00000007aab00000, 0x00000007be680000, 0x00000007c0000000)
  eden space 94208K, 100% used [0x00000007aab00000,0x00000007b0700000,0x00000007b0700000)
  from space 93184K, 96% used [0x00000007b6f80000,0x00000007bc72e1b8,0x00000007bca80000)
  to   space 107008K, 0% used [0x00000007b0700000,0x00000007b0700000,0x00000007b6f80000)
 ParOldGen       total 95232K, used 49194K [0x0000000780000000, 0x0000000785d00000, 0x00000007aab00000)
  object space 95232K, 51% used [0x0000000780000000,0x000000078300aa78,0x0000000785d00000)
 Metaspace       used 21539K, capacity 21759K, committed 21888K, reserved 1069056K
  class space    used 2055K, capacity 2144K, committed 2176K, reserved 1048576K
Event: 34.993 GC heap after
Heap after GC invocations=20 (full 1):
 PSYoungGen      total 201216K, used 91288K [0x00000007aab00000, 0x00000007bf480000, 0x00000007c0000000)
  eden space 94208K, 0% used [0x00000007aab00000,0x00000007aab00000,0x00000007b0700000)
  from space 107008K, 85% used [0x00000007b0700000,0x00000007b6026208,0x00000007b6f80000)
  to   space 116224K, 0% used [0x00000007b8300000,0x00000007b8300000,0x00000007bf480000)
 ParOldGen       total 95232K, used 49202K [0x0000000780000000, 0x0000000785d00000, 0x00000007aab00000)
  object space 95232K, 51% used [0x0000000780000000,0x000000078300ca78,0x0000000785d00000)
 Metaspace       used 21539K, capacity 21759K, committed 21888K, reserved 1069056K
  class space    used 2055K, capacity 2144K, committed 2176K, reserved 1048576K
}
Event: 36.427 GC heap before
{Heap before GC invocations=21 (full 1):
 PSYoungGen      total 201216K, used 185496K [0x00000007aab00000, 0x00000007bf480000, 0x00000007c0000000)
  eden space 94208K, 100% used [0x00000007aab00000,0x00000007b0700000,0x00000007b0700000)
  from space 107008K, 85% used [0x00000007b0700000,0x00000007b6026208,0x00000007b6f80000)
  to   space 116224K, 0% used [0x00000007b8300000,0x00000007b8300000,0x00000007bf480000)
 ParOldGen       total 95232K, used 49202K [0x0000000780000000, 0x0000000785d00000, 0x00000007aab00000)
  object space 95232K, 51% used [0x0000000780000000,0x000000078300ca78,0x0000000785d00000)
 Metaspace       used 21573K, capacity 21759K, committed 21888K, reserved 1069056K
  class space    used 2055K, capacity 2144K, committed 2176K, reserved 1048576K
Event: 36.472 GC heap after
Heap after GC invocations=21 (full 1):
 PSYoungGen      total 221184K, used 95650K [0x00000007aab00000, 0x00000007bf600000, 0x00000007c0000000)
  eden space 104960K, 0% used [0x00000007aab00000,0x00000007aab00000,0x00000007b1180000)
  from space 116224K, 82% used [0x00000007b8300000,0x00000007be068aa0,0x00000007bf480000)
  to   space 116224K, 0% used [0x00000007b1180000,0x00000007b1180000,0x00000007b8300000)
 ParOldGen       total 95232K, used 57169K [0x0000000780000000, 0x0000000785d00000, 0x00000007aab00000)
  object space 95232K, 60% used [0x0000000780000000,0x00000007837d4500,0x0000000785d00000)
 Metaspace       used 21573K, capacity 21759K, committed 21888K, reserved 1069056K
  class space    used 2055K, capacity 2144K, committed 2176K, reserved 1048576K
}
Event: 38.843 GC heap before
{Heap before GC invocations=22 (full 1):
 PSYoungGen      total 221184K, used 200610K [0x00000007aab00000, 0x00000007bf600000, 0x00000007c0000000)
  eden space 104960K, 100% used [0x00000007aab00000,0x00000007b1180000,0x00000007b1180000)
  from space 116224K, 82% used [0x00000007b8300000,0x00000007be068aa0,0x00000007bf480000)
  to   space 116224K, 0% used [0x00000007b1180000,0x00000007b1180000,0x00000007b8300000)
 ParOldGen       total 95232K, used 57169K [0x0000000780000000, 0x0000000785d00000, 0x00000007aab00000)
  object space 95232K, 60% used [0x0000000780000000,0x00000007837d4500,0x0000000785d00000)
 Metaspace       used 21632K, capacity 21823K, committed 22144K, reserved 1069056K
  class space    used 2055K, capacity 2144K, committed 2176K, reserved 1048576K
Event: 38.867 GC heap after
Heap after GC invocations=22 (full 1):
 PSYoungGen      total 221184K, used 91461K [0x00000007aab00000, 0x00000007c0000000, 0x00000007c0000000)
  eden space 104960K, 0% used [0x00000007aab00000,0x00000007aab00000,0x00000007b1180000)
  from space 116224K, 78% used [0x00000007b1180000,0x00000007b6ad1660,0x00000007b8300000)
  to   space 116224K, 0% used [0x00000007b8e80000,0x00000007b8e80000,0x00000007c0000000)
 ParOldGen       total 95232K, used 68074K [0x0000000780000000, 0x0000000785d00000, 0x00000007aab00000)
  object space 95232K, 71% used [0x0000000780000000,0x000000078427abe0,0x0000000785d00000)
 Metaspace       used 21632K, capacity 21823K, committed 22144K, reserved 1069056K
  class space    used 2055K, capacity 2144K, committed 2176K, reserved 1048576K
}
Event: 41.051 GC heap before
{Heap before GC invocations=23 (full 1):
 PSYoungGen      total 221184K, used 196421K [0x00000007aab00000, 0x00000007c0000000, 0x00000007c0000000)
  eden space 104960K, 100% used [0x00000007aab00000,0x00000007b1180000,0x00000007b1180000)
  from space 116224K, 78% used [0x00000007b1180000,0x00000007b6ad1660,0x00000007b8300000)
  to   space 116224K, 0% used [0x00000007b8e80000,0x00000007b8e80000,0x00000007c0000000)
 ParOldGen       total 95232K, used 68074K [0x0000000780000000, 0x0000000785d00000, 0x00000007aab00000)
  object space 95232K, 71% used [0x0000000780000000,0x000000078427abe0,0x0000000785d00000)
 Metaspace       used 21638K, capacity 21823K, committed 22144K, reserved 1069056K
  class space    used 2055K, capacity 2144K, committed 2176K, reserved 1048576K
Event: 41.079 GC heap after
Heap after GC invocations=23 (full 1):
 PSYoungGen      total 232960K, used 82181K [0x00000007aab00000, 0x00000007c0000000, 0x00000007c0000000)
  eden space 116736K, 0% used [0x00000007aab00000,0x00000007aab00000,0x00000007b1d00000)
  from space 116224K, 70% used [0x00000007b8e80000,0x00000007bdec1400,0x00000007c0000000)
  to   space 116224K, 0% used [0x00000007b1d00000,0x00000007b1d00000,0x00000007b8e80000)
 ParOldGen       total 95232K, used 84539K [0x0000000780000000, 0x0000000785d00000, 0x00000007aab00000)
  object space 95232K, 88% used [0x0000000780000000,0x000000078528efe0,0x0000000785d00000)
 Metaspace       used 21638K, capacity 21823K, committed 22144K, reserved 1069056K
  class space    used 2055K, capacity 2144K, committed 2176K, reserved 1048576K
}
Event: 41.079 GC heap before
{Heap before GC invocations=24 (full 2):
 PSYoungGen      total 232960K, used 82181K [0x00000007aab00000, 0x00000007c0000000, 0x00000007c0000000)
  eden space 116736K, 0% used [0x00000007aab00000,0x00000007aab00000,0x00000007b1d00000)
  from space 116224K, 70% used [0x00000007b8e80000,0x00000007bdec1400,0x00000007c0000000)
  to   space 116224K, 0% used [0x00000007b1d00000,0x00000007b1d00000,0x00000007b8e80000)
 ParOldGen       total 95232K, used 84539K [0x0000000780000000, 0x0000000785d00000, 0x00000007aab00000)
  object space 95232K, 88% used [0x0000000780000000,0x000000078528efe0,0x0000000785d00000)
 Metaspace       used 21638K, capacity 21823K, committed 22144K, reserved 1069056K
  class space    used 2055K, capacity 2144K, committed 2176K, reserved 1048576K
Event: 41.235 GC heap after
Heap after GC invocations=24 (full 2):
 PSYoungGen      total 232960K, used 33324K [0x00000007aab00000, 0x00000007c0000000, 0x00000007c0000000)
  eden space 116736K, 0% used [0x00000007aab00000,0x00000007aab00000,0x00000007b1d00000)
  from space 116224K, 28% used [0x00000007b8e80000,0x00000007baf0b228,0x00000007c0000000)
  to   space 116224K, 0% used [0x00000007b1d00000,0x00000007b1d00000,0x00000007b8e80000)
 ParOldGen       total 155648K, used 95061K [0x0000000780000000, 0x0000000789800000, 0x00000007aab00000)
  object space 155648K, 61% used [0x0000000780000000,0x0000000785cd55c0,0x0000000789800000)
 Metaspace       used 21638K, capacity 21823K, committed 22144K, reserved 1069056K
  class space    used 2055K, capacity 2144K, committed 2176K, reserved 1048576K
}

