# JRE version: Java(TM) SE Runtime Environment (8.0_77-b03) (build 1.8.0_77-b03)
# Java VM: Java HotSpot(TM) 64-Bit Server VM (25.77-b03 mixed mode bsd-amd64 compressed oops)
Heap:
 PSYoungGen      total 35328K, used 12098K [0x000000013d500000, 0x0000000142a00000, 0x0000000152a00000)
  eden space 32768K, 29% used [0x000000013d500000,0x000000013de54720,0x000000013f500000)
  from space 2560K, 99% used [0x000000013f500000,0x000000013f77c0e0,0x000000013f780000)
  to   space 10752K, 0% used [0x0000000141f80000,0x0000000141f80000,0x0000000142a00000)
 ParOldGen       total 44032K, used 19157K [0x0000000112a00000, 0x0000000115500000, 0x000000013d500000)
  object space 44032K, 43% used [0x0000000112a00000,0x0000000113cb54a0,0x0000000115500000)
 Metaspace       used 20644K, capacity 20889K, committed 21120K, reserved 1069056K
  class space    used 2045K, capacity 2111K, committed 2176K, reserved 1048576K
GC Heap History (10 events):
Event: 5.176 GC heap before
{Heap before GC invocations=1 (full 0):
 PSYoungGen      total 18944K, used 16384K [0x000000013d500000, 0x000000013ea00000, 0x0000000152a00000)
  eden space 16384K, 100% used [0x000000013d500000,0x000000013e500000,0x000000013e500000)
  from space 2560K, 0% used [0x000000013e780000,0x000000013e780000,0x000000013ea00000)
  to   space 2560K, 0% used [0x000000013e500000,0x000000013e500000,0x000000013e780000)
 ParOldGen       total 44032K, used 0K [0x0000000112a00000, 0x0000000115500000, 0x000000013d500000)
  object space 44032K, 0% used [0x0000000112a00000,0x0000000112a00000,0x0000000115500000)
 Metaspace       used 11422K, capacity 11600K, committed 11904K, reserved 1060864K
  class space    used 1283K, capacity 1346K, committed 1408K, reserved 1048576K
Event: 5.194 GC heap after
Heap after GC invocations=1 (full 0):
 PSYoungGen      total 18944K, used 2537K [0x000000013d500000, 0x000000013ea00000, 0x0000000152a00000)
  eden space 16384K, 0% used [0x000000013d500000,0x000000013d500000,0x000000013e500000)
  from space 2560K, 99% used [0x000000013e500000,0x000000013e77a760,0x000000013e780000)
  to   space 2560K, 0% used [0x000000013e780000,0x000000013e780000,0x000000013ea00000)
 ParOldGen       total 44032K, used 1136K [0x0000000112a00000, 0x0000000115500000, 0x000000013d500000)
  object space 44032K, 2% used [0x0000000112a00000,0x0000000112b1c378,0x0000000115500000)
 Metaspace       used 11422K, capacity 11600K, committed 11904K, reserved 1060864K
  class space    used 1283K, capacity 1346K, committed 1408K, reserved 1048576K
}
Event: 6.010 GC heap before
{Heap before GC invocations=2 (full 0):
 PSYoungGen      total 18944K, used 18921K [0x000000013d500000, 0x000000013ea00000, 0x0000000152a00000)
  eden space 16384K, 100% used [0x000000013d500000,0x000000013e500000,0x000000013e500000)
  from space 2560K, 99% used [0x000000013e500000,0x000000013e77a760,0x000000013e780000)
  to   space 2560K, 0% used [0x000000013e780000,0x000000013e780000,0x000000013ea00000)
 ParOldGen       total 44032K, used 1136K [0x0000000112a00000, 0x0000000115500000, 0x000000013d500000)
  object space 44032K, 2% used [0x0000000112a00000,0x0000000112b1c378,0x0000000115500000)
 Metaspace       used 16085K, capacity 16227K, committed 16640K, reserved 1064960K
  class space    used 1633K, capacity 1692K, committed 1792K, reserved 1048576K
Event: 6.027 GC heap after
Heap after GC invocations=2 (full 0):
 PSYoungGen      total 18944K, used 2528K [0x000000013d500000, 0x000000013fa00000, 0x0000000152a00000)
  eden space 16384K, 0% used [0x000000013d500000,0x000000013d500000,0x000000013e500000)
  from space 2560K, 98% used [0x000000013e780000,0x000000013e9f8020,0x000000013ea00000)
  to   space 2560K, 0% used [0x000000013e500000,0x000000013e500000,0x000000013e780000)
 ParOldGen       total 44032K, used 2610K [0x0000000112a00000, 0x0000000115500000, 0x000000013d500000)
  object space 44032K, 5% used [0x0000000112a00000,0x0000000112c8cab8,0x0000000115500000)
 Metaspace       used 16085K, capacity 16227K, committed 16640K, reserved 1064960K
  class space    used 1633K, capacity 1692K, committed 1792K, reserved 1048576K
}
Event: 7.110 GC heap before
{Heap before GC invocations=3 (full 0):
 PSYoungGen      total 18944K, used 18912K [0x000000013d500000, 0x000000013fa00000, 0x0000000152a00000)
  eden space 16384K, 100% used [0x000000013d500000,0x000000013e500000,0x000000013e500000)
  from space 2560K, 98% used [0x000000013e780000,0x000000013e9f8020,0x000000013ea00000)
  to   space 2560K, 0% used [0x000000013e500000,0x000000013e500000,0x000000013e780000)
 ParOldGen       total 44032K, used 2610K [0x0000000112a00000, 0x0000000115500000, 0x000000013d500000)
  object space 44032K, 5% used [0x0000000112a00000,0x0000000112c8cab8,0x0000000115500000)
 Metaspace       used 17565K, capacity 17763K, committed 18048K, reserved 1064960K
  class space    used 1792K, capacity 1884K, committed 1920K, reserved 1048576K
Event: 7.126 GC heap after
Heap after GC invocations=3 (full 0):
 PSYoungGen      total 18944K, used 2528K [0x000000013d500000, 0x000000013fa00000, 0x0000000152a00000)
  eden space 16384K, 0% used [0x000000013d500000,0x000000013d500000,0x000000013e500000)
  from space 2560K, 98% used [0x000000013e500000,0x000000013e778060,0x000000013e780000)
  to   space 2560K, 0% used [0x000000013f780000,0x000000013f780000,0x000000013fa00000)
 ParOldGen       total 44032K, used 6668K [0x0000000112a00000, 0x0000000115500000, 0x000000013d500000)
  object space 44032K, 15% used [0x0000000112a00000,0x0000000113083278,0x0000000115500000)
 Metaspace       used 17565K, capacity 17763K, committed 18048K, reserved 1064960K
  class space    used 1792K, capacity 1884K, committed 1920K, reserved 1048576K
}
Event: 8.687 GC heap before
{Heap before GC invocations=4 (full 0):
 PSYoungGen      total 18944K, used 18912K [0x000000013d500000, 0x000000013fa00000, 0x0000000152a00000)
  eden space 16384K, 100% used [0x000000013d500000,0x000000013e500000,0x000000013e500000)
  from space 2560K, 98% used [0x000000013e500000,0x000000013e778060,0x000000013e780000)
  to   space 2560K, 0% used [0x000000013f780000,0x000000013f780000,0x000000013fa00000)
 ParOldGen       total 44032K, used 6668K [0x0000000112a00000, 0x0000000115500000, 0x000000013d500000)
  object space 44032K, 15% used [0x0000000112a00000,0x0000000113083278,0x0000000115500000)
 Metaspace       used 19709K, capacity 19951K, committed 20352K, reserved 1067008K
  class space    used 1993K, capacity 2078K, committed 2176K, reserved 1048576K
Event: 8.714 GC heap after
Heap after GC invocations=4 (full 0):
 PSYoungGen      total 35328K, used 2528K [0x000000013d500000, 0x000000013fa00000, 0x0000000152a00000)
  eden space 32768K, 0% used [0x000000013d500000,0x000000013d500000,0x000000013f500000)
  from space 2560K, 98% used [0x000000013f780000,0x000000013f9f80d0,0x000000013fa00000)
  to   space 2560K, 0% used [0x000000013f500000,0x000000013f500000,0x000000013f780000)
 ParOldGen       total 44032K, used 14535K [0x0000000112a00000, 0x0000000115500000, 0x000000013d500000)
  object space 44032K, 33% used [0x0000000112a00000,0x0000000113831cc0,0x0000000115500000)
 Metaspace       used 19709K, capacity 19951K, committed 20352K, reserved 1067008K
  class space    used 1993K, capacity 2078K, committed 2176K, reserved 1048576K
}
Event: 12.558 GC heap before
{Heap before GC invocations=5 (full 0):
 PSYoungGen      total 35328K, used 35296K [0x000000013d500000, 0x000000013fa00000, 0x0000000152a00000)
  eden space 32768K, 100% used [0x000000013d500000,0x000000013f500000,0x000000013f500000)
  from space 2560K, 98% used [0x000000013f780000,0x000000013f9f80d0,0x000000013fa00000)
  to   space 2560K, 0% used [0x000000013f500000,0x000000013f500000,0x000000013f780000)
 ParOldGen       total 44032K, used 14535K [0x0000000112a00000, 0x0000000115500000, 0x000000013d500000)
  object space 44032K, 33% used [0x0000000112a00000,0x0000000113831cc0,0x0000000115500000)
 Metaspace       used 20474K, capacity 20697K, committed 20864K, reserved 1069056K
  class space    used 2034K, capacity 2111K, committed 2176K, reserved 1048576K
Event: 12.594 GC heap after
Heap after GC invocations=5 (full 0):
 PSYoungGen      total 35328K, used 2544K [0x000000013d500000, 0x0000000142a00000, 0x0000000152a00000)
  eden space 32768K, 0% used [0x000000013d500000,0x000000013d500000,0x000000013f500000)
  from space 2560K, 99% used [0x000000013f500000,0x000000013f77c0e0,0x000000013f780000)
  to   space 10752K, 0% used [0x0000000141f80000,0x0000000141f80000,0x0000000142a00000)
 ParOldGen       total 44032K, used 19157K [0x0000000112a00000, 0x0000000115500000, 0x000000013d500000)
  object space 44032K, 43% used [0x0000000112a00000,0x0000000113cb54a0,0x0000000115500000)
 Metaspace       used 20474K, capacity 20697K, committed 20864K, reserved 1069056K
  class space    used 2034K, capacity 2111K, committed 2176K, reserved 1048576K
}

