# JRE version: Java(TM) SE Runtime Environment (8.0_77-b03) (build 1.8.0_77-b03)
# Java VM: Java HotSpot(TM) 64-Bit Server VM (25.77-b03 mixed mode bsd-amd64 compressed oops)
Heap:
 PSYoungGen      total 61440K, used 35793K [0x00000007aab00000, 0x00000007b6300000, 0x00000007c0000000)
  eden space 58880K, 56% used [0x00000007aab00000,0x00000007acb8c638,0x00000007ae480000)
  from space 2560K, 96% used [0x00000007b5c00000,0x00000007b5e68090,0x00000007b5e80000)
  to   space 4608K, 0% used [0x00000007b5e80000,0x00000007b5e80000,0x00000007b6300000)
 ParOldGen       total 134656K, used 116557K [0x0000000780000000, 0x0000000788380000, 0x00000007aab00000)
  object space 134656K, 86% used [0x0000000780000000,0x00000007871d3620,0x0000000788380000)
 Metaspace       used 22275K, capacity 22549K, committed 22784K, reserved 1069056K
  class space    used 2127K, capacity 2211K, committed 2304K, reserved 1048576K
GC Heap History (10 events):
Event: 824.768 GC heap before
{Heap before GC invocations=234 (full 3):
 PSYoungGen      total 48128K, used 48112K [0x00000007aab00000, 0x00000007b6d00000, 0x00000007c0000000)
  eden space 45568K, 100% used [0x00000007aab00000,0x00000007ad780000,0x00000007ad780000)
  from space 2560K, 99% used [0x00000007b6a80000,0x00000007b6cfc0a0,0x00000007b6d00000)
  to   space 4608K, 0% used [0x00000007b6400000,0x00000007b6400000,0x00000007b6880000)
 ParOldGen       total 134656K, used 116533K [0x0000000780000000, 0x0000000788380000, 0x00000007aab00000)
  object space 134656K, 86% used [0x0000000780000000,0x00000007871cd620,0x0000000788380000)
 Metaspace       used 22249K, capacity 22485K, committed 22784K, reserved 1069056K
  class space    used 2122K, capacity 2211K, committed 2304K, reserved 1048576K
Event: 824.775 GC heap after
Heap after GC invocations=234 (full 3):
 PSYoungGen      total 50688K, used 2528K [0x00000007aab00000, 0x00000007b6b00000, 0x00000007c0000000)
  eden space 48128K, 0% used [0x00000007aab00000,0x00000007aab00000,0x00000007ada00000)
  from space 2560K, 98% used [0x00000007b6400000,0x00000007b66780b0,0x00000007b6680000)
  to   space 4608K, 0% used [0x00000007b6680000,0x00000007b6680000,0x00000007b6b00000)
 ParOldGen       total 134656K, used 116533K [0x0000000780000000, 0x0000000788380000, 0x00000007aab00000)
  object space 134656K, 86% used [0x0000000780000000,0x00000007871cd620,0x0000000788380000)
 Metaspace       used 22249K, capacity 22485K, committed 22784K, reserved 1069056K
  class space    used 2122K, capacity 2211K, committed 2304K, reserved 1048576K
}
Event: 826.063 GC heap before
{Heap before GC invocations=235 (full 3):
 PSYoungGen      total 50688K, used 50656K [0x00000007aab00000, 0x00000007b6b00000, 0x00000007c0000000)
  eden space 48128K, 100% used [0x00000007aab00000,0x00000007ada00000,0x00000007ada00000)
  from space 2560K, 98% used [0x00000007b6400000,0x00000007b66780b0,0x00000007b6680000)
  to   space 4608K, 0% used [0x00000007b6680000,0x00000007b6680000,0x00000007b6b00000)
 ParOldGen       total 134656K, used 116533K [0x0000000780000000, 0x0000000788380000, 0x00000007aab00000)
  object space 134656K, 86% used [0x0000000780000000,0x00000007871cd620,0x0000000788380000)
 Metaspace       used 22251K, capacity 22485K, committed 22784K, reserved 1069056K
  class space    used 2122K, capacity 2211K, committed 2304K, reserved 1048576K
Event: 826.068 GC heap after
Heap after GC invocations=235 (full 3):
 PSYoungGen      total 53248K, used 2528K [0x00000007aab00000, 0x00000007b6900000, 0x00000007c0000000)
  eden space 50688K, 0% used [0x00000007aab00000,0x00000007aab00000,0x00000007adc80000)
  from space 2560K, 98% used [0x00000007b6680000,0x00000007b68f80b0,0x00000007b6900000)
  to   space 4608K, 0% used [0x00000007b6000000,0x00000007b6000000,0x00000007b6480000)
 ParOldGen       total 134656K, used 116533K [0x0000000780000000, 0x0000000788380000, 0x00000007aab00000)
  object space 134656K, 86% used [0x0000000780000000,0x00000007871cd620,0x0000000788380000)
 Metaspace       used 22251K, capacity 22485K, committed 22784K, reserved 1069056K
  class space    used 2122K, capacity 2211K, committed 2304K, reserved 1048576K
}
Event: 827.637 GC heap before
{Heap before GC invocations=236 (full 3):
 PSYoungGen      total 53248K, used 53216K [0x00000007aab00000, 0x00000007b6900000, 0x00000007c0000000)
  eden space 50688K, 100% used [0x00000007aab00000,0x00000007adc80000,0x00000007adc80000)
  from space 2560K, 98% used [0x00000007b6680000,0x00000007b68f80b0,0x00000007b6900000)
  to   space 4608K, 0% used [0x00000007b6000000,0x00000007b6000000,0x00000007b6480000)
 ParOldGen       total 134656K, used 116533K [0x0000000780000000, 0x0000000788380000, 0x00000007aab00000)
  object space 134656K, 86% used [0x0000000780000000,0x00000007871cd620,0x0000000788380000)
 Metaspace       used 22251K, capacity 22485K, committed 22784K, reserved 1069056K
  class space    used 2122K, capacity 2211K, committed 2304K, reserved 1048576K
Event: 827.643 GC heap after
Heap after GC invocations=236 (full 3):
 PSYoungGen      total 55808K, used 2496K [0x00000007aab00000, 0x00000007b6700000, 0x00000007c0000000)
  eden space 53248K, 0% used [0x00000007aab00000,0x00000007aab00000,0x00000007adf00000)
  from space 2560K, 97% used [0x00000007b6000000,0x00000007b6270090,0x00000007b6280000)
  to   space 4608K, 0% used [0x00000007b6280000,0x00000007b6280000,0x00000007b6700000)
 ParOldGen       total 134656K, used 116533K [0x0000000780000000, 0x0000000788380000, 0x00000007aab00000)
  object space 134656K, 86% used [0x0000000780000000,0x00000007871cd620,0x0000000788380000)
 Metaspace       used 22251K, capacity 22485K, committed 22784K, reserved 1069056K
  class space    used 2122K, capacity 2211K, committed 2304K, reserved 1048576K
}
Event: 829.500 GC heap before
{Heap before GC invocations=237 (full 3):
 PSYoungGen      total 55808K, used 55744K [0x00000007aab00000, 0x00000007b6700000, 0x00000007c0000000)
  eden space 53248K, 100% used [0x00000007aab00000,0x00000007adf00000,0x00000007adf00000)
  from space 2560K, 97% used [0x00000007b6000000,0x00000007b6270090,0x00000007b6280000)
  to   space 4608K, 0% used [0x00000007b6280000,0x00000007b6280000,0x00000007b6700000)
 ParOldGen       total 134656K, used 116533K [0x0000000780000000, 0x0000000788380000, 0x00000007aab00000)
  object space 134656K, 86% used [0x0000000780000000,0x00000007871cd620,0x0000000788380000)
 Metaspace       used 22251K, capacity 22485K, committed 22784K, reserved 1069056K
  class space    used 2122K, capacity 2211K, committed 2304K, reserved 1048576K
Event: 829.506 GC heap after
Heap after GC invocations=237 (full 3):
 PSYoungGen      total 58368K, used 2464K [0x00000007aab00000, 0x00000007b6500000, 0x00000007c0000000)
  eden space 55808K, 0% used [0x00000007aab00000,0x00000007aab00000,0x00000007ae180000)
  from space 2560K, 96% used [0x00000007b6280000,0x00000007b64e8090,0x00000007b6500000)
  to   space 4608K, 0% used [0x00000007b5c00000,0x00000007b5c00000,0x00000007b6080000)
 ParOldGen       total 134656K, used 116541K [0x0000000780000000, 0x0000000788380000, 0x00000007aab00000)
  object space 134656K, 86% used [0x0000000780000000,0x00000007871cf620,0x0000000788380000)
 Metaspace       used 22251K, capacity 22485K, committed 22784K, reserved 1069056K
  class space    used 2122K, capacity 2211K, committed 2304K, reserved 1048576K
}
Event: 831.264 GC heap before
{Heap before GC invocations=238 (full 3):
 PSYoungGen      total 58368K, used 58272K [0x00000007aab00000, 0x00000007b6500000, 0x00000007c0000000)
  eden space 55808K, 100% used [0x00000007aab00000,0x00000007ae180000,0x00000007ae180000)
  from space 2560K, 96% used [0x00000007b6280000,0x00000007b64e8090,0x00000007b6500000)
  to   space 4608K, 0% used [0x00000007b5c00000,0x00000007b5c00000,0x00000007b6080000)
 ParOldGen       total 134656K, used 116541K [0x0000000780000000, 0x0000000788380000, 0x00000007aab00000)
  object space 134656K, 86% used [0x0000000780000000,0x00000007871cf620,0x0000000788380000)
 Metaspace       used 22251K, capacity 22485K, committed 22784K, reserved 1069056K
  class space    used 2122K, capacity 2211K, committed 2304K, reserved 1048576K
Event: 831.274 GC heap after
Heap after GC invocations=238 (full 3):
 PSYoungGen      total 61440K, used 2464K [0x00000007aab00000, 0x00000007b6300000, 0x00000007c0000000)
  eden space 58880K, 0% used [0x00000007aab00000,0x00000007aab00000,0x00000007ae480000)
  from space 2560K, 96% used [0x00000007b5c00000,0x00000007b5e68090,0x00000007b5e80000)
  to   space 4608K, 0% used [0x00000007b5e80000,0x00000007b5e80000,0x00000007b6300000)
 ParOldGen       total 134656K, used 116557K [0x0000000780000000, 0x0000000788380000, 0x00000007aab00000)
  object space 134656K, 86% used [0x0000000780000000,0x00000007871d3620,0x0000000788380000)
 Metaspace       used 22251K, capacity 22485K, committed 22784K, reserved 1069056K
  class space    used 2122K, capacity 2211K, committed 2304K, reserved 1048576K
}

