# JRE version: Java(TM) SE Runtime Environment (8.0_77-b03) (build 1.8.0_77-b03)
# Java VM: Java HotSpot(TM) 64-Bit Server VM (25.77-b03 mixed mode bsd-amd64 compressed oops)
Heap:
 PSYoungGen      total 143872K, used 123347K [0x00000007aab00000, 0x00000007b3880000, 0x00000007c0000000)
  eden space 142848K, 86% used [0x00000007aab00000,0x00000007b235cf68,0x00000007b3680000)
  from space 1024K, 9% used [0x00000007b3780000,0x00000007b3798000,0x00000007b3880000)
  to   space 1024K, 0% used [0x00000007b3680000,0x00000007b3680000,0x00000007b3780000)
 ParOldGen       total 121344K, used 60022K [0x0000000780000000, 0x0000000787680000, 0x00000007aab00000)
  object space 121344K, 49% used [0x0000000780000000,0x0000000783a9dae8,0x0000000787680000)
 Metaspace       used 21582K, capacity 21759K, committed 21888K, reserved 1069056K
  class space    used 2065K, capacity 2144K, committed 2176K, reserved 1048576K
GC Heap History (10 events):
Event: 283.876 GC heap before
{Heap before GC invocations=88 (full 2):
 PSYoungGen      total 142848K, used 140928K [0x00000007aab00000, 0x00000007b3800000, 0x00000007c0000000)
  eden space 140800K, 100% used [0x00000007aab00000,0x00000007b3480000,0x00000007b3480000)
  from space 2048K, 6% used [0x00000007b3480000,0x00000007b34a0000,0x00000007b3680000)
  to   space 1536K, 0% used [0x00000007b3680000,0x00000007b3680000,0x00000007b3800000)
 ParOldGen       total 121344K, used 60022K [0x0000000780000000, 0x0000000787680000, 0x00000007aab00000)
  object space 121344K, 49% used [0x0000000780000000,0x0000000783a9dae8,0x0000000787680000)
 Metaspace       used 21403K, capacity 21599K, committed 21888K, reserved 1069056K
  class space    used 2037K, capacity 2112K, committed 2176K, reserved 1048576K
Event: 283.877 GC heap after
Heap after GC invocations=88 (full 2):
 PSYoungGen      total 142848K, used 96K [0x00000007aab00000, 0x00000007b3800000, 0x00000007c0000000)
  eden space 141312K, 0% used [0x00000007aab00000,0x00000007aab00000,0x00000007b3500000)
  from space 1536K, 6% used [0x00000007b3680000,0x00000007b3698000,0x00000007b3800000)
  to   space 1536K, 0% used [0x00000007b3500000,0x00000007b3500000,0x00000007b3680000)
 ParOldGen       total 121344K, used 60022K [0x0000000780000000, 0x0000000787680000, 0x00000007aab00000)
  object space 121344K, 49% used [0x0000000780000000,0x0000000783a9dae8,0x0000000787680000)
 Metaspace       used 21403K, capacity 21599K, committed 21888K, reserved 1069056K
  class space    used 2037K, capacity 2112K, committed 2176K, reserved 1048576K
}
Event: 288.006 GC heap before
{Heap before GC invocations=89 (full 2):
 PSYoungGen      total 142848K, used 141408K [0x00000007aab00000, 0x00000007b3800000, 0x00000007c0000000)
  eden space 141312K, 100% used [0x00000007aab00000,0x00000007b3500000,0x00000007b3500000)
  from space 1536K, 6% used [0x00000007b3680000,0x00000007b3698000,0x00000007b3800000)
  to   space 1536K, 0% used [0x00000007b3500000,0x00000007b3500000,0x00000007b3680000)
 ParOldGen       total 121344K, used 60022K [0x0000000780000000, 0x0000000787680000, 0x00000007aab00000)
  object space 121344K, 49% used [0x0000000780000000,0x0000000783a9dae8,0x0000000787680000)
 Metaspace       used 21403K, capacity 21599K, committed 21888K, reserved 1069056K
  class space    used 2037K, capacity 2112K, committed 2176K, reserved 1048576K
Event: 288.007 GC heap after
Heap after GC invocations=89 (full 2):
 PSYoungGen      total 142848K, used 96K [0x00000007aab00000, 0x00000007b3880000, 0x00000007c0000000)
  eden space 141312K, 0% used [0x00000007aab00000,0x00000007aab00000,0x00000007b3500000)
  from space 1536K, 6% used [0x00000007b3500000,0x00000007b3518000,0x00000007b3680000)
  to   space 1536K, 0% used [0x00000007b3700000,0x00000007b3700000,0x00000007b3880000)
 ParOldGen       total 121344K, used 60022K [0x0000000780000000, 0x0000000787680000, 0x00000007aab00000)
  object space 121344K, 49% used [0x0000000780000000,0x0000000783a9dae8,0x0000000787680000)
 Metaspace       used 21403K, capacity 21599K, committed 21888K, reserved 1069056K
  class space    used 2037K, capacity 2112K, committed 2176K, reserved 1048576K
}
Event: 292.200 GC heap before
{Heap before GC invocations=90 (full 2):
 PSYoungGen      total 142848K, used 141408K [0x00000007aab00000, 0x00000007b3880000, 0x00000007c0000000)
  eden space 141312K, 100% used [0x00000007aab00000,0x00000007b3500000,0x00000007b3500000)
  from space 1536K, 6% used [0x00000007b3500000,0x00000007b3518000,0x00000007b3680000)
  to   space 1536K, 0% used [0x00000007b3700000,0x00000007b3700000,0x00000007b3880000)
 ParOldGen       total 121344K, used 60022K [0x0000000780000000, 0x0000000787680000, 0x00000007aab00000)
  object space 121344K, 49% used [0x0000000780000000,0x0000000783a9dae8,0x0000000787680000)
 Metaspace       used 21403K, capacity 21599K, committed 21888K, reserved 1069056K
  class space    used 2037K, capacity 2112K, committed 2176K, reserved 1048576K
Event: 292.202 GC heap after
Heap after GC invocations=90 (full 2):
 PSYoungGen      total 143360K, used 64K [0x00000007aab00000, 0x00000007b3880000, 0x00000007c0000000)
  eden space 141824K, 0% used [0x00000007aab00000,0x00000007aab00000,0x00000007b3580000)
  from space 1536K, 4% used [0x00000007b3700000,0x00000007b3710000,0x00000007b3880000)
  to   space 1536K, 0% used [0x00000007b3580000,0x00000007b3580000,0x00000007b3700000)
 ParOldGen       total 121344K, used 60022K [0x0000000780000000, 0x0000000787680000, 0x00000007aab00000)
  object space 121344K, 49% used [0x0000000780000000,0x0000000783a9dae8,0x0000000787680000)
 Metaspace       used 21403K, capacity 21599K, committed 21888K, reserved 1069056K
  class space    used 2037K, capacity 2112K, committed 2176K, reserved 1048576K
}
Event: 296.400 GC heap before
{Heap before GC invocations=91 (full 2):
 PSYoungGen      total 143360K, used 141888K [0x00000007aab00000, 0x00000007b3880000, 0x00000007c0000000)
  eden space 141824K, 100% used [0x00000007aab00000,0x00000007b3580000,0x00000007b3580000)
  from space 1536K, 4% used [0x00000007b3700000,0x00000007b3710000,0x00000007b3880000)
  to   space 1536K, 0% used [0x00000007b3580000,0x00000007b3580000,0x00000007b3700000)
 ParOldGen       total 121344K, used 60022K [0x0000000780000000, 0x0000000787680000, 0x00000007aab00000)
  object space 121344K, 49% used [0x0000000780000000,0x0000000783a9dae8,0x0000000787680000)
 Metaspace       used 21403K, capacity 21599K, committed 21888K, reserved 1069056K
  class space    used 2037K, capacity 2112K, committed 2176K, reserved 1048576K
Event: 296.401 GC heap after
Heap after GC invocations=91 (full 2):
 PSYoungGen      total 143360K, used 96K [0x00000007aab00000, 0x00000007b3900000, 0x00000007c0000000)
  eden space 141824K, 0% used [0x00000007aab00000,0x00000007aab00000,0x00000007b3580000)
  from space 1536K, 6% used [0x00000007b3580000,0x00000007b3598000,0x00000007b3700000)
  to   space 1536K, 0% used [0x00000007b3780000,0x00000007b3780000,0x00000007b3900000)
 ParOldGen       total 121344K, used 60022K [0x0000000780000000, 0x0000000787680000, 0x00000007aab00000)
  object space 121344K, 49% used [0x0000000780000000,0x0000000783a9dae8,0x0000000787680000)
 Metaspace       used 21403K, capacity 21599K, committed 21888K, reserved 1069056K
  class space    used 2037K, capacity 2112K, committed 2176K, reserved 1048576K
}
Event: 300.720 GC heap before
{Heap before GC invocations=92 (full 2):
 PSYoungGen      total 143360K, used 141920K [0x00000007aab00000, 0x00000007b3900000, 0x00000007c0000000)
  eden space 141824K, 100% used [0x00000007aab00000,0x00000007b3580000,0x00000007b3580000)
  from space 1536K, 6% used [0x00000007b3580000,0x00000007b3598000,0x00000007b3700000)
  to   space 1536K, 0% used [0x00000007b3780000,0x00000007b3780000,0x00000007b3900000)
 ParOldGen       total 121344K, used 60022K [0x0000000780000000, 0x0000000787680000, 0x00000007aab00000)
  object space 121344K, 49% used [0x0000000780000000,0x0000000783a9dae8,0x0000000787680000)
 Metaspace       used 21403K, capacity 21599K, committed 21888K, reserved 1069056K
  class space    used 2037K, capacity 2112K, committed 2176K, reserved 1048576K
Event: 300.723 GC heap after
Heap after GC invocations=92 (full 2):
 PSYoungGen      total 143872K, used 96K [0x00000007aab00000, 0x00000007b3880000, 0x00000007c0000000)
  eden space 142848K, 0% used [0x00000007aab00000,0x00000007aab00000,0x00000007b3680000)
  from space 1024K, 9% used [0x00000007b3780000,0x00000007b3798000,0x00000007b3880000)
  to   space 1024K, 0% used [0x00000007b3680000,0x00000007b3680000,0x00000007b3780000)
 ParOldGen       total 121344K, used 60022K [0x0000000780000000, 0x0000000787680000, 0x00000007aab00000)
  object space 121344K, 49% used [0x0000000780000000,0x0000000783a9dae8,0x0000000787680000)
 Metaspace       used 21403K, capacity 21599K, committed 21888K, reserved 1069056K
  class space    used 2037K, capacity 2112K, committed 2176K, reserved 1048576K
}

