# JRE version: Java(TM) SE Runtime Environment (8.0_77-b03) (build 1.8.0_77-b03)
# Java VM: Java HotSpot(TM) 64-Bit Server VM (25.77-b03 mixed mode bsd-amd64 compressed oops)
Heap:
 PSYoungGen      total 20992K, used 10103K [0x00000007aab00000, 0x00000007ac080000, 0x00000007c0000000)
  eden space 20480K, 49% used [0x00000007aab00000,0x00000007ab4cdf08,0x00000007abf00000)
  from space 512K, 12% used [0x00000007abf80000,0x00000007abf90000,0x00000007ac000000)
  to   space 512K, 0% used [0x00000007ac000000,0x00000007ac000000,0x00000007ac080000)
 ParOldGen       total 154624K, used 127109K [0x0000000780000000, 0x0000000789700000, 0x00000007aab00000)
  object space 154624K, 82% used [0x0000000780000000,0x0000000787c21638,0x0000000789700000)
 Metaspace       used 21687K, capacity 21919K, committed 22320K, reserved 1069056K
  class space    used 2045K, capacity 2112K, committed 2176K, reserved 1048576K
GC Heap History (10 events):
Event: 996.033 GC heap before
{Heap before GC invocations=283 (full 4):
 PSYoungGen      total 20992K, used 20512K [0x00000007aab00000, 0x00000007ac080000, 0x00000007c0000000)
  eden space 20480K, 100% used [0x00000007aab00000,0x00000007abf00000,0x00000007abf00000)
  from space 512K, 6% used [0x00000007ac000000,0x00000007ac008000,0x00000007ac080000)
  to   space 512K, 0% used [0x00000007abf80000,0x00000007abf80000,0x00000007ac000000)
 ParOldGen       total 154624K, used 127109K [0x0000000780000000, 0x0000000789700000, 0x00000007aab00000)
  object space 154624K, 82% used [0x0000000780000000,0x0000000787c21638,0x0000000789700000)
 Metaspace       used 21651K, capacity 21855K, committed 22064K, reserved 1069056K
  class space    used 2037K, capacity 2112K, committed 2176K, reserved 1048576K
Event: 996.038 GC heap after
Heap after GC invocations=283 (full 4):
 PSYoungGen      total 20992K, used 64K [0x00000007aab00000, 0x00000007ac080000, 0x00000007c0000000)
  eden space 20480K, 0% used [0x00000007aab00000,0x00000007aab00000,0x00000007abf00000)
  from space 512K, 12% used [0x00000007abf80000,0x00000007abf90000,0x00000007ac000000)
  to   space 512K, 0% used [0x00000007ac000000,0x00000007ac000000,0x00000007ac080000)
 ParOldGen       total 154624K, used 127109K [0x0000000780000000, 0x0000000789700000, 0x00000007aab00000)
  object space 154624K, 82% used [0x0000000780000000,0x0000000787c21638,0x0000000789700000)
 Metaspace       used 21651K, capacity 21855K, committed 22064K, reserved 1069056K
  class space    used 2037K, capacity 2112K, committed 2176K, reserved 1048576K
}
Event: 999.415 GC heap before
{Heap before GC invocations=284 (full 4):
 PSYoungGen      total 20992K, used 20544K [0x00000007aab00000, 0x00000007ac080000, 0x00000007c0000000)
  eden space 20480K, 100% used [0x00000007aab00000,0x00000007abf00000,0x00000007abf00000)
  from space 512K, 12% used [0x00000007abf80000,0x00000007abf90000,0x00000007ac000000)
  to   space 512K, 0% used [0x00000007ac000000,0x00000007ac000000,0x00000007ac080000)
 ParOldGen       total 154624K, used 127109K [0x0000000780000000, 0x0000000789700000, 0x00000007aab00000)
  object space 154624K, 82% used [0x0000000780000000,0x0000000787c21638,0x0000000789700000)
 Metaspace       used 21651K, capacity 21855K, committed 22064K, reserved 1069056K
  class space    used 2037K, capacity 2112K, committed 2176K, reserved 1048576K
Event: 999.421 GC heap after
Heap after GC invocations=284 (full 4):
 PSYoungGen      total 20992K, used 32K [0x00000007aab00000, 0x00000007ac080000, 0x00000007c0000000)
  eden space 20480K, 0% used [0x00000007aab00000,0x00000007aab00000,0x00000007abf00000)
  from space 512K, 6% used [0x00000007ac000000,0x00000007ac008000,0x00000007ac080000)
  to   space 512K, 0% used [0x00000007abf80000,0x00000007abf80000,0x00000007ac000000)
 ParOldGen       total 154624K, used 127109K [0x0000000780000000, 0x0000000789700000, 0x00000007aab00000)
  object space 154624K, 82% used [0x0000000780000000,0x0000000787c21638,0x0000000789700000)
 Metaspace       used 21651K, capacity 21855K, committed 22064K, reserved 1069056K
  class space    used 2037K, capacity 2112K, committed 2176K, reserved 1048576K
}
Event: 1002.783 GC heap before
{Heap before GC invocations=285 (full 4):
 PSYoungGen      total 20992K, used 20512K [0x00000007aab00000, 0x00000007ac080000, 0x00000007c0000000)
  eden space 20480K, 100% used [0x00000007aab00000,0x00000007abf00000,0x00000007abf00000)
  from space 512K, 6% used [0x00000007ac000000,0x00000007ac008000,0x00000007ac080000)
  to   space 512K, 0% used [0x00000007abf80000,0x00000007abf80000,0x00000007ac000000)
 ParOldGen       total 154624K, used 127109K [0x0000000780000000, 0x0000000789700000, 0x00000007aab00000)
  object space 154624K, 82% used [0x0000000780000000,0x0000000787c21638,0x0000000789700000)
 Metaspace       used 21651K, capacity 21855K, committed 22064K, reserved 1069056K
  class space    used 2037K, capacity 2112K, committed 2176K, reserved 1048576K
Event: 1002.785 GC heap after
Heap after GC invocations=285 (full 4):
 PSYoungGen      total 20992K, used 32K [0x00000007aab00000, 0x00000007ac080000, 0x00000007c0000000)
  eden space 20480K, 0% used [0x00000007aab00000,0x00000007aab00000,0x00000007abf00000)
  from space 512K, 6% used [0x00000007abf80000,0x00000007abf88000,0x00000007ac000000)
  to   space 512K, 0% used [0x00000007ac000000,0x00000007ac000000,0x00000007ac080000)
 ParOldGen       total 154624K, used 127109K [0x0000000780000000, 0x0000000789700000, 0x00000007aab00000)
  object space 154624K, 82% used [0x0000000780000000,0x0000000787c21638,0x0000000789700000)
 Metaspace       used 21651K, capacity 21855K, committed 22064K, reserved 1069056K
  class space    used 2037K, capacity 2112K, committed 2176K, reserved 1048576K
}
Event: 1006.165 GC heap before
{Heap before GC invocations=286 (full 4):
 PSYoungGen      total 20992K, used 20512K [0x00000007aab00000, 0x00000007ac080000, 0x00000007c0000000)
  eden space 20480K, 100% used [0x00000007aab00000,0x00000007abf00000,0x00000007abf00000)
  from space 512K, 6% used [0x00000007abf80000,0x00000007abf88000,0x00000007ac000000)
  to   space 512K, 0% used [0x00000007ac000000,0x00000007ac000000,0x00000007ac080000)
 ParOldGen       total 154624K, used 127109K [0x0000000780000000, 0x0000000789700000, 0x00000007aab00000)
  object space 154624K, 82% used [0x0000000780000000,0x0000000787c21638,0x0000000789700000)
 Metaspace       used 21651K, capacity 21855K, committed 22064K, reserved 1069056K
  class space    used 2037K, capacity 2112K, committed 2176K, reserved 1048576K
Event: 1006.168 GC heap after
Heap after GC invocations=286 (full 4):
 PSYoungGen      total 20992K, used 32K [0x00000007aab00000, 0x00000007ac080000, 0x00000007c0000000)
  eden space 20480K, 0% used [0x00000007aab00000,0x00000007aab00000,0x00000007abf00000)
  from space 512K, 6% used [0x00000007ac000000,0x00000007ac008000,0x00000007ac080000)
  to   space 512K, 0% used [0x00000007abf80000,0x00000007abf80000,0x00000007ac000000)
 ParOldGen       total 154624K, used 127109K [0x0000000780000000, 0x0000000789700000, 0x00000007aab00000)
  object space 154624K, 82% used [0x0000000780000000,0x0000000787c21638,0x0000000789700000)
 Metaspace       used 21651K, capacity 21855K, committed 22064K, reserved 1069056K
  class space    used 2037K, capacity 2112K, committed 2176K, reserved 1048576K
}
Event: 1009.565 GC heap before
{Heap before GC invocations=287 (full 4):
 PSYoungGen      total 20992K, used 20512K [0x00000007aab00000, 0x00000007ac080000, 0x00000007c0000000)
  eden space 20480K, 100% used [0x00000007aab00000,0x00000007abf00000,0x00000007abf00000)
  from space 512K, 6% used [0x00000007ac000000,0x00000007ac008000,0x00000007ac080000)
  to   space 512K, 0% used [0x00000007abf80000,0x00000007abf80000,0x00000007ac000000)
 ParOldGen       total 154624K, used 127109K [0x0000000780000000, 0x0000000789700000, 0x00000007aab00000)
  object space 154624K, 82% used [0x0000000780000000,0x0000000787c21638,0x0000000789700000)
 Metaspace       used 21651K, capacity 21855K, committed 22064K, reserved 1069056K
  class space    used 2037K, capacity 2112K, committed 2176K, reserved 1048576K
Event: 1009.568 GC heap after
Heap after GC invocations=287 (full 4):
 PSYoungGen      total 20992K, used 64K [0x00000007aab00000, 0x00000007ac080000, 0x00000007c0000000)
  eden space 20480K, 0% used [0x00000007aab00000,0x00000007aab00000,0x00000007abf00000)
  from space 512K, 12% used [0x00000007abf80000,0x00000007abf90000,0x00000007ac000000)
  to   space 512K, 0% used [0x00000007ac000000,0x00000007ac000000,0x00000007ac080000)
 ParOldGen       total 154624K, used 127109K [0x0000000780000000, 0x0000000789700000, 0x00000007aab00000)
  object space 154624K, 82% used [0x0000000780000000,0x0000000787c21638,0x0000000789700000)
 Metaspace       used 21651K, capacity 21855K, committed 22064K, reserved 1069056K
  class space    used 2037K, capacity 2112K, committed 2176K, reserved 1048576K
}

