# JRE version: Java(TM) SE Runtime Environment (8.0_77-b03) (build 1.8.0_77-b03)
# Java VM: Java HotSpot(TM) 64-Bit Server VM (25.77-b03 mixed mode bsd-amd64 compressed oops)
Heap:
 PSYoungGen      total 36352K, used 4674K [0x00000007aab00000, 0x00000007ad900000, 0x00000007c0000000)
  eden space 35840K, 12% used [0x00000007aab00000,0x00000007aaf78810,0x00000007ace00000)
  from space 512K, 18% used [0x00000007acf00000,0x00000007acf18000,0x00000007acf80000)
  to   space 5632K, 0% used [0x00000007ad380000,0x00000007ad380000,0x00000007ad900000)
 ParOldGen       total 45056K, used 16581K [0x0000000780000000, 0x0000000782c00000, 0x00000007aab00000)
  object space 45056K, 36% used [0x0000000780000000,0x0000000781031698,0x0000000782c00000)
 Metaspace       used 21168K, capacity 21403K, committed 21808K, reserved 1069056K
  class space    used 2045K, capacity 2112K, committed 2176K, reserved 1048576K
GC Heap History (10 events):
Event: 91.486 GC heap before
{Heap before GC invocations=24 (full 1):
 PSYoungGen      total 46592K, used 41056K [0x00000007aab00000, 0x00000007ae100000, 0x00000007c0000000)
  eden space 40960K, 100% used [0x00000007aab00000,0x00000007ad300000,0x00000007ad300000)
  from space 5632K, 1% used [0x00000007adb80000,0x00000007adb98000,0x00000007ae100000)
  to   space 7168K, 0% used [0x00000007ad300000,0x00000007ad300000,0x00000007ada00000)
 ParOldGen       total 45056K, used 16533K [0x0000000780000000, 0x0000000782c00000, 0x00000007aab00000)
  object space 45056K, 36% used [0x0000000780000000,0x0000000781025698,0x0000000782c00000)
 Metaspace       used 21105K, capacity 21339K, committed 21552K, reserved 1069056K
  class space    used 2037K, capacity 2112K, committed 2176K, reserved 1048576K
Event: 91.488 GC heap after
Heap after GC invocations=24 (full 1):
 PSYoungGen      total 40448K, used 96K [0x00000007aab00000, 0x00000007adf00000, 0x00000007c0000000)
  eden space 39936K, 0% used [0x00000007aab00000,0x00000007aab00000,0x00000007ad200000)
  from space 512K, 18% used [0x00000007ad300000,0x00000007ad318000,0x00000007ad380000)
  to   space 6656K, 0% used [0x00000007ad880000,0x00000007ad880000,0x00000007adf00000)
 ParOldGen       total 45056K, used 16533K [0x0000000780000000, 0x0000000782c00000, 0x00000007aab00000)
  object space 45056K, 36% used [0x0000000780000000,0x0000000781025698,0x0000000782c00000)
 Metaspace       used 21105K, capacity 21339K, committed 21552K, reserved 1069056K
  class space    used 2037K, capacity 2112K, committed 2176K, reserved 1048576K
}
Event: 95.373 GC heap before
{Heap before GC invocations=25 (full 1):
 PSYoungGen      total 40448K, used 40032K [0x00000007aab00000, 0x00000007adf00000, 0x00000007c0000000)
  eden space 39936K, 100% used [0x00000007aab00000,0x00000007ad200000,0x00000007ad200000)
  from space 512K, 18% used [0x00000007ad300000,0x00000007ad318000,0x00000007ad380000)
  to   space 6656K, 0% used [0x00000007ad880000,0x00000007ad880000,0x00000007adf00000)
 ParOldGen       total 45056K, used 16533K [0x0000000780000000, 0x0000000782c00000, 0x00000007aab00000)
  object space 45056K, 36% used [0x0000000780000000,0x0000000781025698,0x0000000782c00000)
 Metaspace       used 21105K, capacity 21339K, committed 21552K, reserved 1069056K
  class space    used 2037K, capacity 2112K, committed 2176K, reserved 1048576K
Event: 95.374 GC heap after
Heap after GC invocations=25 (full 1):
 PSYoungGen      total 44544K, used 96K [0x00000007aab00000, 0x00000007ade00000, 0x00000007c0000000)
  eden space 38912K, 0% used [0x00000007aab00000,0x00000007aab00000,0x00000007ad100000)
  from space 5632K, 1% used [0x00000007ad880000,0x00000007ad898000,0x00000007ade00000)
  to   space 6656K, 0% used [0x00000007ad100000,0x00000007ad100000,0x00000007ad780000)
 ParOldGen       total 45056K, used 16533K [0x0000000780000000, 0x0000000782c00000, 0x00000007aab00000)
  object space 45056K, 36% used [0x0000000780000000,0x0000000781025698,0x0000000782c00000)
 Metaspace       used 21105K, capacity 21339K, committed 21552K, reserved 1069056K
  class space    used 2037K, capacity 2112K, committed 2176K, reserved 1048576K
}
Event: 99.171 GC heap before
{Heap before GC invocations=26 (full 1):
 PSYoungGen      total 44544K, used 39008K [0x00000007aab00000, 0x00000007ade00000, 0x00000007c0000000)
  eden space 38912K, 100% used [0x00000007aab00000,0x00000007ad100000,0x00000007ad100000)
  from space 5632K, 1% used [0x00000007ad880000,0x00000007ad898000,0x00000007ade00000)
  to   space 6656K, 0% used [0x00000007ad100000,0x00000007ad100000,0x00000007ad780000)
 ParOldGen       total 45056K, used 16533K [0x0000000780000000, 0x0000000782c00000, 0x00000007aab00000)
  object space 45056K, 36% used [0x0000000780000000,0x0000000781025698,0x0000000782c00000)
 Metaspace       used 21120K, capacity 21339K, committed 21552K, reserved 1069056K
  class space    used 2037K, capacity 2112K, committed 2176K, reserved 1048576K
Event: 99.173 GC heap after
Heap after GC invocations=26 (full 1):
 PSYoungGen      total 38400K, used 96K [0x00000007aab00000, 0x00000007adc00000, 0x00000007c0000000)
  eden space 37888K, 0% used [0x00000007aab00000,0x00000007aab00000,0x00000007ad000000)
  from space 512K, 18% used [0x00000007ad100000,0x00000007ad118000,0x00000007ad180000)
  to   space 6144K, 0% used [0x00000007ad600000,0x00000007ad600000,0x00000007adc00000)
 ParOldGen       total 45056K, used 16557K [0x0000000780000000, 0x0000000782c00000, 0x00000007aab00000)
  object space 45056K, 36% used [0x0000000780000000,0x000000078102b698,0x0000000782c00000)
 Metaspace       used 21120K, capacity 21339K, committed 21552K, reserved 1069056K
  class space    used 2037K, capacity 2112K, committed 2176K, reserved 1048576K
}
Event: 102.905 GC heap before
{Heap before GC invocations=27 (full 1):
 PSYoungGen      total 38400K, used 37984K [0x00000007aab00000, 0x00000007adc00000, 0x00000007c0000000)
  eden space 37888K, 100% used [0x00000007aab00000,0x00000007ad000000,0x00000007ad000000)
  from space 512K, 18% used [0x00000007ad100000,0x00000007ad118000,0x00000007ad180000)
  to   space 6144K, 0% used [0x00000007ad600000,0x00000007ad600000,0x00000007adc00000)
 ParOldGen       total 45056K, used 16557K [0x0000000780000000, 0x0000000782c00000, 0x00000007aab00000)
  object space 45056K, 36% used [0x0000000780000000,0x000000078102b698,0x0000000782c00000)
 Metaspace       used 21121K, capacity 21339K, committed 21552K, reserved 1069056K
  class space    used 2038K, capacity 2112K, committed 2176K, reserved 1048576K
Event: 102.907 GC heap after
Heap after GC invocations=27 (full 1):
 PSYoungGen      total 40960K, used 128K [0x00000007aab00000, 0x00000007ada00000, 0x00000007c0000000)
  eden space 36864K, 0% used [0x00000007aab00000,0x00000007aab00000,0x00000007acf00000)
  from space 4096K, 3% used [0x00000007ad600000,0x00000007ad620000,0x00000007ada00000)
  to   space 5632K, 0% used [0x00000007acf00000,0x00000007acf00000,0x00000007ad480000)
 ParOldGen       total 45056K, used 16565K [0x0000000780000000, 0x0000000782c00000, 0x00000007aab00000)
  object space 45056K, 36% used [0x0000000780000000,0x000000078102d698,0x0000000782c00000)
 Metaspace       used 21121K, capacity 21339K, committed 21552K, reserved 1069056K
  class space    used 2038K, capacity 2112K, committed 2176K, reserved 1048576K
}
Event: 106.436 GC heap before
{Heap before GC invocations=28 (full 1):
 PSYoungGen      total 40960K, used 36992K [0x00000007aab00000, 0x00000007ada00000, 0x00000007c0000000)
  eden space 36864K, 100% used [0x00000007aab00000,0x00000007acf00000,0x00000007acf00000)
  from space 4096K, 3% used [0x00000007ad600000,0x00000007ad620000,0x00000007ada00000)
  to   space 5632K, 0% used [0x00000007acf00000,0x00000007acf00000,0x00000007ad480000)
 ParOldGen       total 45056K, used 16565K [0x0000000780000000, 0x0000000782c00000, 0x00000007aab00000)
  object space 45056K, 36% used [0x0000000780000000,0x000000078102d698,0x0000000782c00000)
 Metaspace       used 21133K, capacity 21339K, committed 21552K, reserved 1069056K
  class space    used 2038K, capacity 2112K, committed 2176K, reserved 1048576K
Event: 106.437 GC heap after
Heap after GC invocations=28 (full 1):
 PSYoungGen      total 36352K, used 96K [0x00000007aab00000, 0x00000007ad900000, 0x00000007c0000000)
  eden space 35840K, 0% used [0x00000007aab00000,0x00000007aab00000,0x00000007ace00000)
  from space 512K, 18% used [0x00000007acf00000,0x00000007acf18000,0x00000007acf80000)
  to   space 5632K, 0% used [0x00000007ad380000,0x00000007ad380000,0x00000007ad900000)
 ParOldGen       total 45056K, used 16581K [0x0000000780000000, 0x0000000782c00000, 0x00000007aab00000)
  object space 45056K, 36% used [0x0000000780000000,0x0000000781031698,0x0000000782c00000)
 Metaspace       used 21133K, capacity 21339K, committed 21552K, reserved 1069056K
  class space    used 2038K, capacity 2112K, committed 2176K, reserved 1048576K
}

