# JRE version: Java(TM) SE Runtime Environment (8.0_77-b03) (build 1.8.0_77-b03)
# Java VM: Java HotSpot(TM) 64-Bit Server VM (25.77-b03 mixed mode bsd-amd64 compressed oops)
Heap:
 PSYoungGen      total 21504K, used 4900K [0x00000007aab00000, 0x00000007ac100000, 0x00000007c0000000)
  eden space 20992K, 23% used [0x00000007aab00000,0x00000007aafb9168,0x00000007abf80000)
  from space 512K, 12% used [0x00000007ac000000,0x00000007ac010000,0x00000007ac080000)
  to   space 512K, 0% used [0x00000007ac080000,0x00000007ac080000,0x00000007ac100000)
 ParOldGen       total 47104K, used 16790K [0x0000000780000000, 0x0000000782e00000, 0x00000007aab00000)
  object space 47104K, 35% used [0x0000000780000000,0x0000000781065978,0x0000000782e00000)
 Metaspace       used 21197K, capacity 21403K, committed 21808K, reserved 1069056K
  class space    used 2049K, capacity 2112K, committed 2176K, reserved 1048576K
GC Heap History (10 events):
Event: 415.519 GC heap before
{Heap before GC invocations=200 (full 1):
 PSYoungGen      total 21504K, used 21056K [0x00000007aab00000, 0x00000007ac100000, 0x00000007c0000000)
  eden space 20992K, 100% used [0x00000007aab00000,0x00000007abf80000,0x00000007abf80000)
  from space 512K, 12% used [0x00000007ac080000,0x00000007ac090000,0x00000007ac100000)
  to   space 512K, 0% used [0x00000007ac000000,0x00000007ac000000,0x00000007ac080000)
 ParOldGen       total 47104K, used 16790K [0x0000000780000000, 0x0000000782e00000, 0x00000007aab00000)
  object space 47104K, 35% used [0x0000000780000000,0x0000000781065978,0x0000000782e00000)
 Metaspace       used 21163K, capacity 21403K, committed 21808K, reserved 1069056K
  class space    used 2041K, capacity 2112K, committed 2176K, reserved 1048576K
Event: 415.521 GC heap after
Heap after GC invocations=200 (full 1):
 PSYoungGen      total 21504K, used 96K [0x00000007aab00000, 0x00000007ac100000, 0x00000007c0000000)
  eden space 20992K, 0% used [0x00000007aab00000,0x00000007aab00000,0x00000007abf80000)
  from space 512K, 18% used [0x00000007ac000000,0x00000007ac018000,0x00000007ac080000)
  to   space 512K, 0% used [0x00000007ac080000,0x00000007ac080000,0x00000007ac100000)
 ParOldGen       total 47104K, used 16790K [0x0000000780000000, 0x0000000782e00000, 0x00000007aab00000)
  object space 47104K, 35% used [0x0000000780000000,0x0000000781065978,0x0000000782e00000)
 Metaspace       used 21163K, capacity 21403K, committed 21808K, reserved 1069056K
  class space    used 2041K, capacity 2112K, committed 2176K, reserved 1048576K
}
Event: 417.585 GC heap before
{Heap before GC invocations=201 (full 1):
 PSYoungGen      total 21504K, used 21088K [0x00000007aab00000, 0x00000007ac100000, 0x00000007c0000000)
  eden space 20992K, 100% used [0x00000007aab00000,0x00000007abf80000,0x00000007abf80000)
  from space 512K, 18% used [0x00000007ac000000,0x00000007ac018000,0x00000007ac080000)
  to   space 512K, 0% used [0x00000007ac080000,0x00000007ac080000,0x00000007ac100000)
 ParOldGen       total 47104K, used 16790K [0x0000000780000000, 0x0000000782e00000, 0x00000007aab00000)
  object space 47104K, 35% used [0x0000000780000000,0x0000000781065978,0x0000000782e00000)
 Metaspace       used 21163K, capacity 21403K, committed 21808K, reserved 1069056K
  class space    used 2041K, capacity 2112K, committed 2176K, reserved 1048576K
Event: 417.587 GC heap after
Heap after GC invocations=201 (full 1):
 PSYoungGen      total 21504K, used 96K [0x00000007aab00000, 0x00000007ac100000, 0x00000007c0000000)
  eden space 20992K, 0% used [0x00000007aab00000,0x00000007aab00000,0x00000007abf80000)
  from space 512K, 18% used [0x00000007ac080000,0x00000007ac098000,0x00000007ac100000)
  to   space 512K, 0% used [0x00000007ac000000,0x00000007ac000000,0x00000007ac080000)
 ParOldGen       total 47104K, used 16790K [0x0000000780000000, 0x0000000782e00000, 0x00000007aab00000)
  object space 47104K, 35% used [0x0000000780000000,0x0000000781065978,0x0000000782e00000)
 Metaspace       used 21163K, capacity 21403K, committed 21808K, reserved 1069056K
  class space    used 2041K, capacity 2112K, committed 2176K, reserved 1048576K
}
Event: 419.652 GC heap before
{Heap before GC invocations=202 (full 1):
 PSYoungGen      total 21504K, used 21088K [0x00000007aab00000, 0x00000007ac100000, 0x00000007c0000000)
  eden space 20992K, 100% used [0x00000007aab00000,0x00000007abf80000,0x00000007abf80000)
  from space 512K, 18% used [0x00000007ac080000,0x00000007ac098000,0x00000007ac100000)
  to   space 512K, 0% used [0x00000007ac000000,0x00000007ac000000,0x00000007ac080000)
 ParOldGen       total 47104K, used 16790K [0x0000000780000000, 0x0000000782e00000, 0x00000007aab00000)
  object space 47104K, 35% used [0x0000000780000000,0x0000000781065978,0x0000000782e00000)
 Metaspace       used 21163K, capacity 21403K, committed 21808K, reserved 1069056K
  class space    used 2041K, capacity 2112K, committed 2176K, reserved 1048576K
Event: 419.653 GC heap after
Heap after GC invocations=202 (full 1):
 PSYoungGen      total 21504K, used 96K [0x00000007aab00000, 0x00000007ac100000, 0x00000007c0000000)
  eden space 20992K, 0% used [0x00000007aab00000,0x00000007aab00000,0x00000007abf80000)
  from space 512K, 18% used [0x00000007ac000000,0x00000007ac018000,0x00000007ac080000)
  to   space 512K, 0% used [0x00000007ac080000,0x00000007ac080000,0x00000007ac100000)
 ParOldGen       total 47104K, used 16790K [0x0000000780000000, 0x0000000782e00000, 0x00000007aab00000)
  object space 47104K, 35% used [0x0000000780000000,0x0000000781065978,0x0000000782e00000)
 Metaspace       used 21163K, capacity 21403K, committed 21808K, reserved 1069056K
  class space    used 2041K, capacity 2112K, committed 2176K, reserved 1048576K
}
Event: 421.750 GC heap before
{Heap before GC invocations=203 (full 1):
 PSYoungGen      total 21504K, used 21088K [0x00000007aab00000, 0x00000007ac100000, 0x00000007c0000000)
  eden space 20992K, 100% used [0x00000007aab00000,0x00000007abf80000,0x00000007abf80000)
  from space 512K, 18% used [0x00000007ac000000,0x00000007ac018000,0x00000007ac080000)
  to   space 512K, 0% used [0x00000007ac080000,0x00000007ac080000,0x00000007ac100000)
 ParOldGen       total 47104K, used 16790K [0x0000000780000000, 0x0000000782e00000, 0x00000007aab00000)
  object space 47104K, 35% used [0x0000000780000000,0x0000000781065978,0x0000000782e00000)
 Metaspace       used 21163K, capacity 21403K, committed 21808K, reserved 1069056K
  class space    used 2041K, capacity 2112K, committed 2176K, reserved 1048576K
Event: 421.751 GC heap after
Heap after GC invocations=203 (full 1):
 PSYoungGen      total 21504K, used 128K [0x00000007aab00000, 0x00000007ac100000, 0x00000007c0000000)
  eden space 20992K, 0% used [0x00000007aab00000,0x00000007aab00000,0x00000007abf80000)
  from space 512K, 25% used [0x00000007ac080000,0x00000007ac0a0000,0x00000007ac100000)
  to   space 512K, 0% used [0x00000007ac000000,0x00000007ac000000,0x00000007ac080000)
 ParOldGen       total 47104K, used 16790K [0x0000000780000000, 0x0000000782e00000, 0x00000007aab00000)
  object space 47104K, 35% used [0x0000000780000000,0x0000000781065978,0x0000000782e00000)
 Metaspace       used 21163K, capacity 21403K, committed 21808K, reserved 1069056K
  class space    used 2041K, capacity 2112K, committed 2176K, reserved 1048576K
}
Event: 423.800 GC heap before
{Heap before GC invocations=204 (full 1):
 PSYoungGen      total 21504K, used 21120K [0x00000007aab00000, 0x00000007ac100000, 0x00000007c0000000)
  eden space 20992K, 100% used [0x00000007aab00000,0x00000007abf80000,0x00000007abf80000)
  from space 512K, 25% used [0x00000007ac080000,0x00000007ac0a0000,0x00000007ac100000)
  to   space 512K, 0% used [0x00000007ac000000,0x00000007ac000000,0x00000007ac080000)
 ParOldGen       total 47104K, used 16790K [0x0000000780000000, 0x0000000782e00000, 0x00000007aab00000)
  object space 47104K, 35% used [0x0000000780000000,0x0000000781065978,0x0000000782e00000)
 Metaspace       used 21163K, capacity 21403K, committed 21808K, reserved 1069056K
  class space    used 2041K, capacity 2112K, committed 2176K, reserved 1048576K
Event: 423.802 GC heap after
Heap after GC invocations=204 (full 1):
 PSYoungGen      total 21504K, used 64K [0x00000007aab00000, 0x00000007ac100000, 0x00000007c0000000)
  eden space 20992K, 0% used [0x00000007aab00000,0x00000007aab00000,0x00000007abf80000)
  from space 512K, 12% used [0x00000007ac000000,0x00000007ac010000,0x00000007ac080000)
  to   space 512K, 0% used [0x00000007ac080000,0x00000007ac080000,0x00000007ac100000)
 ParOldGen       total 47104K, used 16790K [0x0000000780000000, 0x0000000782e00000, 0x00000007aab00000)
  object space 47104K, 35% used [0x0000000780000000,0x0000000781065978,0x0000000782e00000)
 Metaspace       used 21163K, capacity 21403K, committed 21808K, reserved 1069056K
  class space    used 2041K, capacity 2112K, committed 2176K, reserved 1048576K
}

