# JRE version: Java(TM) SE Runtime Environment (8.0_77-b03) (build 1.8.0_77-b03)
# Java VM: Java HotSpot(TM) 64-Bit Server VM (25.77-b03 mixed mode bsd-amd64 compressed oops)
Heap:
 PSYoungGen      total 19456K, used 957K [0x00000007aab00000, 0x00000007abf00000, 0x00000007c0000000)
  eden space 18944K, 5% used [0x00000007aab00000,0x00000007aabef6b0,0x00000007abd80000)
  from space 512K, 0% used [0x00000007abe80000,0x00000007abe80000,0x00000007abf00000)
  to   space 512K, 0% used [0x00000007abe00000,0x00000007abe00000,0x00000007abe80000)
 ParOldGen       total 33792K, used 14183K [0x0000000780000000, 0x0000000782100000, 0x00000007aab00000)
  object space 33792K, 41% used [0x0000000780000000,0x0000000780dd9f30,0x0000000782100000)
 Metaspace       used 20916K, capacity 21123K, committed 21552K, reserved 1069056K
  class space    used 2042K, capacity 2104K, committed 2176K, reserved 1048576K
GC Heap History (10 events):
Event: 3261.322 GC heap before
{Heap before GC invocations=597 (full 0):
 PSYoungGen      total 19456K, used 19040K [0x00000007aab00000, 0x00000007abf00000, 0x00000007c0000000)
  eden space 18944K, 100% used [0x00000007aab00000,0x00000007abd80000,0x00000007abd80000)
  from space 512K, 18% used [0x00000007abe80000,0x00000007abe98000,0x00000007abf00000)
  to   space 512K, 0% used [0x00000007abe00000,0x00000007abe00000,0x00000007abe80000)
 ParOldGen       total 44032K, used 20153K [0x0000000780000000, 0x0000000782b00000, 0x00000007aab00000)
  object space 44032K, 45% used [0x0000000780000000,0x00000007813ae798,0x0000000782b00000)
 Metaspace       used 20906K, capacity 21083K, committed 21296K, reserved 1069056K
  class space    used 2040K, capacity 2112K, committed 2176K, reserved 1048576K
Event: 3261.324 GC heap after
Heap after GC invocations=597 (full 0):
 PSYoungGen      total 19456K, used 32K [0x00000007aab00000, 0x00000007abf00000, 0x00000007c0000000)
  eden space 18944K, 0% used [0x00000007aab00000,0x00000007aab00000,0x00000007abd80000)
  from space 512K, 6% used [0x00000007abe00000,0x00000007abe08000,0x00000007abe80000)
  to   space 512K, 0% used [0x00000007abe80000,0x00000007abe80000,0x00000007abf00000)
 ParOldGen       total 44032K, used 20153K [0x0000000780000000, 0x0000000782b00000, 0x00000007aab00000)
  object space 44032K, 45% used [0x0000000780000000,0x00000007813ae798,0x0000000782b00000)
 Metaspace       used 20906K, capacity 21083K, committed 21296K, reserved 1069056K
  class space    used 2040K, capacity 2112K, committed 2176K, reserved 1048576K
}
Event: 3266.688 GC heap before
{Heap before GC invocations=598 (full 0):
 PSYoungGen      total 19456K, used 18976K [0x00000007aab00000, 0x00000007abf00000, 0x00000007c0000000)
  eden space 18944K, 100% used [0x00000007aab00000,0x00000007abd80000,0x00000007abd80000)
  from space 512K, 6% used [0x00000007abe00000,0x00000007abe08000,0x00000007abe80000)
  to   space 512K, 0% used [0x00000007abe80000,0x00000007abe80000,0x00000007abf00000)
 ParOldGen       total 44032K, used 20153K [0x0000000780000000, 0x0000000782b00000, 0x00000007aab00000)
  object space 44032K, 45% used [0x0000000780000000,0x00000007813ae798,0x0000000782b00000)
 Metaspace       used 20906K, capacity 21083K, committed 21296K, reserved 1069056K
  class space    used 2040K, capacity 2112K, committed 2176K, reserved 1048576K
Event: 3266.690 GC heap after
Heap after GC invocations=598 (full 0):
 PSYoungGen      total 19456K, used 96K [0x00000007aab00000, 0x00000007abf00000, 0x00000007c0000000)
  eden space 18944K, 0% used [0x00000007aab00000,0x00000007aab00000,0x00000007abd80000)
  from space 512K, 18% used [0x00000007abe80000,0x00000007abe98000,0x00000007abf00000)
  to   space 512K, 0% used [0x00000007abe00000,0x00000007abe00000,0x00000007abe80000)
 ParOldGen       total 44032K, used 20153K [0x0000000780000000, 0x0000000782b00000, 0x00000007aab00000)
  object space 44032K, 45% used [0x0000000780000000,0x00000007813ae798,0x0000000782b00000)
 Metaspace       used 20906K, capacity 21083K, committed 21296K, reserved 1069056K
  class space    used 2040K, capacity 2112K, committed 2176K, reserved 1048576K
}
Event: 3272.086 GC heap before
{Heap before GC invocations=599 (full 0):
 PSYoungGen      total 19456K, used 19040K [0x00000007aab00000, 0x00000007abf00000, 0x00000007c0000000)
  eden space 18944K, 100% used [0x00000007aab00000,0x00000007abd80000,0x00000007abd80000)
  from space 512K, 18% used [0x00000007abe80000,0x00000007abe98000,0x00000007abf00000)
  to   space 512K, 0% used [0x00000007abe00000,0x00000007abe00000,0x00000007abe80000)
 ParOldGen       total 44032K, used 20153K [0x0000000780000000, 0x0000000782b00000, 0x00000007aab00000)
  object space 44032K, 45% used [0x0000000780000000,0x00000007813ae798,0x0000000782b00000)
 Metaspace       used 20906K, capacity 21083K, committed 21296K, reserved 1069056K
  class space    used 2040K, capacity 2112K, committed 2176K, reserved 1048576K
Event: 3272.087 GC heap after
Heap after GC invocations=599 (full 0):
 PSYoungGen      total 19456K, used 96K [0x00000007aab00000, 0x00000007abf00000, 0x00000007c0000000)
  eden space 18944K, 0% used [0x00000007aab00000,0x00000007aab00000,0x00000007abd80000)
  from space 512K, 18% used [0x00000007abe00000,0x00000007abe18000,0x00000007abe80000)
  to   space 512K, 0% used [0x00000007abe80000,0x00000007abe80000,0x00000007abf00000)
 ParOldGen       total 44032K, used 20153K [0x0000000780000000, 0x0000000782b00000, 0x00000007aab00000)
  object space 44032K, 45% used [0x0000000780000000,0x00000007813ae798,0x0000000782b00000)
 Metaspace       used 20906K, capacity 21083K, committed 21296K, reserved 1069056K
  class space    used 2040K, capacity 2112K, committed 2176K, reserved 1048576K
}
Event: 3273.642 GC heap before
{Heap before GC invocations=600 (full 0):
 PSYoungGen      total 19456K, used 5803K [0x00000007aab00000, 0x00000007abf00000, 0x00000007c0000000)
  eden space 18944K, 30% used [0x00000007aab00000,0x00000007ab092f88,0x00000007abd80000)
  from space 512K, 18% used [0x00000007abe00000,0x00000007abe18000,0x00000007abe80000)
  to   space 512K, 0% used [0x00000007abe80000,0x00000007abe80000,0x00000007abf00000)
 ParOldGen       total 44032K, used 20153K [0x0000000780000000, 0x0000000782b00000, 0x00000007aab00000)
  object space 44032K, 45% used [0x0000000780000000,0x00000007813ae798,0x0000000782b00000)
 Metaspace       used 20927K, capacity 21083K, committed 21296K, reserved 1069056K
  class space    used 2044K, capacity 2112K, committed 2176K, reserved 1048576K
Event: 3273.645 GC heap after
Heap after GC invocations=600 (full 0):
 PSYoungGen      total 19456K, used 160K [0x00000007aab00000, 0x00000007abf00000, 0x00000007c0000000)
  eden space 18944K, 0% used [0x00000007aab00000,0x00000007aab00000,0x00000007abd80000)
  from space 512K, 31% used [0x00000007abe80000,0x00000007abea8000,0x00000007abf00000)
  to   space 512K, 0% used [0x00000007abe00000,0x00000007abe00000,0x00000007abe80000)
 ParOldGen       total 44032K, used 20153K [0x0000000780000000, 0x0000000782b00000, 0x00000007aab00000)
  object space 44032K, 45% used [0x0000000780000000,0x00000007813ae798,0x0000000782b00000)
 Metaspace       used 20927K, capacity 21083K, committed 21296K, reserved 1069056K
  class space    used 2044K, capacity 2112K, committed 2176K, reserved 1048576K
}
Event: 3273.645 GC heap before
{Heap before GC invocations=601 (full 1):
 PSYoungGen      total 19456K, used 160K [0x00000007aab00000, 0x00000007abf00000, 0x00000007c0000000)
  eden space 18944K, 0% used [0x00000007aab00000,0x00000007aab00000,0x00000007abd80000)
  from space 512K, 31% used [0x00000007abe80000,0x00000007abea8000,0x00000007abf00000)
  to   space 512K, 0% used [0x00000007abe00000,0x00000007abe00000,0x00000007abe80000)
 ParOldGen       total 44032K, used 20153K [0x0000000780000000, 0x0000000782b00000, 0x00000007aab00000)
  object space 44032K, 45% used [0x0000000780000000,0x00000007813ae798,0x0000000782b00000)
 Metaspace       used 20927K, capacity 21083K, committed 21296K, reserved 1069056K
  class space    used 2044K, capacity 2112K, committed 2176K, reserved 1048576K
Event: 3273.778 GC heap after
Heap after GC invocations=601 (full 1):
 PSYoungGen      total 19456K, used 0K [0x00000007aab00000, 0x00000007abf00000, 0x00000007c0000000)
  eden space 18944K, 0% used [0x00000007aab00000,0x00000007aab00000,0x00000007abd80000)
  from space 512K, 0% used [0x00000007abe80000,0x00000007abe80000,0x00000007abf00000)
  to   space 512K, 0% used [0x00000007abe00000,0x00000007abe00000,0x00000007abe80000)
 ParOldGen       total 33792K, used 14183K [0x0000000780000000, 0x0000000782100000, 0x00000007aab00000)
  object space 33792K, 41% used [0x0000000780000000,0x0000000780dd9f30,0x0000000782100000)
 Metaspace       used 20912K, capacity 21059K, committed 21296K, reserved 1069056K
  class space    used 2039K, capacity 2104K, committed 2176K, reserved 1048576K
}

