# JRE version: Java(TM) SE Runtime Environment (8.0_77-b03) (build 1.8.0_77-b03)
# Java VM: Java HotSpot(TM) 64-Bit Server VM (25.77-b03 mixed mode bsd-amd64 compressed oops)
Heap:
 PSYoungGen      total 143360K, used 132418K [0x00000007aab00000, 0x00000007b7680000, 0x00000007c0000000)
  eden space 129536K, 91% used [0x00000007aab00000,0x00000007b1f60880,0x00000007b2980000)
  from space 13824K, 95% used [0x00000007b2980000,0x00000007b3670340,0x00000007b3700000)
  to   space 15360K, 0% used [0x00000007b6780000,0x00000007b6780000,0x00000007b7680000)
 ParOldGen       total 70656K, used 38597K [0x0000000780000000, 0x0000000784500000, 0x00000007aab00000)
  object space 70656K, 54% used [0x0000000780000000,0x00000007825b1540,0x0000000784500000)
 Metaspace       used 21339K, capacity 21535K, committed 21808K, reserved 1069056K
  class space    used 2041K, capacity 2112K, committed 2176K, reserved 1048576K
GC Heap History (10 events):
Event: 6.510 GC heap before
{Heap before GC invocations=6 (full 0):
 PSYoungGen      total 35328K, used 35288K [0x00000007aab00000, 0x00000007b0000000, 0x00000007c0000000)
  eden space 32768K, 99% used [0x00000007aab00000,0x00000007acafe080,0x00000007acb00000)
  from space 2560K, 98% used [0x00000007acb00000,0x00000007acd780d0,0x00000007acd80000)
  to   space 10752K, 0% used [0x00000007af580000,0x00000007af580000,0x00000007b0000000)
 ParOldGen       total 44032K, used 18966K [0x0000000780000000, 0x0000000782b00000, 0x00000007aab00000)
  object space 44032K, 43% used [0x0000000780000000,0x0000000781285950,0x0000000782b00000)
 Metaspace       used 20654K, capacity 20831K, committed 21120K, reserved 1069056K
  class space    used 2034K, capacity 2112K, committed 2176K, reserved 1048576K
Event: 6.521 GC heap after
Heap after GC invocations=6 (full 0):
 PSYoungGen      total 76288K, used 7296K [0x00000007aab00000, 0x00000007b0000000, 0x00000007c0000000)
  eden space 65536K, 0% used [0x00000007aab00000,0x00000007aab00000,0x00000007aeb00000)
  from space 10752K, 67% used [0x00000007af580000,0x00000007afca01e0,0x00000007b0000000)
  to   space 10752K, 0% used [0x00000007aeb00000,0x00000007aeb00000,0x00000007af580000)
 ParOldGen       total 44032K, used 18974K [0x0000000780000000, 0x0000000782b00000, 0x00000007aab00000)
  object space 44032K, 43% used [0x0000000780000000,0x0000000781287950,0x0000000782b00000)
 Metaspace       used 20654K, capacity 20831K, committed 21120K, reserved 1069056K
  class space    used 2034K, capacity 2112K, committed 2176K, reserved 1048576K
}
Event: 8.276 GC heap before
{Heap before GC invocations=7 (full 0):
 PSYoungGen      total 76288K, used 72661K [0x00000007aab00000, 0x00000007b0000000, 0x00000007c0000000)
  eden space 65536K, 99% used [0x00000007aab00000,0x00000007aead5328,0x00000007aeb00000)
  from space 10752K, 67% used [0x00000007af580000,0x00000007afca01e0,0x00000007b0000000)
  to   space 10752K, 0% used [0x00000007aeb00000,0x00000007aeb00000,0x00000007af580000)
 ParOldGen       total 44032K, used 18974K [0x0000000780000000, 0x0000000782b00000, 0x00000007aab00000)
  object space 44032K, 43% used [0x0000000780000000,0x0000000781287950,0x0000000782b00000)
 Metaspace       used 20822K, capacity 21023K, committed 21296K, reserved 1069056K
  class space    used 2034K, capacity 2112K, committed 2176K, reserved 1048576K
Event: 8.291 GC heap after
Heap after GC invocations=7 (full 0):
 PSYoungGen      total 76288K, used 10736K [0x00000007aab00000, 0x00000007b4300000, 0x00000007c0000000)
  eden space 65536K, 0% used [0x00000007aab00000,0x00000007aab00000,0x00000007aeb00000)
  from space 10752K, 99% used [0x00000007aeb00000,0x00000007af57c320,0x00000007af580000)
  to   space 12288K, 0% used [0x00000007b3700000,0x00000007b3700000,0x00000007b4300000)
 ParOldGen       total 44032K, used 26788K [0x0000000780000000, 0x0000000782b00000, 0x00000007aab00000)
  object space 44032K, 60% used [0x0000000780000000,0x0000000781a29130,0x0000000782b00000)
 Metaspace       used 20822K, capacity 21023K, committed 21296K, reserved 1069056K
  class space    used 2034K, capacity 2112K, committed 2176K, reserved 1048576K
}
Event: 9.177 GC heap before
{Heap before GC invocations=8 (full 0):
 PSYoungGen      total 76288K, used 50004K [0x00000007aab00000, 0x00000007b4300000, 0x00000007c0000000)
  eden space 65536K, 59% used [0x00000007aab00000,0x00000007ad158eb8,0x00000007aeb00000)
  from space 10752K, 99% used [0x00000007aeb00000,0x00000007af57c320,0x00000007af580000)
  to   space 12288K, 0% used [0x00000007b3700000,0x00000007b3700000,0x00000007b4300000)
 ParOldGen       total 44032K, used 26788K [0x0000000780000000, 0x0000000782b00000, 0x00000007aab00000)
  object space 44032K, 60% used [0x0000000780000000,0x0000000781a29130,0x0000000782b00000)
 Metaspace       used 20887K, capacity 21087K, committed 21296K, reserved 1069056K
  class space    used 2034K, capacity 2112K, committed 2176K, reserved 1048576K
Event: 9.192 GC heap after
Heap after GC invocations=8 (full 0):
 PSYoungGen      total 141824K, used 12224K [0x00000007aab00000, 0x00000007b4600000, 0x00000007c0000000)
  eden space 129536K, 0% used [0x00000007aab00000,0x00000007aab00000,0x00000007b2980000)
  from space 12288K, 99% used [0x00000007b3700000,0x00000007b42f0300,0x00000007b4300000)
  to   space 13824K, 0% used [0x00000007b2980000,0x00000007b2980000,0x00000007b3700000)
 ParOldGen       total 44032K, used 31576K [0x0000000780000000, 0x0000000782b00000, 0x00000007aab00000)
  object space 44032K, 71% used [0x0000000780000000,0x0000000781ed6258,0x0000000782b00000)
 Metaspace       used 20887K, capacity 21087K, committed 21296K, reserved 1069056K
  class space    used 2034K, capacity 2112K, committed 2176K, reserved 1048576K
}
Event: 9.192 GC heap before
{Heap before GC invocations=9 (full 1):
 PSYoungGen      total 141824K, used 12224K [0x00000007aab00000, 0x00000007b4600000, 0x00000007c0000000)
  eden space 129536K, 0% used [0x00000007aab00000,0x00000007aab00000,0x00000007b2980000)
  from space 12288K, 99% used [0x00000007b3700000,0x00000007b42f0300,0x00000007b4300000)
  to   space 13824K, 0% used [0x00000007b2980000,0x00000007b2980000,0x00000007b3700000)
 ParOldGen       total 44032K, used 31576K [0x0000000780000000, 0x0000000782b00000, 0x00000007aab00000)
  object space 44032K, 71% used [0x0000000780000000,0x0000000781ed6258,0x0000000782b00000)
 Metaspace       used 20887K, capacity 21087K, committed 21296K, reserved 1069056K
  class space    used 2034K, capacity 2112K, committed 2176K, reserved 1048576K
Event: 9.243 GC heap after
Heap after GC invocations=9 (full 1):
 PSYoungGen      total 141824K, used 0K [0x00000007aab00000, 0x00000007b4600000, 0x00000007c0000000)
  eden space 129536K, 0% used [0x00000007aab00000,0x00000007aab00000,0x00000007b2980000)
  from space 12288K, 0% used [0x00000007b3700000,0x00000007b3700000,0x00000007b4300000)
  to   space 13824K, 0% used [0x00000007b2980000,0x00000007b2980000,0x00000007b3700000)
 ParOldGen       total 70656K, used 38589K [0x0000000780000000, 0x0000000784500000, 0x00000007aab00000)
  object space 70656K, 54% used [0x0000000780000000,0x00000007825af540,0x0000000784500000)
 Metaspace       used 20887K, capacity 21087K, committed 21296K, reserved 1069056K
  class space    used 2034K, capacity 2112K, committed 2176K, reserved 1048576K
}
Event: 20.976 GC heap before
{Heap before GC invocations=10 (full 1):
 PSYoungGen      total 141824K, used 129536K [0x00000007aab00000, 0x00000007b4600000, 0x00000007c0000000)
  eden space 129536K, 100% used [0x00000007aab00000,0x00000007b2980000,0x00000007b2980000)
  from space 12288K, 0% used [0x00000007b3700000,0x00000007b3700000,0x00000007b4300000)
  to   space 13824K, 0% used [0x00000007b2980000,0x00000007b2980000,0x00000007b3700000)
 ParOldGen       total 70656K, used 38589K [0x0000000780000000, 0x0000000784500000, 0x00000007aab00000)
  object space 70656K, 54% used [0x0000000780000000,0x00000007825af540,0x0000000784500000)
 Metaspace       used 21300K, capacity 21535K, committed 21808K, reserved 1069056K
  class space    used 2035K, capacity 2112K, committed 2176K, reserved 1048576K
Event: 20.986 GC heap after
Heap after GC invocations=10 (full 1):
 PSYoungGen      total 143360K, used 13248K [0x00000007aab00000, 0x00000007b7680000, 0x00000007c0000000)
  eden space 129536K, 0% used [0x00000007aab00000,0x00000007aab00000,0x00000007b2980000)
  from space 13824K, 95% used [0x00000007b2980000,0x00000007b3670340,0x00000007b3700000)
  to   space 15360K, 0% used [0x00000007b6780000,0x00000007b6780000,0x00000007b7680000)
 ParOldGen       total 70656K, used 38597K [0x0000000780000000, 0x0000000784500000, 0x00000007aab00000)
  object space 70656K, 54% used [0x0000000780000000,0x00000007825b1540,0x0000000784500000)
 Metaspace       used 21300K, capacity 21535K, committed 21808K, reserved 1069056K
  class space    used 2035K, capacity 2112K, committed 2176K, reserved 1048576K
}

