# JRE version: Java(TM) SE Runtime Environment (8.0_77-b03) (build 1.8.0_77-b03)
# Java VM: Java HotSpot(TM) 64-Bit Server VM (25.77-b03 mixed mode bsd-amd64 compressed oops)
Heap:
 PSYoungGen      total 56832K, used 29096K [0x00000007aab00000, 0x00000007af900000, 0x00000007c0000000)
  eden space 56320K, 51% used [0x00000007aab00000,0x00000007ac7521e0,0x00000007ae200000)
  from space 512K, 18% used [0x00000007ae400000,0x00000007ae418000,0x00000007ae480000)
  to   space 11776K, 0% used [0x00000007aed80000,0x00000007aed80000,0x00000007af900000)
 ParOldGen       total 47616K, used 16538K [0x0000000780000000, 0x0000000782e80000, 0x00000007aab00000)
  object space 47616K, 34% used [0x0000000780000000,0x0000000781026948,0x0000000782e80000)
 Metaspace       used 21166K, capacity 21395K, committed 21552K, reserved 1069056K
  class space    used 2049K, capacity 2112K, committed 2176K, reserved 1048576K
GC Heap History (10 events):
Event: 12.407 GC heap before
{Heap before GC invocations=8 (full 1):
 PSYoungGen      total 65024K, used 1984K [0x00000007aab00000, 0x00000007aff80000, 0x00000007c0000000)
  eden space 62976K, 0% used [0x00000007aab00000,0x00000007aab00000,0x00000007ae880000)
  from space 2048K, 96% used [0x00000007aeb00000,0x00000007aecf0050,0x00000007aed00000)
  to   space 11776K, 0% used [0x00000007af400000,0x00000007af400000,0x00000007aff80000)
 ParOldGen       total 44032K, used 20856K [0x0000000780000000, 0x0000000782b00000, 0x00000007aab00000)
  object space 44032K, 47% used [0x0000000780000000,0x000000078145e3c0,0x0000000782b00000)
 Metaspace       used 20946K, capacity 21139K, committed 21296K, reserved 1069056K
  class space    used 2041K, capacity 2112K, committed 2176K, reserved 1048576K
Event: 12.460 GC heap after
Heap after GC invocations=8 (full 1):
 PSYoungGen      total 65024K, used 0K [0x00000007aab00000, 0x00000007aff80000, 0x00000007c0000000)
  eden space 62976K, 0% used [0x00000007aab00000,0x00000007aab00000,0x00000007ae880000)
  from space 2048K, 0% used [0x00000007aeb00000,0x00000007aeb00000,0x00000007aed00000)
  to   space 11776K, 0% used [0x00000007af400000,0x00000007af400000,0x00000007aff80000)
 ParOldGen       total 47616K, used 16498K [0x0000000780000000, 0x0000000782e80000, 0x00000007aab00000)
  object space 47616K, 34% used [0x0000000780000000,0x000000078101c948,0x0000000782e80000)
 Metaspace       used 20946K, capacity 21139K, committed 21296K, reserved 1069056K
  class space    used 2041K, capacity 2112K, committed 2176K, reserved 1048576K
}
Event: 18.118 GC heap before
{Heap before GC invocations=9 (full 1):
 PSYoungGen      total 65024K, used 62976K [0x00000007aab00000, 0x00000007aff80000, 0x00000007c0000000)
  eden space 62976K, 100% used [0x00000007aab00000,0x00000007ae880000,0x00000007ae880000)
  from space 2048K, 0% used [0x00000007aeb00000,0x00000007aeb00000,0x00000007aed00000)
  to   space 11776K, 0% used [0x00000007af400000,0x00000007af400000,0x00000007aff80000)
 ParOldGen       total 47616K, used 16498K [0x0000000780000000, 0x0000000782e80000, 0x00000007aab00000)
  object space 47616K, 34% used [0x0000000780000000,0x000000078101c948,0x0000000782e80000)
 Metaspace       used 21088K, capacity 21331K, committed 21552K, reserved 1069056K
  class space    used 2041K, capacity 2112K, committed 2176K, reserved 1048576K
Event: 18.120 GC heap after
Heap after GC invocations=9 (full 1):
 PSYoungGen      total 74240K, used 96K [0x00000007aab00000, 0x00000007b2580000, 0x00000007c0000000)
  eden space 62464K, 0% used [0x00000007aab00000,0x00000007aab00000,0x00000007ae800000)
  from space 11776K, 0% used [0x00000007af400000,0x00000007af418000,0x00000007aff80000)
  to   space 12288K, 0% used [0x00000007ae800000,0x00000007ae800000,0x00000007af400000)
 ParOldGen       total 47616K, used 16506K [0x0000000780000000, 0x0000000782e80000, 0x00000007aab00000)
  object space 47616K, 34% used [0x0000000780000000,0x000000078101e948,0x0000000782e80000)
 Metaspace       used 21088K, capacity 21331K, committed 21552K, reserved 1069056K
  class space    used 2041K, capacity 2112K, committed 2176K, reserved 1048576K
}
Event: 24.219 GC heap before
{Heap before GC invocations=10 (full 1):
 PSYoungGen      total 74240K, used 62560K [0x00000007aab00000, 0x00000007b2580000, 0x00000007c0000000)
  eden space 62464K, 100% used [0x00000007aab00000,0x00000007ae800000,0x00000007ae800000)
  from space 11776K, 0% used [0x00000007af400000,0x00000007af418000,0x00000007aff80000)
  to   space 12288K, 0% used [0x00000007ae800000,0x00000007ae800000,0x00000007af400000)
 ParOldGen       total 47616K, used 16506K [0x0000000780000000, 0x0000000782e80000, 0x00000007aab00000)
  object space 47616K, 34% used [0x0000000780000000,0x000000078101e948,0x0000000782e80000)
 Metaspace       used 21089K, capacity 21331K, committed 21552K, reserved 1069056K
  class space    used 2041K, capacity 2112K, committed 2176K, reserved 1048576K
Event: 24.221 GC heap after
Heap after GC invocations=10 (full 1):
 PSYoungGen      total 60928K, used 96K [0x00000007aab00000, 0x00000007afe00000, 0x00000007c0000000)
  eden space 60416K, 0% used [0x00000007aab00000,0x00000007aab00000,0x00000007ae600000)
  from space 512K, 18% used [0x00000007ae800000,0x00000007ae818000,0x00000007ae880000)
  to   space 12288K, 0% used [0x00000007af200000,0x00000007af200000,0x00000007afe00000)
 ParOldGen       total 47616K, used 16514K [0x0000000780000000, 0x0000000782e80000, 0x00000007aab00000)
  object space 47616K, 34% used [0x0000000780000000,0x0000000781020948,0x0000000782e80000)
 Metaspace       used 21089K, capacity 21331K, committed 21552K, reserved 1069056K
  class space    used 2041K, capacity 2112K, committed 2176K, reserved 1048576K
}
Event: 30.150 GC heap before
{Heap before GC invocations=11 (full 1):
 PSYoungGen      total 60928K, used 60512K [0x00000007aab00000, 0x00000007afe00000, 0x00000007c0000000)
  eden space 60416K, 100% used [0x00000007aab00000,0x00000007ae600000,0x00000007ae600000)
  from space 512K, 18% used [0x00000007ae800000,0x00000007ae818000,0x00000007ae880000)
  to   space 12288K, 0% used [0x00000007af200000,0x00000007af200000,0x00000007afe00000)
 ParOldGen       total 47616K, used 16514K [0x0000000780000000, 0x0000000782e80000, 0x00000007aab00000)
  object space 47616K, 34% used [0x0000000780000000,0x0000000781020948,0x0000000782e80000)
 Metaspace       used 21090K, capacity 21331K, committed 21552K, reserved 1069056K
  class space    used 2041K, capacity 2112K, committed 2176K, reserved 1048576K
Event: 30.152 GC heap after
Heap after GC invocations=11 (full 1):
 PSYoungGen      total 68608K, used 96K [0x00000007aab00000, 0x00000007afc00000, 0x00000007c0000000)
  eden space 58368K, 0% used [0x00000007aab00000,0x00000007aab00000,0x00000007ae400000)
  from space 10240K, 0% used [0x00000007af200000,0x00000007af218000,0x00000007afc00000)
  to   space 12288K, 0% used [0x00000007ae400000,0x00000007ae400000,0x00000007af000000)
 ParOldGen       total 47616K, used 16538K [0x0000000780000000, 0x0000000782e80000, 0x00000007aab00000)
  object space 47616K, 34% used [0x0000000780000000,0x0000000781026948,0x0000000782e80000)
 Metaspace       used 21090K, capacity 21331K, committed 21552K, reserved 1069056K
  class space    used 2041K, capacity 2112K, committed 2176K, reserved 1048576K
}
Event: 35.851 GC heap before
{Heap before GC invocations=12 (full 1):
 PSYoungGen      total 68608K, used 58464K [0x00000007aab00000, 0x00000007afc00000, 0x00000007c0000000)
  eden space 58368K, 100% used [0x00000007aab00000,0x00000007ae400000,0x00000007ae400000)
  from space 10240K, 0% used [0x00000007af200000,0x00000007af218000,0x00000007afc00000)
  to   space 12288K, 0% used [0x00000007ae400000,0x00000007ae400000,0x00000007af000000)
 ParOldGen       total 47616K, used 16538K [0x0000000780000000, 0x0000000782e80000, 0x00000007aab00000)
  object space 47616K, 34% used [0x0000000780000000,0x0000000781026948,0x0000000782e80000)
 Metaspace       used 21113K, capacity 21331K, committed 21552K, reserved 1069056K
  class space    used 2041K, capacity 2112K, committed 2176K, reserved 1048576K
Event: 35.852 GC heap after
Heap after GC invocations=12 (full 1):
 PSYoungGen      total 56832K, used 96K [0x00000007aab00000, 0x00000007af900000, 0x00000007c0000000)
  eden space 56320K, 0% used [0x00000007aab00000,0x00000007aab00000,0x00000007ae200000)
  from space 512K, 18% used [0x00000007ae400000,0x00000007ae418000,0x00000007ae480000)
  to   space 11776K, 0% used [0x00000007aed80000,0x00000007aed80000,0x00000007af900000)
 ParOldGen       total 47616K, used 16538K [0x0000000780000000, 0x0000000782e80000, 0x00000007aab00000)
  object space 47616K, 34% used [0x0000000780000000,0x0000000781026948,0x0000000782e80000)
 Metaspace       used 21113K, capacity 21331K, committed 21552K, reserved 1069056K
  class space    used 2041K, capacity 2112K, committed 2176K, reserved 1048576K
}

