# JRE version: Java(TM) SE Runtime Environment (8.0_77-b03) (build 1.8.0_77-b03)
# Java VM: Java HotSpot(TM) 64-Bit Server VM (25.77-b03 mixed mode bsd-amd64 compressed oops)
Heap:
 PSYoungGen      total 130048K, used 34964K [0x00000007aab00000, 0x00000007b5180000, 0x00000007c0000000)
  eden space 118272K, 29% used [0x00000007aab00000,0x00000007acd152f0,0x00000007b1e80000)
  from space 11776K, 0% used [0x00000007b1e80000,0x00000007b1e90000,0x00000007b2a00000)
  to   space 11776K, 0% used [0x00000007b4600000,0x00000007b4600000,0x00000007b5180000)
 ParOldGen       total 45056K, used 16416K [0x0000000780000000, 0x0000000782c00000, 0x00000007aab00000)
  object space 45056K, 36% used [0x0000000780000000,0x0000000781008330,0x0000000782c00000)
 Metaspace       used 21009K, capacity 21215K, committed 21552K, reserved 1069056K
  class space    used 2040K, capacity 2112K, committed 2176K, reserved 1048576K
GC Heap History (10 events):
Event: 11.258 GC heap before
{Heap before GC invocations=6 (full 0):
 PSYoungGen      total 35328K, used 35312K [0x00000007aab00000, 0x00000007b0000000, 0x00000007c0000000)
  eden space 32768K, 100% used [0x00000007aab00000,0x00000007acb00000,0x00000007acb00000)
  from space 2560K, 99% used [0x00000007acb00000,0x00000007acd7c0e0,0x00000007acd80000)
  to   space 10752K, 0% used [0x00000007af580000,0x00000007af580000,0x00000007b0000000)
 ParOldGen       total 44032K, used 19204K [0x0000000780000000, 0x0000000782b00000, 0x00000007aab00000)
  object space 44032K, 43% used [0x0000000780000000,0x00000007812c11a8,0x0000000782b00000)
 Metaspace       used 20719K, capacity 20959K, committed 21120K, reserved 1069056K
  class space    used 2033K, capacity 2112K, committed 2176K, reserved 1048576K
Event: 11.276 GC heap after
Heap after GC invocations=6 (full 0):
 PSYoungGen      total 75776K, used 2624K [0x00000007aab00000, 0x00000007b0100000, 0x00000007c0000000)
  eden space 65024K, 0% used [0x00000007aab00000,0x00000007aab00000,0x00000007aea80000)
  from space 10752K, 24% used [0x00000007af580000,0x00000007af8100f0,0x00000007b0000000)
  to   space 11264K, 0% used [0x00000007aea80000,0x00000007aea80000,0x00000007af580000)
 ParOldGen       total 44032K, used 19204K [0x0000000780000000, 0x0000000782b00000, 0x00000007aab00000)
  object space 44032K, 43% used [0x0000000780000000,0x00000007812c11a8,0x0000000782b00000)
 Metaspace       used 20719K, capacity 20959K, committed 21120K, reserved 1069056K
  class space    used 2033K, capacity 2112K, committed 2176K, reserved 1048576K
}
Event: 13.845 GC heap before
{Heap before GC invocations=7 (full 0):
 PSYoungGen      total 75776K, used 24131K [0x00000007aab00000, 0x00000007b0100000, 0x00000007c0000000)
  eden space 65024K, 33% used [0x00000007aab00000,0x00000007ac000ca8,0x00000007aea80000)
  from space 10752K, 24% used [0x00000007af580000,0x00000007af8100f0,0x00000007b0000000)
  to   space 11264K, 0% used [0x00000007aea80000,0x00000007aea80000,0x00000007af580000)
 ParOldGen       total 44032K, used 19204K [0x0000000780000000, 0x0000000782b00000, 0x00000007aab00000)
  object space 44032K, 43% used [0x0000000780000000,0x00000007812c11a8,0x0000000782b00000)
 Metaspace       used 20902K, capacity 21087K, committed 21296K, reserved 1069056K
  class space    used 2033K, capacity 2112K, committed 2176K, reserved 1048576K
Event: 13.862 GC heap after
Heap after GC invocations=7 (full 0):
 PSYoungGen      total 76288K, used 1408K [0x00000007aab00000, 0x00000007b4000000, 0x00000007c0000000)
  eden space 65024K, 0% used [0x00000007aab00000,0x00000007aab00000,0x00000007aea80000)
  from space 11264K, 12% used [0x00000007aea80000,0x00000007aebe00d0,0x00000007af580000)
  to   space 11264K, 0% used [0x00000007b3500000,0x00000007b3500000,0x00000007b4000000)
 ParOldGen       total 44032K, used 20480K [0x0000000780000000, 0x0000000782b00000, 0x00000007aab00000)
  object space 44032K, 46% used [0x0000000780000000,0x0000000781400228,0x0000000782b00000)
 Metaspace       used 20902K, capacity 21087K, committed 21296K, reserved 1069056K
  class space    used 2033K, capacity 2112K, committed 2176K, reserved 1048576K
}
Event: 13.862 GC heap before
{Heap before GC invocations=8 (full 1):
 PSYoungGen      total 76288K, used 1408K [0x00000007aab00000, 0x00000007b4000000, 0x00000007c0000000)
  eden space 65024K, 0% used [0x00000007aab00000,0x00000007aab00000,0x00000007aea80000)
  from space 11264K, 12% used [0x00000007aea80000,0x00000007aebe00d0,0x00000007af580000)
  to   space 11264K, 0% used [0x00000007b3500000,0x00000007b3500000,0x00000007b4000000)
 ParOldGen       total 44032K, used 20480K [0x0000000780000000, 0x0000000782b00000, 0x00000007aab00000)
  object space 44032K, 46% used [0x0000000780000000,0x0000000781400228,0x0000000782b00000)
 Metaspace       used 20902K, capacity 21087K, committed 21296K, reserved 1069056K
  class space    used 2033K, capacity 2112K, committed 2176K, reserved 1048576K
Event: 13.929 GC heap after
Heap after GC invocations=8 (full 1):
 PSYoungGen      total 76288K, used 0K [0x00000007aab00000, 0x00000007b4000000, 0x00000007c0000000)
  eden space 65024K, 0% used [0x00000007aab00000,0x00000007aab00000,0x00000007aea80000)
  from space 11264K, 0% used [0x00000007aea80000,0x00000007aea80000,0x00000007af580000)
  to   space 11264K, 0% used [0x00000007b3500000,0x00000007b3500000,0x00000007b4000000)
 ParOldGen       total 45056K, used 16408K [0x0000000780000000, 0x0000000782c00000, 0x00000007aab00000)
  object space 45056K, 36% used [0x0000000780000000,0x0000000781006330,0x0000000782c00000)
 Metaspace       used 20902K, capacity 21087K, committed 21296K, reserved 1069056K
  class space    used 2033K, capacity 2112K, committed 2176K, reserved 1048576K
}
Event: 25.923 GC heap before
{Heap before GC invocations=9 (full 1):
 PSYoungGen      total 76288K, used 65024K [0x00000007aab00000, 0x00000007b4000000, 0x00000007c0000000)
  eden space 65024K, 100% used [0x00000007aab00000,0x00000007aea80000,0x00000007aea80000)
  from space 11264K, 0% used [0x00000007aea80000,0x00000007aea80000,0x00000007af580000)
  to   space 11264K, 0% used [0x00000007b3500000,0x00000007b3500000,0x00000007b4000000)
 ParOldGen       total 45056K, used 16408K [0x0000000780000000, 0x0000000782c00000, 0x00000007aab00000)
  object space 45056K, 36% used [0x0000000780000000,0x0000000781006330,0x0000000782c00000)
 Metaspace       used 20980K, capacity 21215K, committed 21552K, reserved 1069056K
  class space    used 2033K, capacity 2112K, committed 2176K, reserved 1048576K
Event: 25.925 GC heap after
Heap after GC invocations=9 (full 1):
 PSYoungGen      total 108544K, used 96K [0x00000007aab00000, 0x00000007b3580000, 0x00000007c0000000)
  eden space 108032K, 0% used [0x00000007aab00000,0x00000007aab00000,0x00000007b1480000)
  from space 512K, 18% used [0x00000007b3500000,0x00000007b3518000,0x00000007b3580000)
  to   space 11776K, 0% used [0x00000007b1e80000,0x00000007b1e80000,0x00000007b2a00000)
 ParOldGen       total 45056K, used 16416K [0x0000000780000000, 0x0000000782c00000, 0x00000007aab00000)
  object space 45056K, 36% used [0x0000000780000000,0x0000000781008330,0x0000000782c00000)
 Metaspace       used 20980K, capacity 21215K, committed 21552K, reserved 1069056K
  class space    used 2033K, capacity 2112K, committed 2176K, reserved 1048576K
}
Event: 48.357 GC heap before
{Heap before GC invocations=10 (full 1):
 PSYoungGen      total 108544K, used 108128K [0x00000007aab00000, 0x00000007b3580000, 0x00000007c0000000)
  eden space 108032K, 100% used [0x00000007aab00000,0x00000007b1480000,0x00000007b1480000)
  from space 512K, 18% used [0x00000007b3500000,0x00000007b3518000,0x00000007b3580000)
  to   space 11776K, 0% used [0x00000007b1e80000,0x00000007b1e80000,0x00000007b2a00000)
 ParOldGen       total 45056K, used 16416K [0x0000000780000000, 0x0000000782c00000, 0x00000007aab00000)
  object space 45056K, 36% used [0x0000000780000000,0x0000000781008330,0x0000000782c00000)
 Metaspace       used 20980K, capacity 21215K, committed 21552K, reserved 1069056K
  class space    used 2033K, capacity 2112K, committed 2176K, reserved 1048576K
Event: 48.363 GC heap after
Heap after GC invocations=10 (full 1):
 PSYoungGen      total 130048K, used 64K [0x00000007aab00000, 0x00000007b5180000, 0x00000007c0000000)
  eden space 118272K, 0% used [0x00000007aab00000,0x00000007aab00000,0x00000007b1e80000)
  from space 11776K, 0% used [0x00000007b1e80000,0x00000007b1e90000,0x00000007b2a00000)
  to   space 11776K, 0% used [0x00000007b4600000,0x00000007b4600000,0x00000007b5180000)
 ParOldGen       total 45056K, used 16416K [0x0000000780000000, 0x0000000782c00000, 0x00000007aab00000)
  object space 45056K, 36% used [0x0000000780000000,0x0000000781008330,0x0000000782c00000)
 Metaspace       used 20980K, capacity 21215K, committed 21552K, reserved 1069056K
  class space    used 2033K, capacity 2112K, committed 2176K, reserved 1048576K
}

