# JRE version: Java(TM) SE Runtime Environment (8.0_77-b03) (build 1.8.0_77-b03)
# Java VM: Java HotSpot(TM) 64-Bit Server VM (25.77-b03 mixed mode bsd-amd64 compressed oops)
Heap:
 PSYoungGen      total 119808K, used 34483K [0x00000007aab00000, 0x00000007b3a80000, 0x00000007c0000000)
  eden space 94720K, 17% used [0x00000007aab00000,0x00000007abb6bd70,0x00000007b0780000)
  from space 25088K, 70% used [0x00000007b2200000,0x00000007b3341038,0x00000007b3a80000)
  to   space 26112K, 0% used [0x00000007b0780000,0x00000007b0780000,0x00000007b2100000)
 ParOldGen       total 97792K, used 45376K [0x0000000780000000, 0x0000000785f80000, 0x00000007aab00000)
  object space 97792K, 46% used [0x0000000780000000,0x0000000782c50108,0x0000000785f80000)
 Metaspace       used 21093K, capacity 21339K, committed 21632K, reserved 1069056K
  class space    used 2042K, capacity 2112K, committed 2176K, reserved 1048576K
GC Heap History (10 events):
Event: 40.272 GC heap before
{Heap before GC invocations=17 (full 1):
 PSYoungGen      total 114176K, used 103140K [0x00000007aab00000, 0x00000007b3b80000, 0x00000007c0000000)
  eden space 85504K, 100% used [0x00000007aab00000,0x00000007afe80000,0x00000007afe80000)
  from space 28672K, 61% used [0x00000007afe80000,0x00000007b0fb9038,0x00000007b1a80000)
  to   space 28672K, 0% used [0x00000007b1f80000,0x00000007b1f80000,0x00000007b3b80000)
 ParOldGen       total 97792K, used 45376K [0x0000000780000000, 0x0000000785f80000, 0x00000007aab00000)
  object space 97792K, 46% used [0x0000000780000000,0x0000000782c50108,0x0000000785f80000)
 Metaspace       used 20940K, capacity 21147K, committed 21376K, reserved 1069056K
  class space    used 2035K, capacity 2112K, committed 2176K, reserved 1048576K
Event: 40.283 GC heap after
Heap after GC invocations=17 (full 1):
 PSYoungGen      total 117248K, used 17620K [0x00000007aab00000, 0x00000007b3a00000, 0x00000007c0000000)
  eden space 90112K, 0% used [0x00000007aab00000,0x00000007aab00000,0x00000007b0300000)
  from space 27136K, 64% used [0x00000007b1f80000,0x00000007b30b5048,0x00000007b3a00000)
  to   space 28160K, 0% used [0x00000007b0300000,0x00000007b0300000,0x00000007b1e80000)
 ParOldGen       total 97792K, used 45376K [0x0000000780000000, 0x0000000785f80000, 0x00000007aab00000)
  object space 97792K, 46% used [0x0000000780000000,0x0000000782c50108,0x0000000785f80000)
 Metaspace       used 20940K, capacity 21147K, committed 21376K, reserved 1069056K
  class space    used 2035K, capacity 2112K, committed 2176K, reserved 1048576K
}
Event: 44.870 GC heap before
{Heap before GC invocations=18 (full 1):
 PSYoungGen      total 117248K, used 107732K [0x00000007aab00000, 0x00000007b3a00000, 0x00000007c0000000)
  eden space 90112K, 100% used [0x00000007aab00000,0x00000007b0300000,0x00000007b0300000)
  from space 27136K, 64% used [0x00000007b1f80000,0x00000007b30b5048,0x00000007b3a00000)
  to   space 28160K, 0% used [0x00000007b0300000,0x00000007b0300000,0x00000007b1e80000)
 ParOldGen       total 97792K, used 45376K [0x0000000780000000, 0x0000000785f80000, 0x00000007aab00000)
  object space 97792K, 46% used [0x0000000780000000,0x0000000782c50108,0x0000000785f80000)
 Metaspace       used 20947K, capacity 21147K, committed 21376K, reserved 1069056K
  class space    used 2035K, capacity 2112K, committed 2176K, reserved 1048576K
Event: 44.879 GC heap after
Heap after GC invocations=18 (full 1):
 PSYoungGen      total 118272K, used 17604K [0x00000007aab00000, 0x00000007b3c00000, 0x00000007c0000000)
  eden space 90112K, 0% used [0x00000007aab00000,0x00000007aab00000,0x00000007b0300000)
  from space 28160K, 62% used [0x00000007b0300000,0x00000007b1431038,0x00000007b1e80000)
  to   space 27648K, 0% used [0x00000007b2100000,0x00000007b2100000,0x00000007b3c00000)
 ParOldGen       total 97792K, used 45376K [0x0000000780000000, 0x0000000785f80000, 0x00000007aab00000)
  object space 97792K, 46% used [0x0000000780000000,0x0000000782c50108,0x0000000785f80000)
 Metaspace       used 20947K, capacity 21147K, committed 21376K, reserved 1069056K
  class space    used 2035K, capacity 2112K, committed 2176K, reserved 1048576K
}
Event: 49.427 GC heap before
{Heap before GC invocations=19 (full 1):
 PSYoungGen      total 118272K, used 107716K [0x00000007aab00000, 0x00000007b3c00000, 0x00000007c0000000)
  eden space 90112K, 100% used [0x00000007aab00000,0x00000007b0300000,0x00000007b0300000)
  from space 28160K, 62% used [0x00000007b0300000,0x00000007b1431038,0x00000007b1e80000)
  to   space 27648K, 0% used [0x00000007b2100000,0x00000007b2100000,0x00000007b3c00000)
 ParOldGen       total 97792K, used 45376K [0x0000000780000000, 0x0000000785f80000, 0x00000007aab00000)
  object space 97792K, 46% used [0x0000000780000000,0x0000000782c50108,0x0000000785f80000)
 Metaspace       used 21005K, capacity 21211K, committed 21376K, reserved 1069056K
  class space    used 2035K, capacity 2112K, committed 2176K, reserved 1048576K
Event: 49.437 GC heap after
Heap after GC invocations=19 (full 1):
 PSYoungGen      total 118784K, used 17636K [0x00000007aab00000, 0x00000007b3a80000, 0x00000007c0000000)
  eden space 92672K, 0% used [0x00000007aab00000,0x00000007aab00000,0x00000007b0580000)
  from space 26112K, 67% used [0x00000007b2100000,0x00000007b3239038,0x00000007b3a80000)
  to   space 27136K, 0% used [0x00000007b0580000,0x00000007b0580000,0x00000007b2000000)
 ParOldGen       total 97792K, used 45376K [0x0000000780000000, 0x0000000785f80000, 0x00000007aab00000)
  object space 97792K, 46% used [0x0000000780000000,0x0000000782c50108,0x0000000785f80000)
 Metaspace       used 21005K, capacity 21211K, committed 21376K, reserved 1069056K
  class space    used 2035K, capacity 2112K, committed 2176K, reserved 1048576K
}
Event: 54.170 GC heap before
{Heap before GC invocations=20 (full 1):
 PSYoungGen      total 118784K, used 110308K [0x00000007aab00000, 0x00000007b3a80000, 0x00000007c0000000)
  eden space 92672K, 100% used [0x00000007aab00000,0x00000007b0580000,0x00000007b0580000)
  from space 26112K, 67% used [0x00000007b2100000,0x00000007b3239038,0x00000007b3a80000)
  to   space 27136K, 0% used [0x00000007b0580000,0x00000007b0580000,0x00000007b2000000)
 ParOldGen       total 97792K, used 45376K [0x0000000780000000, 0x0000000785f80000, 0x00000007aab00000)
  object space 97792K, 46% used [0x0000000780000000,0x0000000782c50108,0x0000000785f80000)
 Metaspace       used 21005K, capacity 21211K, committed 21376K, reserved 1069056K
  class space    used 2035K, capacity 2112K, committed 2176K, reserved 1048576K
Event: 54.184 GC heap after
Heap after GC invocations=20 (full 1):
 PSYoungGen      total 119808K, used 17620K [0x00000007aab00000, 0x00000007b3c00000, 0x00000007c0000000)
  eden space 92672K, 0% used [0x00000007aab00000,0x00000007aab00000,0x00000007b0580000)
  from space 27136K, 64% used [0x00000007b0580000,0x00000007b16b5028,0x00000007b2000000)
  to   space 26624K, 0% used [0x00000007b2200000,0x00000007b2200000,0x00000007b3c00000)
 ParOldGen       total 97792K, used 45376K [0x0000000780000000, 0x0000000785f80000, 0x00000007aab00000)
  object space 97792K, 46% used [0x0000000780000000,0x0000000782c50108,0x0000000785f80000)
 Metaspace       used 21005K, capacity 21211K, committed 21376K, reserved 1069056K
  class space    used 2035K, capacity 2112K, committed 2176K, reserved 1048576K
}
Event: 59.143 GC heap before
{Heap before GC invocations=21 (full 1):
 PSYoungGen      total 119808K, used 110292K [0x00000007aab00000, 0x00000007b3c00000, 0x00000007c0000000)
  eden space 92672K, 100% used [0x00000007aab00000,0x00000007b0580000,0x00000007b0580000)
  from space 27136K, 64% used [0x00000007b0580000,0x00000007b16b5028,0x00000007b2000000)
  to   space 26624K, 0% used [0x00000007b2200000,0x00000007b2200000,0x00000007b3c00000)
 ParOldGen       total 97792K, used 45376K [0x0000000780000000, 0x0000000785f80000, 0x00000007aab00000)
  object space 97792K, 46% used [0x0000000780000000,0x0000000782c50108,0x0000000785f80000)
 Metaspace       used 21064K, capacity 21275K, committed 21632K, reserved 1069056K
  class space    used 2035K, capacity 2112K, committed 2176K, reserved 1048576K
Event: 59.153 GC heap after
Heap after GC invocations=21 (full 1):
 PSYoungGen      total 119808K, used 17668K [0x00000007aab00000, 0x00000007b3a80000, 0x00000007c0000000)
  eden space 94720K, 0% used [0x00000007aab00000,0x00000007aab00000,0x00000007b0780000)
  from space 25088K, 70% used [0x00000007b2200000,0x00000007b3341038,0x00000007b3a80000)
  to   space 26112K, 0% used [0x00000007b0780000,0x00000007b0780000,0x00000007b2100000)
 ParOldGen       total 97792K, used 45376K [0x0000000780000000, 0x0000000785f80000, 0x00000007aab00000)
  object space 97792K, 46% used [0x0000000780000000,0x0000000782c50108,0x0000000785f80000)
 Metaspace       used 21064K, capacity 21275K, committed 21632K, reserved 1069056K
  class space    used 2035K, capacity 2112K, committed 2176K, reserved 1048576K
}

