# JRE version: Java(TM) SE Runtime Environment (8.0_77-b03) (build 1.8.0_77-b03)
# Java VM: Java HotSpot(TM) 64-Bit Server VM (25.77-b03 mixed mode bsd-amd64 compressed oops)
Heap:
 PSYoungGen      total 59904K, used 50370K [0x00000007aab00000, 0x00000007af200000, 0x00000007c0000000)
  eden space 51200K, 98% used [0x00000007aab00000,0x00000007adc10ac8,0x00000007add00000)
  from space 8704K, 1% used [0x00000007ae980000,0x00000007ae9a0000,0x00000007af200000)
  to   space 10752K, 0% used [0x00000007add00000,0x00000007add00000,0x00000007ae780000)
 ParOldGen       total 46592K, used 16526K [0x0000000780000000, 0x0000000782d80000, 0x00000007aab00000)
  object space 46592K, 35% used [0x0000000780000000,0x0000000781023a18,0x0000000782d80000)
 Metaspace       used 21206K, capacity 21407K, committed 21808K, reserved 1069056K
  class space    used 2043K, capacity 2112K, committed 2176K, reserved 1048576K
GC Heap History (10 events):
Event: 28.932 GC heap before
{Heap before GC invocations=11 (full 1):
 PSYoungGen      total 60416K, used 60000K [0x00000007aab00000, 0x00000007afb80000, 0x00000007c0000000)
  eden space 59904K, 100% used [0x00000007aab00000,0x00000007ae580000,0x00000007ae580000)
  from space 512K, 18% used [0x00000007ae780000,0x00000007ae798000,0x00000007ae800000)
  to   space 11264K, 0% used [0x00000007af080000,0x00000007af080000,0x00000007afb80000)
 ParOldGen       total 46592K, used 16478K [0x0000000780000000, 0x0000000782d80000, 0x00000007aab00000)
  object space 46592K, 35% used [0x0000000780000000,0x0000000781017a18,0x0000000782d80000)
 Metaspace       used 21021K, capacity 21215K, committed 21552K, reserved 1069056K
  class space    used 2035K, capacity 2112K, committed 2176K, reserved 1048576K
Event: 28.933 GC heap after
Heap after GC invocations=11 (full 1):
 PSYoungGen      total 67072K, used 96K [0x00000007aab00000, 0x00000007af980000, 0x00000007c0000000)
  eden space 57856K, 0% used [0x00000007aab00000,0x00000007aab00000,0x00000007ae380000)
  from space 9216K, 1% used [0x00000007af080000,0x00000007af098000,0x00000007af980000)
  to   space 11264K, 0% used [0x00000007ae380000,0x00000007ae380000,0x00000007aee80000)
 ParOldGen       total 46592K, used 16494K [0x0000000780000000, 0x0000000782d80000, 0x00000007aab00000)
  object space 46592K, 35% used [0x0000000780000000,0x000000078101ba18,0x0000000782d80000)
 Metaspace       used 21021K, capacity 21215K, committed 21552K, reserved 1069056K
  class space    used 2035K, capacity 2112K, committed 2176K, reserved 1048576K
}
Event: 34.409 GC heap before
{Heap before GC invocations=12 (full 1):
 PSYoungGen      total 67072K, used 57952K [0x00000007aab00000, 0x00000007af980000, 0x00000007c0000000)
  eden space 57856K, 100% used [0x00000007aab00000,0x00000007ae380000,0x00000007ae380000)
  from space 9216K, 1% used [0x00000007af080000,0x00000007af098000,0x00000007af980000)
  to   space 11264K, 0% used [0x00000007ae380000,0x00000007ae380000,0x00000007aee80000)
 ParOldGen       total 46592K, used 16494K [0x0000000780000000, 0x0000000782d80000, 0x00000007aab00000)
  object space 46592K, 35% used [0x0000000780000000,0x000000078101ba18,0x0000000782d80000)
 Metaspace       used 21034K, capacity 21279K, committed 21552K, reserved 1069056K
  class space    used 2035K, capacity 2112K, committed 2176K, reserved 1048576K
Event: 34.410 GC heap after
Heap after GC invocations=12 (full 1):
 PSYoungGen      total 56320K, used 96K [0x00000007aab00000, 0x00000007af780000, 0x00000007c0000000)
  eden space 55808K, 0% used [0x00000007aab00000,0x00000007aab00000,0x00000007ae180000)
  from space 512K, 18% used [0x00000007ae380000,0x00000007ae398000,0x00000007ae400000)
  to   space 11264K, 0% used [0x00000007aec80000,0x00000007aec80000,0x00000007af780000)
 ParOldGen       total 46592K, used 16502K [0x0000000780000000, 0x0000000782d80000, 0x00000007aab00000)
  object space 46592K, 35% used [0x0000000780000000,0x000000078101da18,0x0000000782d80000)
 Metaspace       used 21034K, capacity 21279K, committed 21552K, reserved 1069056K
  class space    used 2035K, capacity 2112K, committed 2176K, reserved 1048576K
}
Event: 39.509 GC heap before
{Heap before GC invocations=13 (full 1):
 PSYoungGen      total 56320K, used 55904K [0x00000007aab00000, 0x00000007af780000, 0x00000007c0000000)
  eden space 55808K, 100% used [0x00000007aab00000,0x00000007ae180000,0x00000007ae180000)
  from space 512K, 18% used [0x00000007ae380000,0x00000007ae398000,0x00000007ae400000)
  to   space 11264K, 0% used [0x00000007aec80000,0x00000007aec80000,0x00000007af780000)
 ParOldGen       total 46592K, used 16502K [0x0000000780000000, 0x0000000782d80000, 0x00000007aab00000)
  object space 46592K, 35% used [0x0000000780000000,0x000000078101da18,0x0000000782d80000)
 Metaspace       used 21123K, capacity 21343K, committed 21552K, reserved 1069056K
  class space    used 2035K, capacity 2112K, committed 2176K, reserved 1048576K
Event: 39.511 GC heap after
Heap after GC invocations=13 (full 1):
 PSYoungGen      total 64000K, used 128K [0x00000007aab00000, 0x00000007af600000, 0x00000007c0000000)
  eden space 54272K, 0% used [0x00000007aab00000,0x00000007aab00000,0x00000007ae000000)
  from space 9728K, 1% used [0x00000007aec80000,0x00000007aeca0000,0x00000007af600000)
  to   space 11264K, 0% used [0x00000007ae000000,0x00000007ae000000,0x00000007aeb00000)
 ParOldGen       total 46592K, used 16510K [0x0000000780000000, 0x0000000782d80000, 0x00000007aab00000)
  object space 46592K, 35% used [0x0000000780000000,0x000000078101fa18,0x0000000782d80000)
 Metaspace       used 21123K, capacity 21343K, committed 21552K, reserved 1069056K
  class space    used 2035K, capacity 2112K, committed 2176K, reserved 1048576K
}
Event: 44.819 GC heap before
{Heap before GC invocations=14 (full 1):
 PSYoungGen      total 64000K, used 54400K [0x00000007aab00000, 0x00000007af600000, 0x00000007c0000000)
  eden space 54272K, 100% used [0x00000007aab00000,0x00000007ae000000,0x00000007ae000000)
  from space 9728K, 1% used [0x00000007aec80000,0x00000007aeca0000,0x00000007af600000)
  to   space 11264K, 0% used [0x00000007ae000000,0x00000007ae000000,0x00000007aeb00000)
 ParOldGen       total 46592K, used 16510K [0x0000000780000000, 0x0000000782d80000, 0x00000007aab00000)
  object space 46592K, 35% used [0x0000000780000000,0x000000078101fa18,0x0000000782d80000)
 Metaspace       used 21125K, capacity 21343K, committed 21552K, reserved 1069056K
  class space    used 2035K, capacity 2112K, committed 2176K, reserved 1048576K
Event: 44.821 GC heap after
Heap after GC invocations=14 (full 1):
 PSYoungGen      total 53248K, used 128K [0x00000007aab00000, 0x00000007af480000, 0x00000007c0000000)
  eden space 52736K, 0% used [0x00000007aab00000,0x00000007aab00000,0x00000007ade80000)
  from space 512K, 25% used [0x00000007ae000000,0x00000007ae020000,0x00000007ae080000)
  to   space 11264K, 0% used [0x00000007ae980000,0x00000007ae980000,0x00000007af480000)
 ParOldGen       total 46592K, used 16518K [0x0000000780000000, 0x0000000782d80000, 0x00000007aab00000)
  object space 46592K, 35% used [0x0000000780000000,0x0000000781021a18,0x0000000782d80000)
 Metaspace       used 21125K, capacity 21343K, committed 21552K, reserved 1069056K
  class space    used 2035K, capacity 2112K, committed 2176K, reserved 1048576K
}
Event: 49.711 GC heap before
{Heap before GC invocations=15 (full 1):
 PSYoungGen      total 53248K, used 52864K [0x00000007aab00000, 0x00000007af480000, 0x00000007c0000000)
  eden space 52736K, 100% used [0x00000007aab00000,0x00000007ade80000,0x00000007ade80000)
  from space 512K, 25% used [0x00000007ae000000,0x00000007ae020000,0x00000007ae080000)
  to   space 11264K, 0% used [0x00000007ae980000,0x00000007ae980000,0x00000007af480000)
 ParOldGen       total 46592K, used 16518K [0x0000000780000000, 0x0000000782d80000, 0x00000007aab00000)
  object space 46592K, 35% used [0x0000000780000000,0x0000000781021a18,0x0000000782d80000)
 Metaspace       used 21152K, capacity 21407K, committed 21808K, reserved 1069056K
  class space    used 2035K, capacity 2112K, committed 2176K, reserved 1048576K
Event: 49.713 GC heap after
Heap after GC invocations=15 (full 1):
 PSYoungGen      total 59904K, used 128K [0x00000007aab00000, 0x00000007af200000, 0x00000007c0000000)
  eden space 51200K, 0% used [0x00000007aab00000,0x00000007aab00000,0x00000007add00000)
  from space 8704K, 1% used [0x00000007ae980000,0x00000007ae9a0000,0x00000007af200000)
  to   space 10752K, 0% used [0x00000007add00000,0x00000007add00000,0x00000007ae780000)
 ParOldGen       total 46592K, used 16526K [0x0000000780000000, 0x0000000782d80000, 0x00000007aab00000)
  object space 46592K, 35% used [0x0000000780000000,0x0000000781023a18,0x0000000782d80000)
 Metaspace       used 21152K, capacity 21407K, committed 21808K, reserved 1069056K
  class space    used 2035K, capacity 2112K, committed 2176K, reserved 1048576K
}

