# JRE version: Java(TM) SE Runtime Environment (8.0_77-b03) (build 1.8.0_77-b03)
# Java VM: Java HotSpot(TM) 64-Bit Server VM (25.77-b03 mixed mode bsd-amd64 compressed oops)
Heap:
 PSYoungGen      total 30720K, used 10526K [0x00000007aab00000, 0x00000007acd80000, 0x00000007c0000000)
  eden space 28160K, 37% used [0x00000007aab00000,0x00000007ab537880,0x00000007ac680000)
  from space 2560K, 2% used [0x00000007acb00000,0x00000007acb10000,0x00000007acd80000)
  to   space 3584K, 0% used [0x00000007ac680000,0x00000007ac680000,0x00000007aca00000)
 ParOldGen       total 46592K, used 16614K [0x0000000780000000, 0x0000000782d80000, 0x00000007aab00000)
  object space 46592K, 35% used [0x0000000780000000,0x00000007810399e8,0x0000000782d80000)
 Metaspace       used 21082K, capacity 21279K, committed 21552K, reserved 1069056K
  class space    used 2043K, capacity 2112K, committed 2176K, reserved 1048576K
GC Heap History (10 events):
Event: 170.882 GC heap before
{Heap before GC invocations=29 (full 1):
 PSYoungGen      total 31232K, used 30784K [0x00000007aab00000, 0x00000007ad300000, 0x00000007c0000000)
  eden space 30720K, 100% used [0x00000007aab00000,0x00000007ac900000,0x00000007ac900000)
  from space 512K, 12% used [0x00000007ac980000,0x00000007ac990000,0x00000007aca00000)
  to   space 5120K, 0% used [0x00000007ace00000,0x00000007ace00000,0x00000007ad300000)
 ParOldGen       total 46592K, used 16574K [0x0000000780000000, 0x0000000782d80000, 0x00000007aab00000)
  object space 46592K, 35% used [0x0000000780000000,0x000000078102f9e8,0x0000000782d80000)
 Metaspace       used 21053K, capacity 21279K, committed 21552K, reserved 1069056K
  class space    used 2037K, capacity 2112K, committed 2176K, reserved 1048576K
Event: 170.890 GC heap after
Heap after GC invocations=29 (full 1):
 PSYoungGen      total 34816K, used 32K [0x00000007aab00000, 0x00000007ad280000, 0x00000007c0000000)
  eden space 30208K, 0% used [0x00000007aab00000,0x00000007aab00000,0x00000007ac880000)
  from space 4608K, 0% used [0x00000007ace00000,0x00000007ace08000,0x00000007ad280000)
  to   space 5120K, 0% used [0x00000007ac880000,0x00000007ac880000,0x00000007acd80000)
 ParOldGen       total 46592K, used 16582K [0x0000000780000000, 0x0000000782d80000, 0x00000007aab00000)
  object space 46592K, 35% used [0x0000000780000000,0x00000007810319e8,0x0000000782d80000)
 Metaspace       used 21053K, capacity 21279K, committed 21552K, reserved 1069056K
  class space    used 2037K, capacity 2112K, committed 2176K, reserved 1048576K
}
Event: 177.746 GC heap before
{Heap before GC invocations=30 (full 1):
 PSYoungGen      total 34816K, used 30240K [0x00000007aab00000, 0x00000007ad280000, 0x00000007c0000000)
  eden space 30208K, 100% used [0x00000007aab00000,0x00000007ac880000,0x00000007ac880000)
  from space 4608K, 0% used [0x00000007ace00000,0x00000007ace08000,0x00000007ad280000)
  to   space 5120K, 0% used [0x00000007ac880000,0x00000007ac880000,0x00000007acd80000)
 ParOldGen       total 46592K, used 16582K [0x0000000780000000, 0x0000000782d80000, 0x00000007aab00000)
  object space 46592K, 35% used [0x0000000780000000,0x00000007810319e8,0x0000000782d80000)
 Metaspace       used 21053K, capacity 21279K, committed 21552K, reserved 1069056K
  class space    used 2037K, capacity 2112K, committed 2176K, reserved 1048576K
Event: 177.749 GC heap after
Heap after GC invocations=30 (full 1):
 PSYoungGen      total 30208K, used 96K [0x00000007aab00000, 0x00000007ad100000, 0x00000007c0000000)
  eden space 29696K, 0% used [0x00000007aab00000,0x00000007aab00000,0x00000007ac800000)
  from space 512K, 18% used [0x00000007ac880000,0x00000007ac898000,0x00000007ac900000)
  to   space 4608K, 0% used [0x00000007acc80000,0x00000007acc80000,0x00000007ad100000)
 ParOldGen       total 46592K, used 16582K [0x0000000780000000, 0x0000000782d80000, 0x00000007aab00000)
  object space 46592K, 35% used [0x0000000780000000,0x00000007810319e8,0x0000000782d80000)
 Metaspace       used 21053K, capacity 21279K, committed 21552K, reserved 1069056K
  class space    used 2037K, capacity 2112K, committed 2176K, reserved 1048576K
}
Event: 184.084 GC heap before
{Heap before GC invocations=31 (full 1):
 PSYoungGen      total 30208K, used 29792K [0x00000007aab00000, 0x00000007ad100000, 0x00000007c0000000)
  eden space 29696K, 100% used [0x00000007aab00000,0x00000007ac800000,0x00000007ac800000)
  from space 512K, 18% used [0x00000007ac880000,0x00000007ac898000,0x00000007ac900000)
  to   space 4608K, 0% used [0x00000007acc80000,0x00000007acc80000,0x00000007ad100000)
 ParOldGen       total 46592K, used 16582K [0x0000000780000000, 0x0000000782d80000, 0x00000007aab00000)
  object space 46592K, 35% used [0x0000000780000000,0x00000007810319e8,0x0000000782d80000)
 Metaspace       used 21053K, capacity 21279K, committed 21552K, reserved 1069056K
  class space    used 2037K, capacity 2112K, committed 2176K, reserved 1048576K
Event: 184.095 GC heap after
Heap after GC invocations=31 (full 1):
 PSYoungGen      total 32256K, used 96K [0x00000007aab00000, 0x00000007acf80000, 0x00000007c0000000)
  eden space 29184K, 0% used [0x00000007aab00000,0x00000007aab00000,0x00000007ac780000)
  from space 3072K, 3% used [0x00000007acc80000,0x00000007acc98000,0x00000007acf80000)
  to   space 4096K, 0% used [0x00000007ac780000,0x00000007ac780000,0x00000007acb80000)
 ParOldGen       total 46592K, used 16590K [0x0000000780000000, 0x0000000782d80000, 0x00000007aab00000)
  object space 46592K, 35% used [0x0000000780000000,0x00000007810339e8,0x0000000782d80000)
 Metaspace       used 21053K, capacity 21279K, committed 21552K, reserved 1069056K
  class space    used 2037K, capacity 2112K, committed 2176K, reserved 1048576K
}
Event: 190.213 GC heap before
{Heap before GC invocations=32 (full 1):
 PSYoungGen      total 32256K, used 29280K [0x00000007aab00000, 0x00000007acf80000, 0x00000007c0000000)
  eden space 29184K, 100% used [0x00000007aab00000,0x00000007ac780000,0x00000007ac780000)
  from space 3072K, 3% used [0x00000007acc80000,0x00000007acc98000,0x00000007acf80000)
  to   space 4096K, 0% used [0x00000007ac780000,0x00000007ac780000,0x00000007acb80000)
 ParOldGen       total 46592K, used 16590K [0x0000000780000000, 0x0000000782d80000, 0x00000007aab00000)
  object space 46592K, 35% used [0x0000000780000000,0x00000007810339e8,0x0000000782d80000)
 Metaspace       used 21053K, capacity 21279K, committed 21552K, reserved 1069056K
  class space    used 2037K, capacity 2112K, committed 2176K, reserved 1048576K
Event: 190.226 GC heap after
Heap after GC invocations=32 (full 1):
 PSYoungGen      total 29184K, used 64K [0x00000007aab00000, 0x00000007acf00000, 0x00000007c0000000)
  eden space 28672K, 0% used [0x00000007aab00000,0x00000007aab00000,0x00000007ac700000)
  from space 512K, 12% used [0x00000007ac780000,0x00000007ac790000,0x00000007ac800000)
  to   space 4096K, 0% used [0x00000007acb00000,0x00000007acb00000,0x00000007acf00000)
 ParOldGen       total 46592K, used 16598K [0x0000000780000000, 0x0000000782d80000, 0x00000007aab00000)
  object space 46592K, 35% used [0x0000000780000000,0x00000007810359e8,0x0000000782d80000)
 Metaspace       used 21053K, capacity 21279K, committed 21552K, reserved 1069056K
  class space    used 2037K, capacity 2112K, committed 2176K, reserved 1048576K
}
Event: 196.614 GC heap before
{Heap before GC invocations=33 (full 1):
 PSYoungGen      total 29184K, used 28736K [0x00000007aab00000, 0x00000007acf00000, 0x00000007c0000000)
  eden space 28672K, 100% used [0x00000007aab00000,0x00000007ac700000,0x00000007ac700000)
  from space 512K, 12% used [0x00000007ac780000,0x00000007ac790000,0x00000007ac800000)
  to   space 4096K, 0% used [0x00000007acb00000,0x00000007acb00000,0x00000007acf00000)
 ParOldGen       total 46592K, used 16598K [0x0000000780000000, 0x0000000782d80000, 0x00000007aab00000)
  object space 46592K, 35% used [0x0000000780000000,0x00000007810359e8,0x0000000782d80000)
 Metaspace       used 21053K, capacity 21279K, committed 21552K, reserved 1069056K
  class space    used 2037K, capacity 2112K, committed 2176K, reserved 1048576K
Event: 196.627 GC heap after
Heap after GC invocations=33 (full 1):
 PSYoungGen      total 30720K, used 64K [0x00000007aab00000, 0x00000007acd80000, 0x00000007c0000000)
  eden space 28160K, 0% used [0x00000007aab00000,0x00000007aab00000,0x00000007ac680000)
  from space 2560K, 2% used [0x00000007acb00000,0x00000007acb10000,0x00000007acd80000)
  to   space 3584K, 0% used [0x00000007ac680000,0x00000007ac680000,0x00000007aca00000)
 ParOldGen       total 46592K, used 16614K [0x0000000780000000, 0x0000000782d80000, 0x00000007aab00000)
  object space 46592K, 35% used [0x0000000780000000,0x00000007810399e8,0x0000000782d80000)
 Metaspace       used 21053K, capacity 21279K, committed 21552K, reserved 1069056K
  class space    used 2037K, capacity 2112K, committed 2176K, reserved 1048576K
}

